mode: set
github.com/InsideGallery/pomodoro/internal/core/systems.go:12.28,16.2 1 1
github.com/InsideGallery/pomodoro/internal/core/systems.go:19.51,25.2 4 1
github.com/InsideGallery/pomodoro/internal/core/systems.go:28.39,32.28 3 1
github.com/InsideGallery/pomodoro/internal/core/systems.go:32.28,33.16 1 1
github.com/InsideGallery/pomodoro/internal/core/systems.go:33.16,36.9 2 1
github.com/InsideGallery/pomodoro/internal/core/systems.go:40.2,40.22 1 1
github.com/InsideGallery/pomodoro/internal/core/systems.go:44.34,49.31 4 1
github.com/InsideGallery/pomodoro/internal/core/systems.go:49.31,51.3 1 1
github.com/InsideGallery/pomodoro/internal/core/systems.go:53.2,53.15 1 1
github.com/InsideGallery/pomodoro/internal/core/systems.go:57.27,63.2 4 1
github.com/InsideGallery/pomodoro/internal/module/module.go:18.44,20.2 1 1
github.com/InsideGallery/pomodoro/internal/module/module.go:22.39,25.2 2 1
github.com/InsideGallery/pomodoro/internal/module/module.go:27.39,29.2 1 1
github.com/InsideGallery/pomodoro/internal/module/module.go:31.43,32.30 1 1
github.com/InsideGallery/pomodoro/internal/module/module.go:32.30,33.19 1 1
github.com/InsideGallery/pomodoro/internal/module/module.go:33.19,35.4 1 1
github.com/InsideGallery/pomodoro/internal/module/module.go:38.2,38.12 1 1
github.com/InsideGallery/pomodoro/internal/event/bus.go:12.20,16.2 1 1
github.com/InsideGallery/pomodoro/internal/event/bus.go:18.44,23.2 3 1
github.com/InsideGallery/pomodoro/internal/event/bus.go:25.32,31.29 5 1
github.com/InsideGallery/pomodoro/internal/event/bus.go:31.29,33.3 1 1
github.com/InsideGallery/pomodoro/internal/event/types.go:21.31,22.11 1 1
github.com/InsideGallery/pomodoro/internal/event/types.go:23.20,24.24 1 1
github.com/InsideGallery/pomodoro/internal/event/types.go:25.22,26.26 1 1
github.com/InsideGallery/pomodoro/internal/event/types.go:27.20,28.24 1 1
github.com/InsideGallery/pomodoro/internal/event/types.go:29.22,30.26 1 1
github.com/InsideGallery/pomodoro/internal/event/types.go:31.24,32.28 1 1
github.com/InsideGallery/pomodoro/internal/event/types.go:33.26,34.30 1 1
github.com/InsideGallery/pomodoro/internal/event/types.go:35.14,36.18 1 1
github.com/InsideGallery/pomodoro/internal/event/types.go:37.15,38.19 1 1
github.com/InsideGallery/pomodoro/internal/event/types.go:39.13,40.17 1 1
github.com/InsideGallery/pomodoro/internal/event/types.go:41.12,42.16 1 1
github.com/InsideGallery/pomodoro/internal/event/types.go:43.21,44.25 1 0
github.com/InsideGallery/pomodoro/internal/event/types.go:45.10,46.19 1 1
github.com/InsideGallery/pomodoro/internal/config/config.go:26.47,26.101 1 1
github.com/InsideGallery/pomodoro/internal/config/config.go:27.47,27.101 1 1
github.com/InsideGallery/pomodoro/internal/config/config.go:28.51,30.2 1 1
github.com/InsideGallery/pomodoro/internal/config/config.go:32.23,45.2 1 1
github.com/InsideGallery/pomodoro/internal/config/config.go:47.34,49.16 2 1
github.com/InsideGallery/pomodoro/internal/config/config.go:49.16,51.3 1 0
github.com/InsideGallery/pomodoro/internal/config/config.go:53.2,53.56 1 1
github.com/InsideGallery/pomodoro/internal/config/config.go:56.35,58.16 2 1
github.com/InsideGallery/pomodoro/internal/config/config.go:58.16,60.3 1 0
github.com/InsideGallery/pomodoro/internal/config/config.go:62.2,62.47 1 1
github.com/InsideGallery/pomodoro/internal/config/config.go:65.20,67.16 2 1
github.com/InsideGallery/pomodoro/internal/config/config.go:67.16,69.3 1 0
github.com/InsideGallery/pomodoro/internal/config/config.go:71.2,72.16 2 1
github.com/InsideGallery/pomodoro/internal/config/config.go:72.16,74.3 1 1
github.com/InsideGallery/pomodoro/internal/config/config.go:76.2,77.51 2 1
github.com/InsideGallery/pomodoro/internal/config/config.go:77.51,79.3 1 1
github.com/InsideGallery/pomodoro/internal/config/config.go:83.2,83.29 1 1
github.com/InsideGallery/pomodoro/internal/config/config.go:83.29,85.3 1 1
github.com/InsideGallery/pomodoro/internal/config/config.go:87.2,87.29 1 1
github.com/InsideGallery/pomodoro/internal/config/config.go:87.29,89.3 1 1
github.com/InsideGallery/pomodoro/internal/config/config.go:91.2,91.33 1 1
github.com/InsideGallery/pomodoro/internal/config/config.go:91.33,93.3 1 1
github.com/InsideGallery/pomodoro/internal/config/config.go:95.2,95.12 1 1
github.com/InsideGallery/pomodoro/internal/config/config.go:98.29,100.16 2 1
github.com/InsideGallery/pomodoro/internal/config/config.go:100.16,102.3 1 0
github.com/InsideGallery/pomodoro/internal/config/config.go:104.2,104.60 1 1
github.com/InsideGallery/pomodoro/internal/config/config.go:104.60,106.3 1 0
github.com/InsideGallery/pomodoro/internal/config/config.go:108.2,109.16 2 1
github.com/InsideGallery/pomodoro/internal/config/config.go:109.16,111.3 1 0
github.com/InsideGallery/pomodoro/internal/config/config.go:113.2,113.37 1 1
github.com/InsideGallery/pomodoro/internal/config/config.go:126.34,128.16 2 1
github.com/InsideGallery/pomodoro/internal/config/config.go:128.16,130.3 1 0
github.com/InsideGallery/pomodoro/internal/config/config.go:132.2,132.46 1 1
github.com/InsideGallery/pomodoro/internal/config/config.go:135.29,137.16 2 1
github.com/InsideGallery/pomodoro/internal/config/config.go:137.16,139.3 1 0
github.com/InsideGallery/pomodoro/internal/config/config.go:141.2,142.16 2 1
github.com/InsideGallery/pomodoro/internal/config/config.go:142.16,144.3 1 1
github.com/InsideGallery/pomodoro/internal/config/config.go:146.2,147.49 2 1
github.com/InsideGallery/pomodoro/internal/config/config.go:147.49,149.3 1 1
github.com/InsideGallery/pomodoro/internal/config/config.go:151.2,151.10 1 1
github.com/InsideGallery/pomodoro/internal/config/config.go:154.36,156.16 2 1
github.com/InsideGallery/pomodoro/internal/config/config.go:156.16,158.3 1 0
github.com/InsideGallery/pomodoro/internal/config/config.go:160.2,160.60 1 1
github.com/InsideGallery/pomodoro/internal/config/config.go:160.60,162.3 1 0
github.com/InsideGallery/pomodoro/internal/config/config.go:164.2,165.16 2 1
github.com/InsideGallery/pomodoro/internal/config/config.go:165.16,167.3 1 0
github.com/InsideGallery/pomodoro/internal/config/config.go:169.2,169.37 1 1
github.com/InsideGallery/pomodoro/internal/timer/timer.go:15.32,16.11 1 1
github.com/InsideGallery/pomodoro/internal/timer/timer.go:17.17,18.16 1 1
github.com/InsideGallery/pomodoro/internal/timer/timer.go:19.18,20.17 1 1
github.com/InsideGallery/pomodoro/internal/timer/timer.go:21.18,22.17 1 0
github.com/InsideGallery/pomodoro/internal/timer/timer.go:23.22,24.22 1 0
github.com/InsideGallery/pomodoro/internal/timer/timer.go:25.19,26.18 1 1
github.com/InsideGallery/pomodoro/internal/timer/timer.go:27.10,28.19 1 0
github.com/InsideGallery/pomodoro/internal/timer/timer.go:32.33,34.2 1 1
github.com/InsideGallery/pomodoro/internal/timer/timer.go:44.29,52.2 1 0
github.com/InsideGallery/pomodoro/internal/timer/timer.go:66.29,72.2 1 1
github.com/InsideGallery/pomodoro/internal/timer/timer.go:74.37,74.55 1 1
github.com/InsideGallery/pomodoro/internal/timer/timer.go:75.37,75.55 1 1
github.com/InsideGallery/pomodoro/internal/timer/timer.go:76.37,76.53 1 0
github.com/InsideGallery/pomodoro/internal/timer/timer.go:77.37,77.61 1 1
github.com/InsideGallery/pomodoro/internal/timer/timer.go:78.37,78.50 1 1
github.com/InsideGallery/pomodoro/internal/timer/timer.go:79.37,79.52 1 0
github.com/InsideGallery/pomodoro/internal/timer/timer.go:82.64,83.13 1 0
github.com/InsideGallery/pomodoro/internal/timer/timer.go:83.13,85.3 1 0
github.com/InsideGallery/pomodoro/internal/timer/timer.go:87.2,87.17 1 0
github.com/InsideGallery/pomodoro/internal/timer/timer.go:88.19,89.20 1 0
github.com/InsideGallery/pomodoro/internal/timer/timer.go:90.46,91.44 1 0
github.com/InsideGallery/pomodoro/internal/timer/timer.go:96.112,104.2 6 1
github.com/InsideGallery/pomodoro/internal/timer/timer.go:107.108,113.32 4 1
github.com/InsideGallery/pomodoro/internal/timer/timer.go:113.32,115.3 1 0
github.com/InsideGallery/pomodoro/internal/timer/timer.go:117.2,120.11 2 1
github.com/InsideGallery/pomodoro/internal/timer/timer.go:121.19,123.67 2 1
github.com/InsideGallery/pomodoro/internal/timer/timer.go:124.46,127.67 3 1
github.com/InsideGallery/pomodoro/internal/timer/timer.go:128.10,129.22 1 1
github.com/InsideGallery/pomodoro/internal/timer/timer.go:133.33,134.11 1 1
github.com/InsideGallery/pomodoro/internal/timer/timer.go:135.15,136.20 1 1
github.com/InsideGallery/pomodoro/internal/timer/timer.go:137.15,138.20 1 0
github.com/InsideGallery/pomodoro/internal/timer/timer.go:139.20,140.24 1 0
github.com/InsideGallery/pomodoro/internal/timer/timer.go:141.16,142.21 1 1
github.com/InsideGallery/pomodoro/internal/timer/timer.go:143.10,144.19 1 1
github.com/InsideGallery/pomodoro/internal/timer/timer.go:148.42,149.17 1 1
github.com/InsideGallery/pomodoro/internal/timer/timer.go:150.18,151.29 1 1
github.com/InsideGallery/pomodoro/internal/timer/timer.go:152.18,153.29 1 1
github.com/InsideGallery/pomodoro/internal/timer/timer.go:154.22,155.33 1 0
github.com/InsideGallery/pomodoro/internal/timer/timer.go:156.10,157.11 1 0
github.com/InsideGallery/pomodoro/internal/timer/timer.go:161.56,162.17 1 1
github.com/InsideGallery/pomodoro/internal/timer/timer.go:163.17,164.43 1 1
github.com/InsideGallery/pomodoro/internal/timer/timer.go:165.19,166.21 1 1
github.com/InsideGallery/pomodoro/internal/timer/timer.go:167.46,169.12 2 1
github.com/InsideGallery/pomodoro/internal/timer/timer.go:169.12,171.4 1 1
github.com/InsideGallery/pomodoro/internal/timer/timer.go:173.3,173.11 1 1
github.com/InsideGallery/pomodoro/internal/timer/timer.go:174.10,175.11 1 0
github.com/InsideGallery/pomodoro/internal/timer/timer.go:179.47,180.28 1 1
github.com/InsideGallery/pomodoro/internal/timer/timer.go:180.28,182.3 1 0
github.com/InsideGallery/pomodoro/internal/timer/timer.go:184.2,184.26 1 1
github.com/InsideGallery/pomodoro/internal/timer/timer.go:184.26,186.3 1 1
github.com/InsideGallery/pomodoro/internal/timer/timer.go:188.2,188.21 1 1
github.com/InsideGallery/pomodoro/internal/timer/timer.go:191.57,192.11 1 1
github.com/InsideGallery/pomodoro/internal/timer/timer.go:193.18,194.29 1 1
github.com/InsideGallery/pomodoro/internal/timer/timer.go:195.18,196.29 1 1
github.com/InsideGallery/pomodoro/internal/timer/timer.go:197.22,198.33 1 0
github.com/InsideGallery/pomodoro/internal/timer/timer.go:199.10,200.11 1 0
github.com/InsideGallery/pomodoro/internal/timer/timer.go:204.49,206.16 2 1
github.com/InsideGallery/pomodoro/internal/timer/timer.go:206.16,208.3 1 0
github.com/InsideGallery/pomodoro/internal/timer/timer.go:210.2,213.11 3 1
github.com/InsideGallery/pomodoro/internal/timer/timer.go:213.11,215.3 1 0
github.com/InsideGallery/pomodoro/internal/timer/timer.go:217.2,217.11 1 1
github.com/InsideGallery/pomodoro/internal/timer/timer.go:217.11,219.3 1 0
github.com/InsideGallery/pomodoro/internal/timer/timer.go:221.2,221.10 1 1
github.com/InsideGallery/pomodoro/internal/timer/timer.go:225.38,226.26 1 1
github.com/InsideGallery/pomodoro/internal/timer/timer.go:226.26,228.3 1 1
github.com/InsideGallery/pomodoro/internal/timer/timer.go:230.2,232.17 3 1
github.com/InsideGallery/pomodoro/internal/timer/timer.go:235.38,236.26 1 1
github.com/InsideGallery/pomodoro/internal/timer/timer.go:236.26,238.3 1 1
github.com/InsideGallery/pomodoro/internal/timer/timer.go:240.2,242.23 3 1
github.com/InsideGallery/pomodoro/internal/timer/timer.go:245.39,246.28 1 1
github.com/InsideGallery/pomodoro/internal/timer/timer.go:246.28,248.3 1 1
github.com/InsideGallery/pomodoro/internal/timer/timer.go:250.2,252.17 3 1
github.com/InsideGallery/pomodoro/internal/timer/timer.go:255.25,260.2 4 1
github.com/InsideGallery/pomodoro/internal/timer/timer.go:262.37,263.26 1 1
github.com/InsideGallery/pomodoro/internal/timer/timer.go:263.26,267.27 2 1
github.com/InsideGallery/pomodoro/internal/timer/timer.go:267.27,271.4 2 1
github.com/InsideGallery/pomodoro/internal/timer/timer.go:273.3,273.9 1 1
github.com/InsideGallery/pomodoro/internal/timer/timer.go:276.2,277.28 2 1
github.com/InsideGallery/pomodoro/internal/timer/timer.go:277.28,279.3 1 1
github.com/InsideGallery/pomodoro/internal/timer/timer.go:281.2,281.26 1 1
github.com/InsideGallery/pomodoro/internal/timer/timer.go:284.39,285.26 1 1
github.com/InsideGallery/pomodoro/internal/timer/timer.go:285.26,287.3 1 0
github.com/InsideGallery/pomodoro/internal/timer/timer.go:289.2,289.27 1 1
github.com/InsideGallery/pomodoro/internal/timer/timer.go:289.27,291.3 1 1
github.com/InsideGallery/pomodoro/internal/timer/timer.go:294.58,295.29 1 1
github.com/InsideGallery/pomodoro/internal/timer/timer.go:295.29,297.3 1 1
github.com/InsideGallery/pomodoro/internal/timer/timer.go:299.2,299.25 1 1
github.com/InsideGallery/pomodoro/internal/timer/timer.go:299.25,301.3 1 1
github.com/InsideGallery/pomodoro/internal/timer/timer.go:303.2,304.42 2 1
github.com/InsideGallery/pomodoro/internal/timer/timer.go:304.42,309.3 4 1
github.com/InsideGallery/pomodoro/internal/timer/timer.go:309.8,312.3 2 1
github.com/InsideGallery/pomodoro/internal/timer/timer.go:315.50,316.19 1 1
github.com/InsideGallery/pomodoro/internal/timer/timer.go:317.18,318.40 1 1
github.com/InsideGallery/pomodoro/internal/timer/timer.go:318.40,321.4 2 1
github.com/InsideGallery/pomodoro/internal/timer/timer.go:323.3,323.20 1 1
github.com/InsideGallery/pomodoro/internal/timer/timer.go:324.34,325.20 1 1
github.com/InsideGallery/pomodoro/internal/timer/timer.go:326.10,327.19 1 0
github.com/InsideGallery/pomodoro/internal/scene/base.go:25.67,33.2 1 1
github.com/InsideGallery/pomodoro/internal/scene/base.go:36.36,37.38 1 1
github.com/InsideGallery/pomodoro/internal/scene/base.go:37.38,38.43 1 0
github.com/InsideGallery/pomodoro/internal/scene/base.go:38.43,40.4 1 0
github.com/InsideGallery/pomodoro/internal/scene/base.go:43.2,43.12 1 1
github.com/InsideGallery/pomodoro/internal/scene/base.go:48.48,51.30 2 0
github.com/InsideGallery/pomodoro/internal/scene/base.go:51.30,53.3 1 0
github.com/InsideGallery/pomodoro/internal/scene/base.go:55.2,55.30 1 0
github.com/InsideGallery/pomodoro/internal/scene/base.go:55.30,56.43 1 0
github.com/InsideGallery/pomodoro/internal/scene/base.go:56.43,58.4 1 0
github.com/InsideGallery/pomodoro/internal/scene/manager.go:18.28,22.2 1 1
github.com/InsideGallery/pomodoro/internal/scene/manager.go:25.61,29.28 3 1
github.com/InsideGallery/pomodoro/internal/scene/manager.go:29.28,32.3 2 1
github.com/InsideGallery/pomodoro/internal/scene/manager.go:37.52,42.22 4 1
github.com/InsideGallery/pomodoro/internal/scene/manager.go:42.22,44.3 1 1
github.com/InsideGallery/pomodoro/internal/scene/manager.go:46.2,46.34 1 1
github.com/InsideGallery/pomodoro/internal/scene/manager.go:46.34,48.3 1 0
github.com/InsideGallery/pomodoro/internal/scene/manager.go:50.2,53.17 3 1
github.com/InsideGallery/pomodoro/internal/scene/manager.go:53.17,54.39 1 1
github.com/InsideGallery/pomodoro/internal/scene/manager.go:54.39,56.4 1 0
github.com/InsideGallery/pomodoro/internal/scene/manager.go:59.2,59.12 1 1
github.com/InsideGallery/pomodoro/internal/scene/manager.go:64.50,69.2 3 0
github.com/InsideGallery/pomodoro/internal/scene/manager.go:71.33,76.2 3 1
github.com/InsideGallery/pomodoro/cmd/genicon/main.go:11.13,22.28 9 0
github.com/InsideGallery/pomodoro/cmd/genicon/main.go:22.28,23.29 1 0
github.com/InsideGallery/pomodoro/cmd/genicon/main.go:23.29,28.17 4 0
github.com/InsideGallery/pomodoro/cmd/genicon/main.go:28.17,29.20 1 0
github.com/InsideGallery/pomodoro/cmd/genicon/main.go:29.20,37.6 6 0
github.com/InsideGallery/pomodoro/cmd/genicon/main.go:37.11,39.6 1 0
github.com/InsideGallery/pomodoro/cmd/genicon/main.go:45.2,49.28 3 0
github.com/InsideGallery/pomodoro/cmd/genicon/main.go:49.28,50.29 1 0
github.com/InsideGallery/pomodoro/cmd/genicon/main.go:50.29,54.35 3 0
github.com/InsideGallery/pomodoro/cmd/genicon/main.go:54.35,56.5 1 0
github.com/InsideGallery/pomodoro/cmd/genicon/main.go:60.2,61.22 2 0
github.com/InsideGallery/pomodoro/cmd/genicon/main.go:61.22,63.3 1 0
github.com/InsideGallery/pomodoro/cmd/genicon/main.go:65.2,66.16 2 0
github.com/InsideGallery/pomodoro/cmd/genicon/main.go:66.16,67.13 1 0
github.com/InsideGallery/pomodoro/cmd/genicon/main.go:69.2,71.43 2 0
github.com/InsideGallery/pomodoro/cmd/genicon/main.go:71.43,72.13 1 0
github.com/InsideGallery/pomodoro/cmd/genicon/main.go:76.87,78.30 2 0
github.com/InsideGallery/pomodoro/cmd/genicon/main.go:78.30,83.45 4 0
github.com/InsideGallery/pomodoro/cmd/genicon/main.go:83.45,84.46 1 0
github.com/InsideGallery/pomodoro/cmd/genicon/main.go:84.46,85.43 1 0
github.com/InsideGallery/pomodoro/cmd/genicon/main.go:85.43,87.80 2 0
github.com/InsideGallery/pomodoro/cmd/genicon/main.go:87.80,89.7 1 0
github.com/InsideGallery/pomodoro/cmd/genicon/main.go:96.55,103.2 1 0
github.com/InsideGallery/pomodoro/internal/app/app.go:70.18,77.2 1 0
github.com/InsideGallery/pomodoro/internal/app/app.go:79.26,82.35 2 0
github.com/InsideGallery/pomodoro/internal/app/app.go:82.35,82.72 1 0
github.com/InsideGallery/pomodoro/internal/app/app.go:84.2,84.26 1 0
github.com/InsideGallery/pomodoro/internal/app/app.go:84.26,88.3 2 0
github.com/InsideGallery/pomodoro/internal/app/app.go:92.2,93.10 1 0
github.com/InsideGallery/pomodoro/internal/app/app.go:93.10,93.28 1 0
github.com/InsideGallery/pomodoro/internal/app/app.go:94.10,94.27 1 0
github.com/InsideGallery/pomodoro/internal/app/app.go:97.2,98.40 2 0
github.com/InsideGallery/pomodoro/internal/app/app.go:98.40,98.67 1 0
github.com/InsideGallery/pomodoro/internal/app/app.go:99.2,99.42 1 0
github.com/InsideGallery/pomodoro/internal/app/app.go:99.42,99.71 1 0
github.com/InsideGallery/pomodoro/internal/app/app.go:100.2,113.22 8 0
github.com/InsideGallery/pomodoro/internal/app/app.go:116.43,117.34 1 0
github.com/InsideGallery/pomodoro/internal/app/app.go:117.34,119.3 1 0
github.com/InsideGallery/pomodoro/internal/app/app.go:121.2,121.25 1 0
github.com/InsideGallery/pomodoro/internal/app/app.go:121.25,122.21 1 0
github.com/InsideGallery/pomodoro/internal/app/app.go:122.21,124.4 1 0
github.com/InsideGallery/pomodoro/internal/app/app.go:126.3,126.37 1 0
github.com/InsideGallery/pomodoro/internal/app/app.go:127.16,128.59 1 0
github.com/InsideGallery/pomodoro/internal/app/app.go:129.16,130.59 1 0
github.com/InsideGallery/pomodoro/internal/app/app.go:131.21,132.59 1 0
github.com/InsideGallery/pomodoro/internal/app/app.go:133.17,134.59 1 0
github.com/InsideGallery/pomodoro/internal/app/app.go:135.11,136.59 1 0
github.com/InsideGallery/pomodoro/internal/app/app.go:140.2,140.58 1 0
github.com/InsideGallery/pomodoro/internal/app/app.go:140.58,140.76 1 0
github.com/InsideGallery/pomodoro/internal/app/app.go:141.2,141.58 1 0
github.com/InsideGallery/pomodoro/internal/app/app.go:141.58,141.76 1 0
github.com/InsideGallery/pomodoro/internal/app/app.go:142.2,142.62 1 0
github.com/InsideGallery/pomodoro/internal/app/app.go:142.62,142.80 1 0
github.com/InsideGallery/pomodoro/internal/app/app.go:143.2,143.52 1 0
github.com/InsideGallery/pomodoro/internal/app/app.go:143.52,143.70 1 0
github.com/InsideGallery/pomodoro/internal/app/app.go:144.2,144.53 1 0
github.com/InsideGallery/pomodoro/internal/app/app.go:144.53,144.71 1 0
github.com/InsideGallery/pomodoro/internal/app/app.go:145.2,145.51 1 0
github.com/InsideGallery/pomodoro/internal/app/app.go:145.51,145.69 1 0
github.com/InsideGallery/pomodoro/internal/app/app.go:146.2,146.60 1 0
github.com/InsideGallery/pomodoro/internal/app/app.go:146.60,146.78 1 0
github.com/InsideGallery/pomodoro/internal/app/app.go:147.2,147.60 1 0
github.com/InsideGallery/pomodoro/internal/app/app.go:147.60,147.78 1 0
github.com/InsideGallery/pomodoro/internal/app/app.go:148.2,148.64 1 0
github.com/InsideGallery/pomodoro/internal/app/app.go:148.64,148.82 1 0
github.com/InsideGallery/pomodoro/internal/app/app.go:153.29,157.2 2 0
github.com/InsideGallery/pomodoro/internal/app/app.go:159.31,164.67 3 0
github.com/InsideGallery/pomodoro/internal/app/app.go:164.67,166.3 1 0
github.com/InsideGallery/pomodoro/internal/app/app.go:168.2,168.35 1 0
github.com/InsideGallery/pomodoro/internal/app/app.go:171.28,176.2 3 0
github.com/InsideGallery/pomodoro/internal/app/app.go:178.27,184.2 3 0
github.com/InsideGallery/pomodoro/internal/app/app.go:186.29,190.16 3 0
github.com/InsideGallery/pomodoro/internal/app/app.go:190.16,192.3 1 0
github.com/InsideGallery/pomodoro/internal/app/app.go:194.2,194.78 1 0
github.com/InsideGallery/pomodoro/internal/app/app.go:194.78,196.15 2 0
github.com/InsideGallery/pomodoro/internal/app/app.go:196.15,200.4 3 0
github.com/InsideGallery/pomodoro/internal/app/app.go:203.2,203.58 1 0
github.com/InsideGallery/pomodoro/internal/app/app.go:203.58,205.3 1 0
github.com/InsideGallery/pomodoro/internal/app/app.go:207.2,207.16 1 0
github.com/InsideGallery/pomodoro/internal/app/app.go:207.16,214.3 5 0
github.com/InsideGallery/pomodoro/internal/app/app.go:217.37,218.9 1 0
github.com/InsideGallery/pomodoro/internal/app/app.go:219.33,220.17 1 0
github.com/InsideGallery/pomodoro/internal/app/app.go:221.24,222.20 1 0
github.com/InsideGallery/pomodoro/internal/app/app.go:223.27,226.49 2 0
github.com/InsideGallery/pomodoro/internal/app/app.go:226.49,228.5 1 0
github.com/InsideGallery/pomodoro/internal/app/app.go:229.24,231.14 2 0
github.com/InsideGallery/pomodoro/internal/app/app.go:233.10,233.10 0 0
github.com/InsideGallery/pomodoro/internal/app/app.go:239.31,240.20 1 0
github.com/InsideGallery/pomodoro/internal/app/app.go:240.20,242.3 1 0
github.com/InsideGallery/pomodoro/internal/app/app.go:244.2,244.34 1 0
github.com/InsideGallery/pomodoro/internal/app/app.go:244.34,246.3 1 0
github.com/InsideGallery/pomodoro/internal/app/app.go:248.2,251.16 3 0
github.com/InsideGallery/pomodoro/internal/app/app.go:251.16,255.3 2 0
github.com/InsideGallery/pomodoro/internal/app/app.go:257.2,258.20 2 0
github.com/InsideGallery/pomodoro/internal/app/app.go:258.20,260.3 1 0
github.com/InsideGallery/pomodoro/internal/app/app.go:262.2,262.12 1 0
github.com/InsideGallery/pomodoro/internal/app/app.go:265.43,266.16 1 0
github.com/InsideGallery/pomodoro/internal/app/app.go:266.16,270.3 2 0
github.com/InsideGallery/pomodoro/internal/app/app.go:272.2,273.20 2 0
github.com/InsideGallery/pomodoro/internal/app/app.go:273.20,275.3 1 0
github.com/InsideGallery/pomodoro/internal/app/app.go:278.67,280.20 2 0
github.com/InsideGallery/pomodoro/internal/app/app.go:280.20,286.3 4 0
github.com/InsideGallery/pomodoro/internal/app/app.go:288.2,289.37 2 0
github.com/InsideGallery/pomodoro/internal/app/app.go:289.37,291.3 1 0
github.com/InsideGallery/pomodoro/internal/app/app.go:293.2,300.13 6 0
github.com/InsideGallery/pomodoro/internal/app/app.go:305.29,306.50 1 0
github.com/InsideGallery/pomodoro/internal/app/app.go:306.50,310.3 2 0
github.com/InsideGallery/pomodoro/internal/app/app.go:312.2,312.64 1 0
github.com/InsideGallery/pomodoro/internal/app/app.go:312.64,315.33 2 0
github.com/InsideGallery/pomodoro/internal/app/app.go:315.33,319.4 2 0
github.com/InsideGallery/pomodoro/internal/app/app.go:321.3,321.43 1 0
github.com/InsideGallery/pomodoro/internal/app/app.go:321.43,322.47 1 0
github.com/InsideGallery/pomodoro/internal/app/app.go:322.47,324.5 1 0
github.com/InsideGallery/pomodoro/internal/app/app.go:329.47,343.48 10 0
github.com/InsideGallery/pomodoro/internal/app/app.go:343.48,345.3 1 0
github.com/InsideGallery/pomodoro/internal/app/app.go:345.8,347.3 1 0
github.com/InsideGallery/pomodoro/internal/app/app.go:349.2,350.20 2 0
github.com/InsideGallery/pomodoro/internal/app/app.go:350.20,352.3 1 0
github.com/InsideGallery/pomodoro/internal/app/app.go:354.2,354.13 1 0
github.com/InsideGallery/pomodoro/internal/app/app.go:354.13,356.3 1 0
github.com/InsideGallery/pomodoro/internal/app/app.go:358.2,374.84 13 0
github.com/InsideGallery/pomodoro/cmd/pomodoro/main.go:17.13,32.74 10 0
github.com/InsideGallery/pomodoro/cmd/pomodoro/main.go:32.74,34.3 1 0
github.com/InsideGallery/pomodoro/cmd/pomodoro/main.go:36.2,39.60 2 0
github.com/InsideGallery/pomodoro/cmd/pomodoro/main.go:39.60,41.3 1 0
github.com/InsideGallery/pomodoro/internal/ecs/components/position.go:11.42,13.2 1 0
github.com/InsideGallery/pomodoro/internal/audio/audio.go:30.37,34.16 3 0
github.com/InsideGallery/pomodoro/internal/audio/audio.go:34.16,36.3 1 0
github.com/InsideGallery/pomodoro/internal/audio/audio.go:38.2,39.16 2 0
github.com/InsideGallery/pomodoro/internal/audio/audio.go:39.16,41.3 1 0
github.com/InsideGallery/pomodoro/internal/audio/audio.go:43.2,44.16 2 0
github.com/InsideGallery/pomodoro/internal/audio/audio.go:44.16,46.3 1 0
github.com/InsideGallery/pomodoro/internal/audio/audio.go:48.2,49.16 2 0
github.com/InsideGallery/pomodoro/internal/audio/audio.go:49.16,51.3 1 0
github.com/InsideGallery/pomodoro/internal/audio/audio.go:53.2,60.8 1 0
github.com/InsideGallery/pomodoro/internal/audio/audio.go:63.30,67.41 3 0
github.com/InsideGallery/pomodoro/internal/audio/audio.go:67.41,69.3 1 0
github.com/InsideGallery/pomodoro/internal/audio/audio.go:71.2,73.19 2 0
github.com/InsideGallery/pomodoro/internal/audio/audio.go:73.19,76.3 2 0
github.com/InsideGallery/pomodoro/internal/audio/audio.go:78.2,78.25 1 0
github.com/InsideGallery/pomodoro/internal/audio/audio.go:78.25,81.3 2 0
github.com/InsideGallery/pomodoro/internal/audio/audio.go:84.30,90.19 4 0
github.com/InsideGallery/pomodoro/internal/audio/audio.go:90.19,93.3 2 0
github.com/InsideGallery/pomodoro/internal/audio/audio.go:96.32,100.54 3 0
github.com/InsideGallery/pomodoro/internal/audio/audio.go:100.54,102.3 1 0
github.com/InsideGallery/pomodoro/internal/audio/audio.go:105.2,105.45 1 0
github.com/InsideGallery/pomodoro/internal/audio/audio.go:105.45,108.3 2 0
github.com/InsideGallery/pomodoro/internal/audio/audio.go:111.31,115.20 3 0
github.com/InsideGallery/pomodoro/internal/audio/audio.go:115.20,117.3 1 0
github.com/InsideGallery/pomodoro/internal/audio/audio.go:119.2,121.16 3 0
github.com/InsideGallery/pomodoro/internal/audio/audio.go:124.44,129.19 4 0
github.com/InsideGallery/pomodoro/internal/audio/audio.go:129.19,131.3 1 0
github.com/InsideGallery/pomodoro/internal/audio/audio.go:134.45,139.20 4 0
github.com/InsideGallery/pomodoro/internal/audio/audio.go:139.20,141.3 1 0
github.com/InsideGallery/pomodoro/internal/audio/audio.go:144.48,149.53 4 0
github.com/InsideGallery/pomodoro/internal/audio/audio.go:149.53,151.3 1 0
github.com/InsideGallery/pomodoro/internal/audio/audio.go:154.40,159.2 3 0
github.com/InsideGallery/pomodoro/internal/audio/audio.go:161.41,166.2 3 0
github.com/InsideGallery/pomodoro/internal/audio/audio.go:168.38,173.2 3 0
github.com/InsideGallery/pomodoro/internal/audio/audio.go:175.39,176.12 1 0
github.com/InsideGallery/pomodoro/internal/audio/audio.go:176.12,178.3 1 0
github.com/InsideGallery/pomodoro/internal/audio/audio.go:180.2,180.12 1 0
github.com/InsideGallery/pomodoro/internal/audio/audio.go:180.12,182.3 1 0
github.com/InsideGallery/pomodoro/internal/audio/audio.go:184.2,184.10 1 0
github.com/InsideGallery/pomodoro/internal/modules/lockscreen/lock.go:13.61,17.2 3 1
github.com/InsideGallery/pomodoro/internal/modules/lockscreen/lock.go:20.30,20.49 1 1
github.com/InsideGallery/pomodoro/internal/modules/lockscreen/lock.go:23.45,25.2 1 1
github.com/InsideGallery/pomodoro/internal/modules/lockscreen/lock.go:28.55,30.13 2 1
github.com/InsideGallery/pomodoro/internal/modules/lockscreen/lock.go:30.13,32.3 1 1
github.com/InsideGallery/pomodoro/internal/modules/lockscreen/lock.go:34.2,34.12 1 1
github.com/InsideGallery/pomodoro/internal/modules/lockscreen/lock.go:38.48,39.21 1 1
github.com/InsideGallery/pomodoro/internal/modules/lockscreen/lock.go:39.21,41.3 1 1
github.com/InsideGallery/pomodoro/internal/modules/lockscreen/lock.go:43.2,45.11 2 1
github.com/InsideGallery/pomodoro/internal/modules/lockscreen/lock.go:45.11,47.3 1 0
github.com/InsideGallery/pomodoro/internal/modules/lockscreen/lock.go:49.2,49.11 1 1
github.com/InsideGallery/pomodoro/internal/modules/lockscreen/lock.go:49.11,51.3 1 1
github.com/InsideGallery/pomodoro/internal/modules/lockscreen/lock.go:53.2,53.10 1 1
github.com/InsideGallery/pomodoro/internal/modules/lockscreen/lock.go:57.23,59.2 1 1
github.com/InsideGallery/pomodoro/internal/modules/lockscreen/module.go:18.48,20.2 1 0
github.com/InsideGallery/pomodoro/internal/modules/lockscreen/module.go:22.33,22.56 1 0
github.com/InsideGallery/pomodoro/internal/modules/lockscreen/module.go:23.33,23.48 1 0
github.com/InsideGallery/pomodoro/internal/modules/lockscreen/module.go:24.33,24.59 1 0
github.com/InsideGallery/pomodoro/internal/modules/lockscreen/module.go:25.33,25.51 1 0
github.com/InsideGallery/pomodoro/internal/modules/lockscreen/module.go:27.39,28.60 1 0
github.com/InsideGallery/pomodoro/internal/modules/lockscreen/module.go:28.60,30.3 1 0
github.com/InsideGallery/pomodoro/internal/modules/lockscreen/module.go:32.2,32.62 1 0
github.com/InsideGallery/pomodoro/internal/modules/lockscreen/module.go:32.62,34.3 1 0
github.com/InsideGallery/pomodoro/internal/modules/lockscreen/module.go:36.2,36.49 1 0
github.com/InsideGallery/pomodoro/internal/modules/lockscreen/module.go:36.49,38.3 1 0
github.com/InsideGallery/pomodoro/internal/modules/lockscreen/module.go:42.37,46.2 2 0
github.com/InsideGallery/pomodoro/internal/modules/lockscreen/module.go:49.47,51.2 1 0
github.com/InsideGallery/pomodoro/internal/modules/lockscreen/scene.go:42.74,52.60 3 0
github.com/InsideGallery/pomodoro/internal/modules/lockscreen/scene.go:52.60,53.15 1 0
github.com/InsideGallery/pomodoro/internal/modules/lockscreen/scene.go:53.15,55.4 1 0
github.com/InsideGallery/pomodoro/internal/modules/lockscreen/scene.go:58.2,58.57 1 0
github.com/InsideGallery/pomodoro/internal/modules/lockscreen/scene.go:58.57,59.42 1 0
github.com/InsideGallery/pomodoro/internal/modules/lockscreen/scene.go:59.42,62.4 2 0
github.com/InsideGallery/pomodoro/internal/modules/lockscreen/scene.go:65.2,65.10 1 0
github.com/InsideGallery/pomodoro/internal/modules/lockscreen/scene.go:68.34,68.54 1 0
github.com/InsideGallery/pomodoro/internal/modules/lockscreen/scene.go:69.34,69.53 1 0
github.com/InsideGallery/pomodoro/internal/modules/lockscreen/scene.go:71.43,73.2 1 0
github.com/InsideGallery/pomodoro/internal/modules/lockscreen/scene.go:75.30,76.41 1 0
github.com/InsideGallery/pomodoro/internal/modules/lockscreen/scene.go:76.41,81.3 4 0
github.com/InsideGallery/pomodoro/internal/modules/lockscreen/scene.go:83.2,88.14 4 0
github.com/InsideGallery/pomodoro/internal/modules/lockscreen/scene.go:88.14,90.3 1 0
github.com/InsideGallery/pomodoro/internal/modules/lockscreen/scene.go:92.2,92.12 1 0
github.com/InsideGallery/pomodoro/internal/modules/lockscreen/scene.go:95.32,98.14 2 0
github.com/InsideGallery/pomodoro/internal/modules/lockscreen/scene.go:98.14,100.3 1 0
github.com/InsideGallery/pomodoro/internal/modules/lockscreen/scene.go:102.2,104.12 2 0
github.com/InsideGallery/pomodoro/internal/modules/lockscreen/scene.go:107.32,110.26 2 0
github.com/InsideGallery/pomodoro/internal/modules/lockscreen/scene.go:110.26,115.3 3 0
github.com/InsideGallery/pomodoro/internal/modules/lockscreen/scene.go:117.2,117.15 1 0
github.com/InsideGallery/pomodoro/internal/modules/lockscreen/scene.go:117.15,119.3 1 0
github.com/InsideGallery/pomodoro/internal/modules/lockscreen/scene.go:122.2,122.25 1 0
github.com/InsideGallery/pomodoro/internal/modules/lockscreen/scene.go:122.25,124.3 1 0
github.com/InsideGallery/pomodoro/internal/modules/lockscreen/scene.go:127.2,127.50 1 0
github.com/InsideGallery/pomodoro/internal/modules/lockscreen/scene.go:127.50,128.42 1 0
github.com/InsideGallery/pomodoro/internal/modules/lockscreen/scene.go:128.42,130.4 1 0
github.com/InsideGallery/pomodoro/internal/modules/lockscreen/scene.go:132.3,135.34 3 0
github.com/InsideGallery/pomodoro/internal/modules/lockscreen/scene.go:135.34,138.4 2 0
github.com/InsideGallery/pomodoro/internal/modules/lockscreen/scene.go:141.2,141.12 1 0
github.com/InsideGallery/pomodoro/internal/modules/lockscreen/scene.go:144.44,182.14 23 0
github.com/InsideGallery/pomodoro/internal/modules/lockscreen/scene.go:182.14,184.3 1 0
github.com/InsideGallery/pomodoro/internal/modules/lockscreen/scene.go:186.2,188.22 1 0
github.com/InsideGallery/pomodoro/internal/modules/lockscreen/scene.go:191.68,193.37 2 0
github.com/InsideGallery/pomodoro/internal/modules/lockscreen/scene.go:193.37,195.3 1 0
github.com/InsideGallery/pomodoro/internal/modules/lockscreen/scene.go:197.2,204.13 6 0
github.com/InsideGallery/pomodoro/internal/modules/lockscreen/screen.go:20.33,23.2 2 0
github.com/InsideGallery/pomodoro/internal/modules/lockscreen/screen.go:25.35,28.2 2 0
github.com/InsideGallery/pomodoro/internal/modules/lockscreen/screen.go:30.27,33.33 2 0
github.com/InsideGallery/pomodoro/internal/modules/lockscreen/screen.go:33.33,35.3 1 0
github.com/InsideGallery/pomodoro/internal/modules/lockscreen/screen.go:39.42,83.2 22 0
github.com/InsideGallery/pomodoro/internal/modules/metrics/scene.go:37.53,54.56 7 0
github.com/InsideGallery/pomodoro/internal/modules/metrics/scene.go:54.56,58.3 2 0
github.com/InsideGallery/pomodoro/internal/modules/metrics/scene.go:60.2,60.45 1 0
github.com/InsideGallery/pomodoro/internal/modules/metrics/scene.go:60.45,61.17 1 0
github.com/InsideGallery/pomodoro/internal/modules/metrics/scene.go:61.17,63.4 1 0
github.com/InsideGallery/pomodoro/internal/modules/metrics/scene.go:65.3,68.17 3 0
github.com/InsideGallery/pomodoro/internal/modules/metrics/scene.go:71.2,71.58 1 0
github.com/InsideGallery/pomodoro/internal/modules/metrics/scene.go:71.58,72.54 1 0
github.com/InsideGallery/pomodoro/internal/modules/metrics/scene.go:72.54,74.4 1 0
github.com/InsideGallery/pomodoro/internal/modules/metrics/scene.go:76.3,76.19 1 0
github.com/InsideGallery/pomodoro/internal/modules/metrics/scene.go:79.2,79.56 1 0
github.com/InsideGallery/pomodoro/internal/modules/metrics/scene.go:79.56,84.26 3 0
github.com/InsideGallery/pomodoro/internal/modules/metrics/scene.go:84.26,88.4 2 0
github.com/InsideGallery/pomodoro/internal/modules/metrics/scene.go:91.2,91.58 1 0
github.com/InsideGallery/pomodoro/internal/modules/metrics/scene.go:91.58,92.54 1 0
github.com/InsideGallery/pomodoro/internal/modules/metrics/scene.go:92.54,94.4 1 0
github.com/InsideGallery/pomodoro/internal/modules/metrics/scene.go:96.3,98.53 2 0
github.com/InsideGallery/pomodoro/internal/modules/metrics/scene.go:98.53,100.4 1 0
github.com/InsideGallery/pomodoro/internal/modules/metrics/scene.go:102.3,102.19 1 0
github.com/InsideGallery/pomodoro/internal/modules/metrics/scene.go:105.2,105.60 1 0
github.com/InsideGallery/pomodoro/internal/modules/metrics/scene.go:105.60,109.3 2 0
github.com/InsideGallery/pomodoro/internal/modules/metrics/scene.go:111.2,111.62 1 0
github.com/InsideGallery/pomodoro/internal/modules/metrics/scene.go:111.62,112.54 1 0
github.com/InsideGallery/pomodoro/internal/modules/metrics/scene.go:112.54,114.4 1 0
github.com/InsideGallery/pomodoro/internal/modules/metrics/scene.go:116.3,116.19 1 0
github.com/InsideGallery/pomodoro/internal/modules/metrics/scene.go:119.2,119.57 1 0
github.com/InsideGallery/pomodoro/internal/modules/metrics/scene.go:119.57,120.42 1 0
github.com/InsideGallery/pomodoro/internal/modules/metrics/scene.go:120.42,122.4 1 0
github.com/InsideGallery/pomodoro/internal/modules/metrics/scene.go:125.2,125.10 1 0
github.com/InsideGallery/pomodoro/internal/modules/metrics/scene.go:128.34,128.54 1 0
github.com/InsideGallery/pomodoro/internal/modules/metrics/scene.go:129.34,129.54 1 0
github.com/InsideGallery/pomodoro/internal/modules/metrics/scene.go:131.43,133.2 1 0
github.com/InsideGallery/pomodoro/internal/modules/metrics/scene.go:135.30,140.2 3 0
github.com/InsideGallery/pomodoro/internal/modules/metrics/scene.go:142.32,142.46 1 0
github.com/InsideGallery/pomodoro/internal/modules/metrics/scene.go:144.32,145.50 1 0
github.com/InsideGallery/pomodoro/internal/modules/metrics/scene.go:145.50,149.3 2 0
github.com/InsideGallery/pomodoro/internal/modules/metrics/scene.go:151.2,151.45 1 0
github.com/InsideGallery/pomodoro/internal/modules/metrics/scene.go:151.45,153.3 1 0
github.com/InsideGallery/pomodoro/internal/modules/metrics/scene.go:155.2,155.45 1 0
github.com/InsideGallery/pomodoro/internal/modules/metrics/scene.go:155.45,157.3 1 0
github.com/InsideGallery/pomodoro/internal/modules/metrics/scene.go:159.2,159.45 1 0
github.com/InsideGallery/pomodoro/internal/modules/metrics/scene.go:159.45,161.3 1 0
github.com/InsideGallery/pomodoro/internal/modules/metrics/scene.go:163.2,163.61 1 0
github.com/InsideGallery/pomodoro/internal/modules/metrics/scene.go:163.61,165.3 1 0
github.com/InsideGallery/pomodoro/internal/modules/metrics/scene.go:167.2,167.62 1 0
github.com/InsideGallery/pomodoro/internal/modules/metrics/scene.go:167.62,169.3 1 0
github.com/InsideGallery/pomodoro/internal/modules/metrics/scene.go:171.2,171.64 1 0
github.com/InsideGallery/pomodoro/internal/modules/metrics/scene.go:171.64,174.3 2 0
github.com/InsideGallery/pomodoro/internal/modules/metrics/scene.go:176.2,176.12 1 0
github.com/InsideGallery/pomodoro/internal/modules/metrics/scene.go:179.48,186.33 6 0
github.com/InsideGallery/pomodoro/internal/modules/metrics/scene.go:186.33,188.3 1 0
github.com/InsideGallery/pomodoro/internal/modules/metrics/scene.go:190.2,190.19 1 0
github.com/InsideGallery/pomodoro/internal/modules/metrics/scene.go:190.19,192.36 2 0
github.com/InsideGallery/pomodoro/internal/modules/metrics/scene.go:192.36,196.4 2 0
github.com/InsideGallery/pomodoro/internal/modules/metrics/scene.go:200.44,219.15 13 0
github.com/InsideGallery/pomodoro/internal/modules/metrics/scene.go:220.9,221.24 1 0
github.com/InsideGallery/pomodoro/internal/modules/metrics/scene.go:222.9,223.26 1 0
github.com/InsideGallery/pomodoro/internal/modules/metrics/scene.go:224.9,225.25 1 0
github.com/InsideGallery/pomodoro/internal/modules/metrics/scene.go:228.2,235.45 6 0
github.com/InsideGallery/pomodoro/internal/modules/metrics/scene.go:238.48,248.31 8 0
github.com/InsideGallery/pomodoro/internal/modules/metrics/scene.go:248.31,254.17 4 0
github.com/InsideGallery/pomodoro/internal/modules/metrics/scene.go:254.17,257.4 2 0
github.com/InsideGallery/pomodoro/internal/modules/metrics/scene.go:259.3,264.39 3 0
github.com/InsideGallery/pomodoro/internal/modules/metrics/scene.go:268.89,291.27 7 0
github.com/InsideGallery/pomodoro/internal/modules/metrics/scene.go:291.27,300.3 5 0
github.com/InsideGallery/pomodoro/internal/modules/metrics/scene.go:303.68,305.37 2 0
github.com/InsideGallery/pomodoro/internal/modules/metrics/scene.go:305.37,307.3 1 0
github.com/InsideGallery/pomodoro/internal/modules/metrics/scene.go:309.2,316.13 6 0
github.com/InsideGallery/pomodoro/internal/modules/metrics/scene.go:319.36,320.13 1 0
github.com/InsideGallery/pomodoro/internal/modules/metrics/scene.go:320.13,322.3 1 0
github.com/InsideGallery/pomodoro/internal/modules/metrics/scene.go:324.2,324.32 1 0
github.com/InsideGallery/pomodoro/internal/modules/metrics/scene.go:327.31,327.88 1 0
github.com/InsideGallery/pomodoro/internal/modules/metrics/scene.go:328.31,328.88 1 0
github.com/InsideGallery/pomodoro/internal/modules/metrics/scene.go:329.31,329.88 1 0
github.com/InsideGallery/pomodoro/internal/modules/metrics/store.go:44.35,46.2 1 1
github.com/InsideGallery/pomodoro/internal/modules/metrics/store.go:49.27,51.16 2 1
github.com/InsideGallery/pomodoro/internal/modules/metrics/store.go:51.16,53.3 1 0
github.com/InsideGallery/pomodoro/internal/modules/metrics/store.go:55.2,55.67 1 1
github.com/InsideGallery/pomodoro/internal/modules/metrics/store.go:62.30,67.16 4 1
github.com/InsideGallery/pomodoro/internal/modules/metrics/store.go:67.16,71.3 2 1
github.com/InsideGallery/pomodoro/internal/modules/metrics/store.go:73.2,73.54 1 1
github.com/InsideGallery/pomodoro/internal/modules/metrics/store.go:73.54,75.3 1 0
github.com/InsideGallery/pomodoro/internal/modules/metrics/store.go:78.2,78.24 1 1
github.com/InsideGallery/pomodoro/internal/modules/metrics/store.go:78.24,79.44 1 1
github.com/InsideGallery/pomodoro/internal/modules/metrics/store.go:79.44,81.4 1 0
github.com/InsideGallery/pomodoro/internal/modules/metrics/store.go:83.3,83.44 1 1
github.com/InsideGallery/pomodoro/internal/modules/metrics/store.go:83.44,85.4 1 0
github.com/InsideGallery/pomodoro/internal/modules/metrics/store.go:87.3,87.43 1 1
github.com/InsideGallery/pomodoro/internal/modules/metrics/store.go:87.43,89.4 1 0
github.com/InsideGallery/pomodoro/internal/modules/metrics/store.go:92.2,92.12 1 1
github.com/InsideGallery/pomodoro/internal/modules/metrics/store.go:96.30,100.65 3 1
github.com/InsideGallery/pomodoro/internal/modules/metrics/store.go:100.65,102.3 1 0
github.com/InsideGallery/pomodoro/internal/modules/metrics/store.go:104.2,105.16 2 1
github.com/InsideGallery/pomodoro/internal/modules/metrics/store.go:105.16,107.3 1 0
github.com/InsideGallery/pomodoro/internal/modules/metrics/store.go:109.2,109.42 1 1
github.com/InsideGallery/pomodoro/internal/modules/metrics/store.go:113.39,116.63 2 1
github.com/InsideGallery/pomodoro/internal/modules/metrics/store.go:116.63,118.3 1 1
github.com/InsideGallery/pomodoro/internal/modules/metrics/store.go:120.2,122.31 2 1
github.com/InsideGallery/pomodoro/internal/modules/metrics/store.go:126.36,131.2 3 1
github.com/InsideGallery/pomodoro/internal/modules/metrics/store.go:134.51,139.2 3 1
github.com/InsideGallery/pomodoro/internal/modules/metrics/store.go:142.36,147.2 3 1
github.com/InsideGallery/pomodoro/internal/modules/metrics/store.go:150.51,155.2 3 1
github.com/InsideGallery/pomodoro/internal/modules/metrics/store.go:158.38,163.2 3 1
github.com/InsideGallery/pomodoro/internal/modules/metrics/store.go:166.35,171.2 3 1
github.com/InsideGallery/pomodoro/internal/modules/metrics/store.go:174.50,179.2 3 1
github.com/InsideGallery/pomodoro/internal/modules/metrics/store.go:182.42,187.2 3 1
github.com/InsideGallery/pomodoro/internal/modules/metrics/store.go:190.33,195.2 3 1
github.com/InsideGallery/pomodoro/internal/modules/metrics/store.go:198.34,205.28 5 1
github.com/InsideGallery/pomodoro/internal/modules/metrics/store.go:205.28,207.3 1 0
github.com/InsideGallery/pomodoro/internal/modules/metrics/store.go:209.2,213.27 3 1
github.com/InsideGallery/pomodoro/internal/modules/metrics/store.go:213.27,214.26 1 1
github.com/InsideGallery/pomodoro/internal/modules/metrics/store.go:214.26,216.4 1 1
github.com/InsideGallery/pomodoro/internal/modules/metrics/store.go:219.2,219.30 1 1
github.com/InsideGallery/pomodoro/internal/modules/metrics/store.go:223.35,231.27 5 1
github.com/InsideGallery/pomodoro/internal/modules/metrics/store.go:231.27,232.27 1 1
github.com/InsideGallery/pomodoro/internal/modules/metrics/store.go:232.27,234.4 1 1
github.com/InsideGallery/pomodoro/internal/modules/metrics/store.go:237.2,237.30 1 1
github.com/InsideGallery/pomodoro/internal/modules/metrics/store.go:240.56,243.25 2 1
github.com/InsideGallery/pomodoro/internal/modules/metrics/store.go:243.25,252.3 8 1
github.com/InsideGallery/pomodoro/internal/modules/metrics/store.go:254.2,254.12 1 1
github.com/InsideGallery/pomodoro/internal/modules/minigame/game.go:41.94,50.2 8 1
github.com/InsideGallery/pomodoro/internal/modules/minigame/game.go:53.29,54.34 1 1
github.com/InsideGallery/pomodoro/internal/modules/minigame/game.go:54.34,55.22 1 1
github.com/InsideGallery/pomodoro/internal/modules/minigame/game.go:55.22,63.4 4 1
github.com/InsideGallery/pomodoro/internal/modules/minigame/game.go:69.41,73.30 3 1
github.com/InsideGallery/pomodoro/internal/modules/minigame/game.go:73.30,74.15 1 1
github.com/InsideGallery/pomodoro/internal/modules/minigame/game.go:74.15,75.12 1 0
github.com/InsideGallery/pomodoro/internal/modules/minigame/game.go:78.3,81.64 3 1
github.com/InsideGallery/pomodoro/internal/modules/minigame/game.go:81.64,84.4 2 1
github.com/InsideGallery/pomodoro/internal/modules/minigame/game.go:87.2,87.17 1 1
github.com/InsideGallery/pomodoro/internal/modules/minigame/game.go:87.17,89.3 1 1
github.com/InsideGallery/pomodoro/internal/modules/minigame/game.go:91.2,94.25 3 1
github.com/InsideGallery/pomodoro/internal/modules/minigame/game.go:94.25,96.3 1 1
github.com/InsideGallery/pomodoro/internal/modules/minigame/game.go:98.2,98.13 1 1
github.com/InsideGallery/pomodoro/internal/modules/minigame/game.go:102.33,105.30 2 1
github.com/InsideGallery/pomodoro/internal/modules/minigame/game.go:105.30,106.14 1 1
github.com/InsideGallery/pomodoro/internal/modules/minigame/game.go:106.14,108.4 1 1
github.com/InsideGallery/pomodoro/internal/modules/minigame/game.go:111.2,111.14 1 1
github.com/InsideGallery/pomodoro/internal/modules/minigame/game.go:115.43,117.2 1 1
github.com/InsideGallery/pomodoro/internal/modules/minigame/game.go:120.34,122.2 1 1
github.com/InsideGallery/pomodoro/internal/modules/minigame/game.go:125.55,127.13 2 1
github.com/InsideGallery/pomodoro/internal/modules/minigame/game.go:127.13,129.3 1 1
github.com/InsideGallery/pomodoro/internal/modules/minigame/game.go:131.2,131.12 1 1
github.com/InsideGallery/pomodoro/internal/modules/minigame/module.go:23.95,30.2 1 0
github.com/InsideGallery/pomodoro/internal/modules/minigame/module.go:32.37,32.58 1 0
github.com/InsideGallery/pomodoro/internal/modules/minigame/module.go:33.37,33.57 1 0
github.com/InsideGallery/pomodoro/internal/modules/minigame/module.go:34.37,34.54 1 0
github.com/InsideGallery/pomodoro/internal/modules/minigame/module.go:35.37,35.56 1 0
github.com/InsideGallery/pomodoro/internal/modules/minigame/module.go:36.37,36.58 1 0
github.com/InsideGallery/pomodoro/internal/modules/minigame/module.go:37.37,37.55 1 0
github.com/InsideGallery/pomodoro/internal/modules/minigame/module.go:39.39,40.56 1 0
github.com/InsideGallery/pomodoro/internal/modules/minigame/module.go:40.56,41.17 1 0
github.com/InsideGallery/pomodoro/internal/modules/minigame/module.go:41.17,43.4 1 0
github.com/InsideGallery/pomodoro/internal/modules/minigame/module.go:45.3,45.15 1 0
github.com/InsideGallery/pomodoro/internal/modules/minigame/module.go:48.2,48.58 1 0
github.com/InsideGallery/pomodoro/internal/modules/minigame/module.go:48.58,50.3 1 0
github.com/InsideGallery/pomodoro/internal/modules/minigame/module.go:52.2,52.49 1 0
github.com/InsideGallery/pomodoro/internal/modules/minigame/module.go:52.49,54.3 1 0
github.com/InsideGallery/pomodoro/internal/modules/minigame/module.go:57.29,61.2 2 0
github.com/InsideGallery/pomodoro/internal/modules/minigame/module.go:63.27,64.15 1 0
github.com/InsideGallery/pomodoro/internal/modules/minigame/module.go:64.15,66.3 1 0
github.com/InsideGallery/pomodoro/internal/modules/minigame/module.go:68.2,70.44 2 0
github.com/InsideGallery/pomodoro/internal/modules/minigame/module.go:70.44,73.3 2 0
github.com/InsideGallery/pomodoro/internal/modules/minigame/module.go:76.31,79.2 2 0
github.com/InsideGallery/pomodoro/internal/modules/minigame/module.go:82.28,84.2 1 0
github.com/InsideGallery/pomodoro/internal/modules/minigame/module.go:87.37,90.2 2 0
github.com/InsideGallery/pomodoro/internal/modules/minigame/module.go:93.43,93.64 1 0
github.com/InsideGallery/pomodoro/internal/modules/minigame/module.go:96.34,96.56 1 0
github.com/InsideGallery/pomodoro/internal/modules/minigame/scene.go:37.74,45.26 3 0
github.com/InsideGallery/pomodoro/internal/modules/minigame/scene.go:45.26,49.4 3 0
github.com/InsideGallery/pomodoro/internal/modules/minigame/scene.go:54.2,54.56 1 0
github.com/InsideGallery/pomodoro/internal/modules/minigame/scene.go:54.56,55.16 1 0
github.com/InsideGallery/pomodoro/internal/modules/minigame/scene.go:55.16,57.4 1 0
github.com/InsideGallery/pomodoro/internal/modules/minigame/scene.go:60.2,60.57 1 0
github.com/InsideGallery/pomodoro/internal/modules/minigame/scene.go:60.57,61.42 1 0
github.com/InsideGallery/pomodoro/internal/modules/minigame/scene.go:61.42,64.4 2 0
github.com/InsideGallery/pomodoro/internal/modules/minigame/scene.go:67.2,67.10 1 0
github.com/InsideGallery/pomodoro/internal/modules/minigame/scene.go:70.33,70.53 1 0
github.com/InsideGallery/pomodoro/internal/modules/minigame/scene.go:71.33,71.53 1 0
github.com/InsideGallery/pomodoro/internal/modules/minigame/scene.go:73.43,75.2 1 0
github.com/InsideGallery/pomodoro/internal/modules/minigame/scene.go:77.30,81.41 2 0
github.com/InsideGallery/pomodoro/internal/modules/minigame/scene.go:81.41,86.3 4 0
github.com/InsideGallery/pomodoro/internal/modules/minigame/scene.go:89.2,95.12 5 0
github.com/InsideGallery/pomodoro/internal/modules/minigame/scene.go:98.32,102.2 2 0
github.com/InsideGallery/pomodoro/internal/modules/minigame/scene.go:104.32,105.16 1 0
github.com/InsideGallery/pomodoro/internal/modules/minigame/scene.go:105.16,107.49 1 0
github.com/InsideGallery/pomodoro/internal/modules/minigame/scene.go:107.49,109.4 1 0
github.com/InsideGallery/pomodoro/internal/modules/minigame/scene.go:111.3,111.13 1 0
github.com/InsideGallery/pomodoro/internal/modules/minigame/scene.go:114.2,116.24 2 0
github.com/InsideGallery/pomodoro/internal/modules/minigame/scene.go:116.24,120.3 2 0
github.com/InsideGallery/pomodoro/internal/modules/minigame/scene.go:122.2,122.50 1 0
github.com/InsideGallery/pomodoro/internal/modules/minigame/scene.go:122.50,127.3 3 0
github.com/InsideGallery/pomodoro/internal/modules/minigame/scene.go:129.2,129.64 1 0
github.com/InsideGallery/pomodoro/internal/modules/minigame/scene.go:129.64,132.3 2 0
github.com/InsideGallery/pomodoro/internal/modules/minigame/scene.go:134.2,134.12 1 0
github.com/InsideGallery/pomodoro/internal/modules/minigame/scene.go:137.26,140.2 2 0
github.com/InsideGallery/pomodoro/internal/modules/minigame/scene.go:142.32,143.44 1 0
github.com/InsideGallery/pomodoro/internal/modules/minigame/scene.go:143.44,146.3 2 0
github.com/InsideGallery/pomodoro/internal/modules/minigame/scene.go:149.44,151.16 1 0
github.com/InsideGallery/pomodoro/internal/modules/minigame/scene.go:151.16,155.3 2 0
github.com/InsideGallery/pomodoro/internal/modules/minigame/scene.go:157.2,158.19 2 0
github.com/InsideGallery/pomodoro/internal/modules/minigame/scene.go:161.68,163.37 2 0
github.com/InsideGallery/pomodoro/internal/modules/minigame/scene.go:163.37,165.3 1 0
github.com/InsideGallery/pomodoro/internal/modules/minigame/scene.go:167.2,174.13 6 0
github.com/InsideGallery/pomodoro/internal/modules/minigame/scene.go:190.48,191.35 1 0
github.com/InsideGallery/pomodoro/internal/modules/minigame/scene.go:191.35,192.15 1 0
github.com/InsideGallery/pomodoro/internal/modules/minigame/scene.go:192.15,193.12 1 0
github.com/InsideGallery/pomodoro/internal/modules/minigame/scene.go:196.3,200.83 4 0
github.com/InsideGallery/pomodoro/internal/modules/minigame/scene.go:204.44,235.2 21 0
github.com/InsideGallery/pomodoro/internal/modules/minigame/scene.go:237.49,255.25 12 0
github.com/InsideGallery/pomodoro/internal/modules/minigame/scene.go:255.25,259.3 1 0
github.com/InsideGallery/pomodoro/internal/modules/minigame/scene.go:259.8,263.3 1 0
github.com/InsideGallery/pomodoro/internal/modules/minigame/scene.go:265.2,277.22 5 0
github.com/InsideGallery/pomodoro/internal/modules/minigame/screen.go:23.33,28.43 4 0
github.com/InsideGallery/pomodoro/internal/modules/minigame/screen.go:28.43,30.3 1 0
github.com/InsideGallery/pomodoro/internal/modules/minigame/screen.go:33.35,36.2 2 0
github.com/InsideGallery/pomodoro/internal/modules/minigame/screen.go:38.27,39.23 1 0
github.com/InsideGallery/pomodoro/internal/modules/minigame/screen.go:39.23,42.49 1 0
github.com/InsideGallery/pomodoro/internal/modules/minigame/screen.go:42.49,44.4 1 0
github.com/InsideGallery/pomodoro/internal/modules/minigame/screen.go:46.3,46.9 1 0
github.com/InsideGallery/pomodoro/internal/modules/minigame/screen.go:49.2,51.31 2 0
github.com/InsideGallery/pomodoro/internal/modules/minigame/screen.go:51.31,55.3 2 0
github.com/InsideGallery/pomodoro/internal/modules/minigame/screen.go:57.2,57.50 1 0
github.com/InsideGallery/pomodoro/internal/modules/minigame/screen.go:57.50,61.3 2 0
github.com/InsideGallery/pomodoro/internal/modules/minigame/screen.go:63.2,63.64 1 0
github.com/InsideGallery/pomodoro/internal/modules/minigame/screen.go:63.64,66.3 2 0
github.com/InsideGallery/pomodoro/internal/modules/minigame/screen.go:69.42,71.23 1 0
github.com/InsideGallery/pomodoro/internal/modules/minigame/screen.go:71.23,75.3 2 0
github.com/InsideGallery/pomodoro/internal/modules/minigame/screen.go:77.2,78.16 2 0
github.com/InsideGallery/pomodoro/internal/modules/minigame/screen.go:81.49,95.42 2 0
github.com/InsideGallery/pomodoro/internal/modules/minigame/screen.go:95.42,96.15 1 0
github.com/InsideGallery/pomodoro/internal/modules/minigame/screen.go:96.15,97.12 1 0
github.com/InsideGallery/pomodoro/internal/modules/minigame/screen.go:100.3,106.83 4 0
github.com/InsideGallery/pomodoro/internal/modules/minigame/screen.go:110.45,141.2 20 0
github.com/InsideGallery/pomodoro/internal/modules/minigame/screen.go:143.50,163.32 12 0
github.com/InsideGallery/pomodoro/internal/modules/minigame/screen.go:163.32,167.3 1 0
github.com/InsideGallery/pomodoro/internal/modules/minigame/screen.go:167.8,171.3 1 0
github.com/InsideGallery/pomodoro/internal/modules/minigame/screen.go:173.2,185.22 5 0
github.com/InsideGallery/pomodoro/pkg/systems/debug.go:16.48,18.2 1 0
github.com/InsideGallery/pomodoro/pkg/systems/debug.go:20.42,20.59 1 0
github.com/InsideGallery/pomodoro/pkg/systems/debug.go:22.55,22.69 1 0
github.com/InsideGallery/pomodoro/pkg/systems/debug.go:24.65,24.66 0 0
github.com/InsideGallery/pomodoro/pkg/systems/debug.go:27.75,28.16 1 0
github.com/InsideGallery/pomodoro/pkg/systems/debug.go:28.16,30.3 1 0
github.com/InsideGallery/pomodoro/pkg/systems/debug.go:32.2,32.107 1 0
github.com/InsideGallery/pomodoro/pkg/systems/input.go:57.53,59.2 1 1
github.com/InsideGallery/pomodoro/pkg/systems/input.go:62.40,65.2 2 1
github.com/InsideGallery/pomodoro/pkg/systems/input.go:68.36,69.28 1 1
github.com/InsideGallery/pomodoro/pkg/systems/input.go:69.28,71.3 1 1
github.com/InsideGallery/pomodoro/pkg/systems/input.go:73.2,76.21 4 1
github.com/InsideGallery/pomodoro/pkg/systems/input.go:80.55,87.28 3 0
github.com/InsideGallery/pomodoro/pkg/systems/input.go:87.28,88.23 1 0
github.com/InsideGallery/pomodoro/pkg/systems/input.go:88.23,90.4 1 0
github.com/InsideGallery/pomodoro/pkg/systems/input.go:94.2,94.37 1 0
github.com/InsideGallery/pomodoro/pkg/systems/input.go:94.37,95.59 1 0
github.com/InsideGallery/pomodoro/pkg/systems/input.go:95.59,97.35 1 0
github.com/InsideGallery/pomodoro/pkg/systems/input.go:97.35,99.5 1 0
github.com/InsideGallery/pomodoro/pkg/systems/input.go:101.4,102.20 2 0
github.com/InsideGallery/pomodoro/pkg/systems/input.go:103.9,103.38 1 0
github.com/InsideGallery/pomodoro/pkg/systems/input.go:103.38,105.4 1 0
github.com/InsideGallery/pomodoro/pkg/systems/input.go:107.3,107.13 1 0
github.com/InsideGallery/pomodoro/pkg/systems/input.go:111.2,111.82 1 0
github.com/InsideGallery/pomodoro/pkg/systems/input.go:111.82,114.33 2 0
github.com/InsideGallery/pomodoro/pkg/systems/input.go:114.33,118.4 3 0
github.com/InsideGallery/pomodoro/pkg/systems/input.go:122.2,122.65 1 0
github.com/InsideGallery/pomodoro/pkg/systems/input.go:122.65,123.102 1 0
github.com/InsideGallery/pomodoro/pkg/systems/input.go:123.102,125.4 1 0
github.com/InsideGallery/pomodoro/pkg/systems/input.go:127.3,127.22 1 0
github.com/InsideGallery/pomodoro/pkg/systems/input.go:130.2,130.58 1 0
github.com/InsideGallery/pomodoro/pkg/systems/input.go:130.58,134.3 3 0
github.com/InsideGallery/pomodoro/pkg/systems/input.go:136.2,136.12 1 0
github.com/InsideGallery/pomodoro/pkg/systems/input.go:140.65,140.66 0 0
github.com/InsideGallery/pomodoro/pkg/systems/input.go:143.47,145.2 1 0
github.com/InsideGallery/pomodoro/pkg/systems/input.go:147.52,151.20 3 1
github.com/InsideGallery/pomodoro/pkg/systems/input.go:151.20,153.3 1 0
github.com/InsideGallery/pomodoro/pkg/systems/input.go:156.2,158.27 2 1
github.com/InsideGallery/pomodoro/pkg/systems/input.go:158.27,159.29 1 1
github.com/InsideGallery/pomodoro/pkg/systems/input.go:159.29,160.24 1 1
github.com/InsideGallery/pomodoro/pkg/systems/input.go:160.24,161.50 1 1
github.com/InsideGallery/pomodoro/pkg/systems/input.go:161.50,163.6 1 1
github.com/InsideGallery/pomodoro/pkg/systems/input.go:168.2,168.13 1 1
github.com/InsideGallery/pomodoro/internal/modules/settings/scene.go:32.66,38.2 1 0
github.com/InsideGallery/pomodoro/internal/modules/settings/scene.go:40.31,40.51 1 0
github.com/InsideGallery/pomodoro/internal/modules/settings/scene.go:42.33,44.2 1 0
github.com/InsideGallery/pomodoro/internal/modules/settings/scene.go:46.43,50.27 3 0
github.com/InsideGallery/pomodoro/internal/modules/settings/scene.go:50.27,53.3 2 0
github.com/InsideGallery/pomodoro/internal/modules/settings/scene.go:54.2,54.48 1 0
github.com/InsideGallery/pomodoro/internal/modules/settings/scene.go:54.48,54.69 1 0
github.com/InsideGallery/pomodoro/internal/modules/settings/scene.go:55.2,55.49 1 0
github.com/InsideGallery/pomodoro/internal/modules/settings/scene.go:55.49,55.70 1 0
github.com/InsideGallery/pomodoro/internal/modules/settings/scene.go:56.2,56.46 1 0
github.com/InsideGallery/pomodoro/internal/modules/settings/scene.go:56.46,56.67 1 0
github.com/InsideGallery/pomodoro/internal/modules/settings/scene.go:57.2,57.43 1 0
github.com/InsideGallery/pomodoro/internal/modules/settings/scene.go:57.43,57.64 1 0
github.com/InsideGallery/pomodoro/internal/modules/settings/scene.go:58.2,58.46 1 0
github.com/InsideGallery/pomodoro/internal/modules/settings/scene.go:58.46,63.3 4 0
github.com/InsideGallery/pomodoro/internal/modules/settings/scene.go:64.2,64.50 1 0
github.com/InsideGallery/pomodoro/internal/modules/settings/scene.go:64.50,66.3 1 0
github.com/InsideGallery/pomodoro/internal/modules/settings/scene.go:67.2,67.36 1 0
github.com/InsideGallery/pomodoro/internal/modules/settings/scene.go:67.36,75.3 7 0
github.com/InsideGallery/pomodoro/internal/modules/settings/scene.go:78.30,84.2 4 0
github.com/InsideGallery/pomodoro/internal/modules/settings/scene.go:86.32,86.46 1 0
github.com/InsideGallery/pomodoro/internal/modules/settings/scene.go:88.32,89.21 1 0
github.com/InsideGallery/pomodoro/internal/modules/settings/scene.go:89.21,93.3 3 0
github.com/InsideGallery/pomodoro/internal/modules/settings/scene.go:95.2,95.50 1 0
github.com/InsideGallery/pomodoro/internal/modules/settings/scene.go:95.50,100.3 3 0
github.com/InsideGallery/pomodoro/internal/modules/settings/scene.go:102.2,104.12 2 0
github.com/InsideGallery/pomodoro/internal/modules/settings/scene.go:107.44,116.2 6 0
github.com/InsideGallery/pomodoro/internal/modules/settings/scene.go:118.68,120.37 2 0
github.com/InsideGallery/pomodoro/internal/modules/settings/scene.go:120.37,122.3 1 0
github.com/InsideGallery/pomodoro/internal/modules/settings/scene.go:124.2,129.35 4 0
github.com/InsideGallery/pomodoro/internal/modules/settings/scene.go:129.35,133.3 3 0
github.com/InsideGallery/pomodoro/internal/modules/settings/scene.go:135.2,135.13 1 0
github.com/InsideGallery/pomodoro/internal/tray/icon.go:12.56,19.28 5 0
github.com/InsideGallery/pomodoro/internal/tray/icon.go:19.28,20.29 1 0
github.com/InsideGallery/pomodoro/internal/tray/icon.go:20.29,25.17 4 0
github.com/InsideGallery/pomodoro/internal/tray/icon.go:25.17,26.20 1 0
github.com/InsideGallery/pomodoro/internal/tray/icon.go:26.20,28.6 1 0
github.com/InsideGallery/pomodoro/internal/tray/icon.go:28.11,30.6 1 0
github.com/InsideGallery/pomodoro/internal/tray/icon.go:36.2,36.34 1 0
github.com/InsideGallery/pomodoro/internal/tray/icon.go:36.34,40.27 3 0
github.com/InsideGallery/pomodoro/internal/tray/icon.go:40.27,43.19 2 0
github.com/InsideGallery/pomodoro/internal/tray/icon.go:43.19,45.5 1 0
github.com/InsideGallery/pomodoro/internal/tray/icon.go:49.2,53.20 3 0
github.com/InsideGallery/pomodoro/internal/tray/tray.go:23.27,25.2 1 0
github.com/InsideGallery/pomodoro/internal/tray/tray.go:28.30,31.11 2 0
github.com/InsideGallery/pomodoro/internal/tray/tray.go:31.11,33.3 1 0
github.com/InsideGallery/pomodoro/internal/tray/tray.go:37.12,39.2 1 0
github.com/InsideGallery/pomodoro/internal/tray/tray.go:42.13,44.2 1 0
github.com/InsideGallery/pomodoro/internal/tray/tray.go:46.16,49.19 2 0
github.com/InsideGallery/pomodoro/internal/tray/tray.go:49.19,51.3 1 0
github.com/InsideGallery/pomodoro/internal/tray/tray.go:53.2,63.12 7 0
github.com/InsideGallery/pomodoro/internal/tray/tray.go:63.12,64.7 1 0
github.com/InsideGallery/pomodoro/internal/tray/tray.go:64.7,65.11 1 0
github.com/InsideGallery/pomodoro/internal/tray/tray.go:66.27,67.27 1 0
github.com/InsideGallery/pomodoro/internal/tray/tray.go:68.30,69.30 1 0
github.com/InsideGallery/pomodoro/internal/tray/tray.go:70.27,71.27 1 0
github.com/InsideGallery/pomodoro/internal/tray/tray.go:77.16,77.17 0 0
github.com/InsideGallery/pomodoro/internal/modules/timer/scene.go:51.10,81.47 7 0
github.com/InsideGallery/pomodoro/internal/modules/timer/scene.go:81.47,82.21 1 0
github.com/InsideGallery/pomodoro/internal/modules/timer/scene.go:82.21,85.4 2 0
github.com/InsideGallery/pomodoro/internal/modules/timer/scene.go:87.3,88.16 2 0
github.com/InsideGallery/pomodoro/internal/modules/timer/scene.go:92.2,92.57 1 0
github.com/InsideGallery/pomodoro/internal/modules/timer/scene.go:92.57,93.42 1 0
github.com/InsideGallery/pomodoro/internal/modules/timer/scene.go:93.42,101.4 1 0
github.com/InsideGallery/pomodoro/internal/modules/timer/scene.go:104.2,104.10 1 0
github.com/InsideGallery/pomodoro/internal/modules/timer/scene.go:107.31,107.51 1 0
github.com/InsideGallery/pomodoro/internal/modules/timer/scene.go:110.39,110.69 1 0
github.com/InsideGallery/pomodoro/internal/modules/timer/scene.go:113.48,113.86 1 0
github.com/InsideGallery/pomodoro/internal/modules/timer/scene.go:116.43,116.76 1 0
github.com/InsideGallery/pomodoro/internal/modules/timer/scene.go:119.39,119.75 1 0
github.com/InsideGallery/pomodoro/internal/modules/timer/scene.go:121.43,132.24 5 0
github.com/InsideGallery/pomodoro/internal/modules/timer/scene.go:132.24,132.55 1 0
github.com/InsideGallery/pomodoro/internal/modules/timer/scene.go:134.2,138.4 2 0
github.com/InsideGallery/pomodoro/internal/modules/timer/scene.go:141.30,146.31 5 0
github.com/InsideGallery/pomodoro/internal/modules/timer/scene.go:146.31,146.62 1 0
github.com/InsideGallery/pomodoro/internal/modules/timer/scene.go:147.2,149.36 3 0
github.com/InsideGallery/pomodoro/internal/modules/timer/scene.go:149.36,152.3 2 0
github.com/InsideGallery/pomodoro/internal/modules/timer/scene.go:153.2,153.50 1 0
github.com/InsideGallery/pomodoro/internal/modules/timer/scene.go:153.50,155.3 1 0
github.com/InsideGallery/pomodoro/internal/modules/timer/scene.go:156.2,161.12 3 0
github.com/InsideGallery/pomodoro/internal/modules/timer/scene.go:164.33,182.2 13 0
github.com/InsideGallery/pomodoro/internal/modules/timer/scene.go:184.32,184.46 1 0
github.com/InsideGallery/pomodoro/internal/modules/timer/scene.go:186.32,186.63 1 0
github.com/InsideGallery/pomodoro/internal/modules/timer/scene.go:188.44,197.2 6 0
github.com/InsideGallery/pomodoro/internal/modules/timer/scene.go:199.68,201.37 2 0
github.com/InsideGallery/pomodoro/internal/modules/timer/scene.go:201.37,203.3 1 0
github.com/InsideGallery/pomodoro/internal/modules/timer/scene.go:205.2,210.35 4 0
github.com/InsideGallery/pomodoro/internal/modules/timer/scene.go:210.35,215.3 4 0
github.com/InsideGallery/pomodoro/internal/modules/timer/scene.go:217.2,217.13 1 0
github.com/InsideGallery/pomodoro/internal/modules/timer/scene.go:220.29,222.16 2 0
github.com/InsideGallery/pomodoro/internal/modules/timer/scene.go:222.16,224.3 1 0
github.com/InsideGallery/pomodoro/internal/modules/timer/scene.go:226.2,234.59 7 0
github.com/InsideGallery/pomodoro/internal/modules/timer/scene.go:234.59,235.42 1 0
github.com/InsideGallery/pomodoro/internal/modules/timer/scene.go:235.42,239.4 3 0
github.com/InsideGallery/pomodoro/internal/modules/timer/scene.go:243.29,254.2 8 0
github.com/InsideGallery/pomodoro/internal/modules/timer/systems/keyboard.go:17.58,18.74 1 0
github.com/InsideGallery/pomodoro/internal/modules/timer/systems/keyboard.go:18.74,20.3 1 0
github.com/InsideGallery/pomodoro/internal/modules/timer/systems/keyboard.go:22.2,22.65 1 0
github.com/InsideGallery/pomodoro/internal/modules/timer/systems/keyboard.go:22.65,24.3 1 0
github.com/InsideGallery/pomodoro/internal/modules/timer/systems/keyboard.go:26.2,26.68 1 0
github.com/InsideGallery/pomodoro/internal/modules/timer/systems/keyboard.go:26.68,28.3 1 0
github.com/InsideGallery/pomodoro/internal/modules/timer/systems/keyboard.go:30.2,30.12 1 0
github.com/InsideGallery/pomodoro/internal/modules/timer/systems/keyboard.go:33.68,33.69 0 0
github.com/InsideGallery/pomodoro/internal/modules/timer/systems/render.go:19.56,23.2 2 0
github.com/InsideGallery/pomodoro/internal/modules/timer/systems/render.go:25.70,27.2 1 0
github.com/InsideGallery/pomodoro/internal/modules/timer/systems/tick.go:22.54,29.77 5 0
github.com/InsideGallery/pomodoro/internal/modules/timer/systems/tick.go:29.77,31.3 1 0
github.com/InsideGallery/pomodoro/internal/modules/timer/systems/tick.go:33.2,33.44 1 0
github.com/InsideGallery/pomodoro/internal/modules/timer/systems/tick.go:33.44,34.28 1 0
github.com/InsideGallery/pomodoro/internal/modules/timer/systems/tick.go:34.28,36.4 1 0
github.com/InsideGallery/pomodoro/internal/modules/timer/systems/tick.go:38.3,38.23 1 0
github.com/InsideGallery/pomodoro/internal/modules/timer/systems/tick.go:41.2,41.26 1 0
github.com/InsideGallery/pomodoro/internal/modules/timer/systems/tick.go:41.26,43.3 1 0
github.com/InsideGallery/pomodoro/internal/modules/timer/systems/tick.go:45.2,45.12 1 0
github.com/InsideGallery/pomodoro/internal/modules/timer/systems/tick.go:48.64,48.65 0 0
github.com/InsideGallery/pomodoro/internal/modules/timer/systems/tick.go:50.37,53.23 2 0
github.com/InsideGallery/pomodoro/internal/modules/timer/systems/tick.go:54.23,58.21 3 0
github.com/InsideGallery/pomodoro/internal/modules/timer/systems/tick.go:58.21,60.4 1 0
github.com/InsideGallery/pomodoro/internal/modules/timer/systems/tick.go:61.25,65.21 3 0
github.com/InsideGallery/pomodoro/internal/modules/timer/systems/tick.go:65.21,67.4 1 0
github.com/InsideGallery/pomodoro/internal/modules/timer/systems/tick.go:68.10,72.21 3 0
github.com/InsideGallery/pomodoro/internal/modules/timer/systems/tick.go:72.21,74.4 1 0
github.com/InsideGallery/pomodoro/internal/modules/timer/systems/tick.go:77.2,77.15 1 0
github.com/InsideGallery/pomodoro/internal/modules/timer/systems/tick.go:80.32,84.20 3 0
github.com/InsideGallery/pomodoro/internal/modules/timer/systems/tick.go:84.20,86.3 1 0
github.com/InsideGallery/pomodoro/internal/modules/timer/systems/tick.go:88.2,88.15 1 0
github.com/InsideGallery/pomodoro/internal/modules/timer/systems/tick.go:91.31,95.31 3 0
github.com/InsideGallery/pomodoro/internal/modules/timer/systems/tick.go:95.31,98.21 2 0
github.com/InsideGallery/pomodoro/internal/modules/timer/systems/tick.go:98.21,100.4 1 0
github.com/InsideGallery/pomodoro/internal/modules/timer/systems/tick.go:101.8,101.27 1 0
github.com/InsideGallery/pomodoro/internal/modules/timer/systems/tick.go:101.27,103.3 1 0
github.com/InsideGallery/pomodoro/internal/modules/timer/systems/tick.go:105.2,105.15 1 0
github.com/InsideGallery/pomodoro/internal/modules/timer/systems/tick.go:108.68,111.12 2 0
github.com/InsideGallery/pomodoro/internal/modules/timer/systems/tick.go:112.24,113.25 1 0
github.com/InsideGallery/pomodoro/internal/modules/timer/systems/tick.go:114.24,115.25 1 0
github.com/InsideGallery/pomodoro/internal/modules/timer/systems/tick.go:116.28,117.29 1 0
github.com/InsideGallery/pomodoro/internal/modules/timer/systems/tick.go:118.10,119.9 1 0
github.com/InsideGallery/pomodoro/internal/modules/timer/systems/tick.go:122.2,122.48 1 0
github.com/InsideGallery/pomodoro/internal/modules/timer/systems/tick.go:125.55,128.12 2 0
github.com/InsideGallery/pomodoro/internal/modules/timer/systems/tick.go:129.24,130.27 1 0
github.com/InsideGallery/pomodoro/internal/modules/timer/systems/tick.go:131.24,132.27 1 0
github.com/InsideGallery/pomodoro/internal/modules/timer/systems/tick.go:133.28,134.31 1 0
github.com/InsideGallery/pomodoro/internal/modules/timer/systems/tick.go:135.10,136.9 1 0
github.com/InsideGallery/pomodoro/internal/modules/timer/systems/tick.go:139.2,139.55 1 0
github.com/InsideGallery/pomodoro/internal/platform/x11_linux.go:149.40,153.2 3 0
github.com/InsideGallery/pomodoro/internal/platform/x11_linux.go:158.31,160.14 2 0
github.com/InsideGallery/pomodoro/internal/platform/x11_linux.go:160.14,162.3 1 0
github.com/InsideGallery/pomodoro/internal/platform/x11_linux.go:163.2,164.26 2 0
github.com/InsideGallery/pomodoro/internal/platform/x11_linux.go:168.48,170.14 2 0
github.com/InsideGallery/pomodoro/internal/platform/x11_linux.go:170.14,172.3 1 0
github.com/InsideGallery/pomodoro/internal/platform/x11_linux.go:174.2,174.14 1 0
github.com/InsideGallery/pomodoro/internal/platform/x11_linux.go:174.14,176.3 1 0
github.com/InsideGallery/pomodoro/internal/platform/x11_linux.go:178.2,179.12 2 0
github.com/InsideGallery/pomodoro/internal/platform/x11_linux.go:179.12,181.3 1 0
github.com/InsideGallery/pomodoro/internal/platform/x11_linux.go:183.2,183.37 1 0
github.com/InsideGallery/pomodoro/internal/platform/x11_linux.go:187.32,189.14 2 0
github.com/InsideGallery/pomodoro/internal/platform/x11_linux.go:189.14,191.3 1 0
github.com/InsideGallery/pomodoro/internal/platform/x11_linux.go:193.2,193.14 1 0
github.com/InsideGallery/pomodoro/internal/platform/x11_linux.go:193.14,195.3 1 0
github.com/InsideGallery/pomodoro/internal/platform/x11_linux.go:197.2,197.27 1 0
github.com/InsideGallery/pomodoro/internal/platform/x11_linux.go:201.31,203.14 2 0
github.com/InsideGallery/pomodoro/internal/platform/x11_linux.go:203.14,205.3 1 0
github.com/InsideGallery/pomodoro/internal/platform/x11_linux.go:206.2,206.14 1 0
github.com/InsideGallery/pomodoro/internal/platform/x11_linux.go:206.14,208.3 1 0
github.com/InsideGallery/pomodoro/internal/platform/x11_linux.go:209.2,209.26 1 0
github.com/InsideGallery/pomodoro/internal/ui/components.go:15.100,20.2 4 0
github.com/InsideGallery/pomodoro/internal/ui/components.go:23.109,26.2 2 0
github.com/InsideGallery/pomodoro/internal/ui/components.go:29.72,31.2 1 0
github.com/InsideGallery/pomodoro/internal/ui/components.go:51.27,54.23 2 0
github.com/InsideGallery/pomodoro/internal/ui/components.go:54.23,56.3 1 0
github.com/InsideGallery/pomodoro/internal/ui/components.go:58.2,58.77 1 0
github.com/InsideGallery/pomodoro/internal/ui/components.go:58.77,60.3 1 0
github.com/InsideGallery/pomodoro/internal/ui/components.go:62.2,62.78 1 0
github.com/InsideGallery/pomodoro/internal/ui/components.go:62.78,65.57 2 0
github.com/InsideGallery/pomodoro/internal/ui/components.go:65.57,67.4 1 0
github.com/InsideGallery/pomodoro/internal/ui/components.go:70.2,70.58 1 0
github.com/InsideGallery/pomodoro/internal/ui/components.go:70.58,72.3 1 0
github.com/InsideGallery/pomodoro/internal/ui/components.go:76.38,76.65 1 0
github.com/InsideGallery/pomodoro/internal/ui/components.go:78.42,80.15 2 0
github.com/InsideGallery/pomodoro/internal/ui/components.go:80.15,82.3 1 0
github.com/InsideGallery/pomodoro/internal/ui/components.go:84.2,84.15 1 0
github.com/InsideGallery/pomodoro/internal/ui/components.go:84.15,86.3 1 0
github.com/InsideGallery/pomodoro/internal/ui/components.go:88.2,90.23 2 0
github.com/InsideGallery/pomodoro/internal/ui/components.go:90.23,93.3 2 0
github.com/InsideGallery/pomodoro/internal/ui/components.go:95.2,95.36 1 0
github.com/InsideGallery/pomodoro/internal/ui/components.go:95.36,100.3 4 0
github.com/InsideGallery/pomodoro/internal/ui/components.go:103.39,106.2 2 0
github.com/InsideGallery/pomodoro/internal/ui/components.go:128.38,128.65 1 0
github.com/InsideGallery/pomodoro/internal/ui/components.go:132.27,133.22 1 0
github.com/InsideGallery/pomodoro/internal/ui/components.go:133.22,135.3 1 0
github.com/InsideGallery/pomodoro/internal/ui/components.go:137.2,139.64 2 0
github.com/InsideGallery/pomodoro/internal/ui/components.go:139.64,140.24 1 0
github.com/InsideGallery/pomodoro/internal/ui/components.go:140.24,144.4 3 0
github.com/InsideGallery/pomodoro/internal/ui/components.go:144.9,144.32 1 0
github.com/InsideGallery/pomodoro/internal/ui/components.go:144.32,148.4 3 0
github.com/InsideGallery/pomodoro/internal/ui/components.go:151.2,151.58 1 0
github.com/InsideGallery/pomodoro/internal/ui/components.go:151.58,154.3 2 0
github.com/InsideGallery/pomodoro/internal/ui/components.go:156.2,156.16 1 0
github.com/InsideGallery/pomodoro/internal/ui/components.go:156.16,157.19 1 0
github.com/InsideGallery/pomodoro/internal/ui/components.go:157.19,158.43 1 0
github.com/InsideGallery/pomodoro/internal/ui/components.go:158.43,160.5 1 0
github.com/InsideGallery/pomodoro/internal/ui/components.go:162.4,162.22 1 0
github.com/InsideGallery/pomodoro/internal/ui/components.go:165.3,166.12 2 0
github.com/InsideGallery/pomodoro/internal/ui/components.go:166.12,168.4 1 0
github.com/InsideGallery/pomodoro/internal/ui/components.go:170.3,170.12 1 0
github.com/InsideGallery/pomodoro/internal/ui/components.go:170.12,172.4 1 0
github.com/InsideGallery/pomodoro/internal/ui/components.go:174.3,175.24 2 0
github.com/InsideGallery/pomodoro/internal/ui/components.go:175.24,177.25 2 0
github.com/InsideGallery/pomodoro/internal/ui/components.go:177.25,179.5 1 0
github.com/InsideGallery/pomodoro/internal/ui/components.go:184.43,186.19 2 0
github.com/InsideGallery/pomodoro/internal/ui/components.go:186.19,188.3 1 0
github.com/InsideGallery/pomodoro/internal/ui/components.go:190.2,197.49 6 0
github.com/InsideGallery/pomodoro/internal/ui/components.go:200.31,201.11 1 0
github.com/InsideGallery/pomodoro/internal/ui/components.go:201.11,203.3 1 0
github.com/InsideGallery/pomodoro/internal/ui/components.go:205.2,205.10 1 0
github.com/InsideGallery/pomodoro/internal/ui/components.go:208.42,213.36 3 0
github.com/InsideGallery/pomodoro/internal/ui/components.go:213.36,215.3 1 0
github.com/InsideGallery/pomodoro/internal/ui/components.go:218.2,218.19 1 0
github.com/InsideGallery/pomodoro/internal/ui/components.go:218.19,222.3 3 0
github.com/InsideGallery/pomodoro/internal/ui/components.go:225.2,229.19 3 0
github.com/InsideGallery/pomodoro/internal/ui/components.go:229.19,231.3 1 0
github.com/InsideGallery/pomodoro/internal/ui/components.go:233.2,234.22 2 0
github.com/InsideGallery/pomodoro/internal/ui/components.go:234.22,236.3 1 0
github.com/InsideGallery/pomodoro/internal/ui/components.go:239.2,243.51 5 0
github.com/InsideGallery/pomodoro/internal/ui/components.go:246.37,247.26 1 0
github.com/InsideGallery/pomodoro/internal/ui/components.go:247.26,249.3 1 0
github.com/InsideGallery/pomodoro/internal/ui/components.go:251.2,251.65 1 0
github.com/InsideGallery/pomodoro/internal/ui/components.go:254.44,259.2 3 0
github.com/InsideGallery/pomodoro/internal/ui/components.go:276.38,276.65 1 0
github.com/InsideGallery/pomodoro/internal/ui/components.go:280.27,281.22 1 0
github.com/InsideGallery/pomodoro/internal/ui/components.go:281.22,283.3 1 0
github.com/InsideGallery/pomodoro/internal/ui/components.go:285.2,285.64 1 0
github.com/InsideGallery/pomodoro/internal/ui/components.go:285.64,289.13 3 0
github.com/InsideGallery/pomodoro/internal/ui/components.go:289.13,291.4 1 0
github.com/InsideGallery/pomodoro/internal/ui/components.go:293.3,294.29 2 0
github.com/InsideGallery/pomodoro/internal/ui/components.go:294.29,296.25 2 0
github.com/InsideGallery/pomodoro/internal/ui/components.go:296.25,298.5 1 0
github.com/InsideGallery/pomodoro/internal/ui/components.go:303.42,305.36 1 0
github.com/InsideGallery/pomodoro/internal/ui/components.go:305.36,309.13 3 0
github.com/InsideGallery/pomodoro/internal/ui/components.go:309.13,311.4 1 0
github.com/InsideGallery/pomodoro/internal/ui/components.go:313.3,314.54 2 0
github.com/InsideGallery/pomodoro/internal/ui/components.go:317.2,318.13 2 0
github.com/InsideGallery/pomodoro/internal/ui/components.go:318.13,320.3 1 0
github.com/InsideGallery/pomodoro/internal/ui/components.go:322.2,327.13 4 0
github.com/InsideGallery/pomodoro/internal/ui/components.go:327.13,329.3 1 0
github.com/InsideGallery/pomodoro/internal/ui/components.go:331.2,332.51 2 0
github.com/InsideGallery/pomodoro/internal/ui/components.go:340.40,342.2 1 0
github.com/InsideGallery/pomodoro/internal/ui/components.go:344.63,353.2 2 0
github.com/InsideGallery/pomodoro/internal/ui/components.go:355.63,364.2 2 0
github.com/InsideGallery/pomodoro/internal/ui/components.go:366.33,367.13 1 0
github.com/InsideGallery/pomodoro/internal/ui/components.go:367.13,369.3 1 0
github.com/InsideGallery/pomodoro/internal/ui/components.go:371.2,371.11 1 0
github.com/InsideGallery/pomodoro/internal/ui/components.go:371.11,373.3 1 0
github.com/InsideGallery/pomodoro/internal/ui/components.go:375.2,375.17 1 0
github.com/InsideGallery/pomodoro/internal/ui/draw.go:12.86,13.22 1 0
github.com/InsideGallery/pomodoro/internal/ui/draw.go:13.22,15.3 1 0
github.com/InsideGallery/pomodoro/internal/ui/draw.go:17.2,23.20 5 0
github.com/InsideGallery/pomodoro/internal/ui/draw.go:23.20,28.3 4 0
github.com/InsideGallery/pomodoro/internal/ui/draw.go:30.2,32.4 1 0
github.com/InsideGallery/pomodoro/internal/ui/draw.go:36.105,37.22 1 0
github.com/InsideGallery/pomodoro/internal/ui/draw.go:37.22,39.3 1 0
github.com/InsideGallery/pomodoro/internal/ui/draw.go:41.2,51.20 6 0
github.com/InsideGallery/pomodoro/internal/ui/draw.go:51.20,56.3 4 0
github.com/InsideGallery/pomodoro/internal/ui/draw.go:58.2,60.4 1 0
github.com/InsideGallery/pomodoro/internal/ui/draw.go:64.112,65.28 1 0
github.com/InsideGallery/pomodoro/internal/ui/draw.go:65.28,67.3 1 0
github.com/InsideGallery/pomodoro/internal/ui/draw.go:69.2,70.18 2 0
github.com/InsideGallery/pomodoro/internal/ui/draw.go:70.18,72.3 1 0
github.com/InsideGallery/pomodoro/internal/ui/draw.go:74.2,80.33 5 0
github.com/InsideGallery/pomodoro/internal/ui/draw.go:80.33,97.3 4 0
github.com/InsideGallery/pomodoro/internal/ui/draw.go:99.2,99.32 1 0
github.com/InsideGallery/pomodoro/internal/ui/draw.go:99.32,105.3 2 0
github.com/InsideGallery/pomodoro/internal/ui/draw.go:107.2,109.4 1 0
github.com/InsideGallery/pomodoro/internal/ui/draw.go:115.3,116.28 1 0
github.com/InsideGallery/pomodoro/internal/ui/draw.go:116.28,118.3 1 0
github.com/InsideGallery/pomodoro/internal/ui/draw.go:120.2,121.18 2 0
github.com/InsideGallery/pomodoro/internal/ui/draw.go:121.18,123.3 1 0
github.com/InsideGallery/pomodoro/internal/ui/draw.go:125.2,132.33 6 0
github.com/InsideGallery/pomodoro/internal/ui/draw.go:132.33,155.3 9 0
github.com/InsideGallery/pomodoro/internal/ui/draw.go:157.2,157.32 1 0
github.com/InsideGallery/pomodoro/internal/ui/draw.go:157.32,163.3 2 0
github.com/InsideGallery/pomodoro/internal/ui/draw.go:165.2,167.4 1 0
github.com/InsideGallery/pomodoro/internal/ui/draw.go:171.77,173.2 1 0
github.com/InsideGallery/pomodoro/internal/ui/draw.go:176.81,182.27 5 0
github.com/InsideGallery/pomodoro/internal/ui/draw.go:182.27,189.3 5 0
github.com/InsideGallery/pomodoro/internal/ui/draw.go:193.81,205.20 9 0
github.com/InsideGallery/pomodoro/internal/ui/draw.go:205.20,210.3 4 0
github.com/InsideGallery/pomodoro/internal/ui/draw.go:212.2,212.88 1 0
github.com/InsideGallery/pomodoro/internal/ui/draw.go:216.79,232.20 12 0
github.com/InsideGallery/pomodoro/internal/ui/draw.go:232.20,237.3 4 0
github.com/InsideGallery/pomodoro/internal/ui/draw.go:239.2,256.21 12 0
github.com/InsideGallery/pomodoro/internal/ui/draw.go:256.21,261.3 4 0
github.com/InsideGallery/pomodoro/internal/ui/draw.go:263.2,263.90 1 0
github.com/InsideGallery/pomodoro/internal/ui/draw.go:267.77,280.20 9 0
github.com/InsideGallery/pomodoro/internal/ui/draw.go:280.20,285.3 4 0
github.com/InsideGallery/pomodoro/internal/ui/draw.go:287.2,287.88 1 0
github.com/InsideGallery/pomodoro/internal/ui/draw.go:291.78,298.2 5 0
github.com/InsideGallery/pomodoro/internal/ui/draw.go:301.77,319.20 10 0
github.com/InsideGallery/pomodoro/internal/ui/draw.go:319.20,324.3 4 0
github.com/InsideGallery/pomodoro/internal/ui/draw.go:326.2,328.4 1 0
github.com/InsideGallery/pomodoro/internal/ui/draw.go:332.78,350.20 11 0
github.com/InsideGallery/pomodoro/internal/ui/draw.go:350.20,355.3 4 0
github.com/InsideGallery/pomodoro/internal/ui/draw.go:357.2,359.4 1 0
github.com/InsideGallery/pomodoro/internal/ui/draw.go:362.61,363.13 1 0
github.com/InsideGallery/pomodoro/internal/ui/draw.go:363.13,365.3 1 0
github.com/InsideGallery/pomodoro/internal/ui/draw.go:367.2,367.13 1 0
github.com/InsideGallery/pomodoro/internal/ui/draw.go:367.13,369.3 1 0
github.com/InsideGallery/pomodoro/internal/ui/draw.go:371.2,380.11 10 0
github.com/InsideGallery/pomodoro/internal/ui/draw.go:385.33,386.21 1 0
github.com/InsideGallery/pomodoro/internal/ui/draw.go:386.21,389.3 2 0
github.com/InsideGallery/pomodoro/internal/ui/draw.go:391.2,391.17 1 0
github.com/InsideGallery/pomodoro/internal/ui/draw.go:394.59,396.13 2 0
github.com/InsideGallery/pomodoro/internal/ui/draw.go:396.13,398.3 1 0
github.com/InsideGallery/pomodoro/internal/ui/draw.go:400.2,405.8 5 0
github.com/InsideGallery/pomodoro/internal/ui/screen_settings.go:59.41,68.2 8 0
github.com/InsideGallery/pomodoro/internal/ui/screen_settings.go:71.37,79.41 7 0
github.com/InsideGallery/pomodoro/internal/ui/screen_settings.go:79.41,81.3 1 0
github.com/InsideGallery/pomodoro/internal/ui/screen_settings.go:84.35,111.35 14 0
github.com/InsideGallery/pomodoro/internal/ui/screen_settings.go:111.35,111.87 1 0
github.com/InsideGallery/pomodoro/internal/ui/screen_settings.go:112.2,112.35 1 0
github.com/InsideGallery/pomodoro/internal/ui/screen_settings.go:112.35,112.83 1 0
github.com/InsideGallery/pomodoro/internal/ui/screen_settings.go:114.2,120.29 1 0
github.com/InsideGallery/pomodoro/internal/ui/screen_settings.go:120.29,123.4 2 0
github.com/InsideGallery/pomodoro/internal/ui/screen_settings.go:125.2,132.29 2 0
github.com/InsideGallery/pomodoro/internal/ui/screen_settings.go:132.29,135.4 2 0
github.com/InsideGallery/pomodoro/internal/ui/screen_settings.go:137.2,144.29 2 0
github.com/InsideGallery/pomodoro/internal/ui/screen_settings.go:144.29,147.4 2 0
github.com/InsideGallery/pomodoro/internal/ui/screen_settings.go:149.2,156.29 2 0
github.com/InsideGallery/pomodoro/internal/ui/screen_settings.go:156.29,159.4 2 0
github.com/InsideGallery/pomodoro/internal/ui/screen_settings.go:163.2,172.29 4 0
github.com/InsideGallery/pomodoro/internal/ui/screen_settings.go:172.29,174.35 2 0
github.com/InsideGallery/pomodoro/internal/ui/screen_settings.go:174.35,176.5 1 0
github.com/InsideGallery/pomodoro/internal/ui/screen_settings.go:178.4,178.12 1 0
github.com/InsideGallery/pomodoro/internal/ui/screen_settings.go:181.2,187.29 2 0
github.com/InsideGallery/pomodoro/internal/ui/screen_settings.go:187.29,189.36 2 0
github.com/InsideGallery/pomodoro/internal/ui/screen_settings.go:189.36,191.5 1 0
github.com/InsideGallery/pomodoro/internal/ui/screen_settings.go:193.4,193.12 1 0
github.com/InsideGallery/pomodoro/internal/ui/screen_settings.go:198.2,212.26 7 0
github.com/InsideGallery/pomodoro/internal/ui/screen_settings.go:212.26,214.36 2 0
github.com/InsideGallery/pomodoro/internal/ui/screen_settings.go:214.36,216.5 1 0
github.com/InsideGallery/pomodoro/internal/ui/screen_settings.go:218.4,218.12 1 0
github.com/InsideGallery/pomodoro/internal/ui/screen_settings.go:221.2,228.26 2 0
github.com/InsideGallery/pomodoro/internal/ui/screen_settings.go:228.26,231.4 2 0
github.com/InsideGallery/pomodoro/internal/ui/screen_settings.go:233.2,240.26 2 0
github.com/InsideGallery/pomodoro/internal/ui/screen_settings.go:240.26,243.33 2 0
github.com/InsideGallery/pomodoro/internal/ui/screen_settings.go:243.33,245.5 1 0
github.com/InsideGallery/pomodoro/internal/ui/screen_settings.go:247.4,247.12 1 0
github.com/InsideGallery/pomodoro/internal/ui/screen_settings.go:250.2,257.26 2 0
github.com/InsideGallery/pomodoro/internal/ui/screen_settings.go:257.26,260.4 2 0
github.com/InsideGallery/pomodoro/internal/ui/screen_settings.go:262.2,269.26 2 0
github.com/InsideGallery/pomodoro/internal/ui/screen_settings.go:269.26,272.4 2 0
github.com/InsideGallery/pomodoro/internal/ui/screen_settings.go:274.2,281.26 2 0
github.com/InsideGallery/pomodoro/internal/ui/screen_settings.go:281.26,282.9 1 0
github.com/InsideGallery/pomodoro/internal/ui/screen_settings.go:282.9,284.5 1 0
github.com/InsideGallery/pomodoro/internal/ui/screen_settings.go:284.10,286.5 1 0
github.com/InsideGallery/pomodoro/internal/ui/screen_settings.go:288.4,288.30 1 0
github.com/InsideGallery/pomodoro/internal/ui/screen_settings.go:288.30,290.5 1 0
github.com/InsideGallery/pomodoro/internal/ui/screen_settings.go:292.4,292.12 1 0
github.com/InsideGallery/pomodoro/internal/ui/screen_settings.go:295.2,296.35 2 0
github.com/InsideGallery/pomodoro/internal/ui/screen_settings.go:296.35,296.74 1 0
github.com/InsideGallery/pomodoro/internal/ui/screen_settings.go:297.2,303.29 1 0
github.com/InsideGallery/pomodoro/internal/ui/screen_settings.go:303.29,305.37 2 0
github.com/InsideGallery/pomodoro/internal/ui/screen_settings.go:305.37,307.5 1 0
github.com/InsideGallery/pomodoro/internal/ui/screen_settings.go:309.4,309.12 1 0
github.com/InsideGallery/pomodoro/internal/ui/screen_settings.go:314.2,326.16 7 0
github.com/InsideGallery/pomodoro/internal/ui/screen_settings.go:330.47,330.63 1 0
github.com/InsideGallery/pomodoro/internal/ui/screen_settings.go:333.45,335.2 1 0
github.com/InsideGallery/pomodoro/internal/ui/screen_settings.go:337.46,339.11 2 0
github.com/InsideGallery/pomodoro/internal/ui/screen_settings.go:339.11,341.3 1 0
github.com/InsideGallery/pomodoro/internal/ui/screen_settings.go:343.2,343.10 1 0
github.com/InsideGallery/pomodoro/internal/ui/screen_settings.go:347.42,366.2 18 0
github.com/InsideGallery/pomodoro/internal/ui/screen_settings.go:369.43,388.2 18 0
github.com/InsideGallery/pomodoro/internal/ui/screen_settings.go:390.35,391.20 1 0
github.com/InsideGallery/pomodoro/internal/ui/screen_settings.go:391.20,393.3 1 0
github.com/InsideGallery/pomodoro/internal/ui/screen_settings.go:396.2,397.13 2 0
github.com/InsideGallery/pomodoro/internal/ui/screen_settings.go:397.13,399.3 1 0
github.com/InsideGallery/pomodoro/internal/ui/screen_settings.go:401.2,401.53 1 0
github.com/InsideGallery/pomodoro/internal/ui/screen_settings.go:401.53,403.3 1 0
github.com/InsideGallery/pomodoro/internal/ui/screen_settings.go:405.2,405.51 1 0
github.com/InsideGallery/pomodoro/internal/ui/screen_settings.go:405.51,407.3 1 0
github.com/InsideGallery/pomodoro/internal/ui/screen_settings.go:409.2,409.19 1 0
github.com/InsideGallery/pomodoro/internal/ui/screen_settings.go:409.19,411.3 1 0
github.com/InsideGallery/pomodoro/internal/ui/screen_settings.go:413.2,413.41 1 0
github.com/InsideGallery/pomodoro/internal/ui/screen_settings.go:413.41,415.3 1 0
github.com/InsideGallery/pomodoro/internal/ui/screen_settings.go:418.2,438.20 17 0
github.com/InsideGallery/pomodoro/internal/ui/screen_settings.go:441.53,442.20 1 0
github.com/InsideGallery/pomodoro/internal/ui/screen_settings.go:442.20,444.3 1 0
github.com/InsideGallery/pomodoro/internal/ui/screen_settings.go:446.2,460.26 10 0
github.com/InsideGallery/pomodoro/internal/ui/screen_settings.go:460.26,462.3 1 0
github.com/InsideGallery/pomodoro/internal/ui/screen_settings.go:466.2,477.26 5 0
github.com/InsideGallery/pomodoro/internal/ui/screen_settings.go:477.26,481.3 3 0
github.com/InsideGallery/pomodoro/internal/ui/screen_settings.go:484.2,506.23 18 0
github.com/InsideGallery/pomodoro/internal/ui/screen_settings.go:506.23,510.19 3 0
github.com/InsideGallery/pomodoro/internal/ui/screen_settings.go:510.19,512.4 1 0
github.com/InsideGallery/pomodoro/internal/ui/screen_settings.go:514.3,516.69 3 0
github.com/InsideGallery/pomodoro/internal/ui/screen_settings.go:520.43,527.2 6 0
github.com/InsideGallery/pomodoro/internal/ui/screen_settings.go:529.33,531.2 1 0
github.com/InsideGallery/pomodoro/internal/ui/screen_timer.go:56.38,65.2 8 0
github.com/InsideGallery/pomodoro/internal/ui/screen_timer.go:67.39,129.2 16 0
github.com/InsideGallery/pomodoro/internal/ui/screen_timer.go:131.32,132.20 1 0
github.com/InsideGallery/pomodoro/internal/ui/screen_timer.go:132.20,134.3 1 0
github.com/InsideGallery/pomodoro/internal/ui/screen_timer.go:136.2,144.21 9 0
github.com/InsideGallery/pomodoro/internal/ui/screen_timer.go:147.40,148.19 1 0
github.com/InsideGallery/pomodoro/internal/ui/screen_timer.go:148.19,150.3 1 0
github.com/InsideGallery/pomodoro/internal/ui/screen_timer.go:152.2,156.64 4 0
github.com/InsideGallery/pomodoro/internal/ui/screen_timer.go:156.64,163.53 5 0
github.com/InsideGallery/pomodoro/internal/ui/screen_timer.go:163.53,165.55 2 0
github.com/InsideGallery/pomodoro/internal/ui/screen_timer.go:165.55,167.5 1 0
github.com/InsideGallery/pomodoro/internal/ui/screen_timer.go:171.2,171.58 1 0
github.com/InsideGallery/pomodoro/internal/ui/screen_timer.go:171.58,173.3 1 0
github.com/InsideGallery/pomodoro/internal/ui/screen_timer.go:175.2,175.20 1 0
github.com/InsideGallery/pomodoro/internal/ui/screen_timer.go:175.20,182.19 5 0
github.com/InsideGallery/pomodoro/internal/ui/screen_timer.go:182.19,184.4 1 0
github.com/InsideGallery/pomodoro/internal/ui/screen_timer.go:186.3,189.24 3 0
github.com/InsideGallery/pomodoro/internal/ui/screen_timer.go:189.24,191.4 1 0
github.com/InsideGallery/pomodoro/internal/ui/screen_timer.go:193.3,193.28 1 0
github.com/InsideGallery/pomodoro/internal/ui/screen_timer.go:193.28,195.4 1 0
github.com/InsideGallery/pomodoro/internal/ui/screen_timer.go:199.40,200.91 1 0
github.com/InsideGallery/pomodoro/internal/ui/screen_timer.go:200.91,202.3 1 0
github.com/InsideGallery/pomodoro/internal/ui/screen_timer.go:205.2,206.60 2 0
github.com/InsideGallery/pomodoro/internal/ui/screen_timer.go:206.60,208.3 1 0
github.com/InsideGallery/pomodoro/internal/ui/screen_timer.go:210.2,215.44 5 0
github.com/InsideGallery/pomodoro/internal/ui/screen_timer.go:215.44,217.3 1 0
github.com/InsideGallery/pomodoro/internal/ui/screen_timer.go:219.2,219.34 1 0
github.com/InsideGallery/pomodoro/internal/ui/screen_timer.go:219.34,220.39 1 0
github.com/InsideGallery/pomodoro/internal/ui/screen_timer.go:220.39,221.27 1 0
github.com/InsideGallery/pomodoro/internal/ui/screen_timer.go:221.27,223.5 1 0
github.com/InsideGallery/pomodoro/internal/ui/screen_timer.go:225.4,225.10 1 0
github.com/InsideGallery/pomodoro/internal/ui/screen_timer.go:230.43,233.15 2 0
github.com/InsideGallery/pomodoro/internal/ui/screen_timer.go:234.23,237.18 2 0
github.com/InsideGallery/pomodoro/internal/ui/screen_timer.go:238.47,242.41 4 0
github.com/InsideGallery/pomodoro/internal/ui/screen_timer.go:243.11,247.41 4 0
github.com/InsideGallery/pomodoro/internal/ui/screen_timer.go:249.25,253.40 4 0
github.com/InsideGallery/pomodoro/internal/ui/screen_timer.go:254.10,258.42 4 0
github.com/InsideGallery/pomodoro/internal/ui/screen_timer.go:262.50,263.20 1 0
github.com/InsideGallery/pomodoro/internal/ui/screen_timer.go:263.20,265.3 1 0
github.com/InsideGallery/pomodoro/internal/ui/screen_timer.go:267.2,300.18 23 0
github.com/InsideGallery/pomodoro/internal/ui/screen_timer.go:300.18,310.3 8 0
github.com/InsideGallery/pomodoro/internal/ui/screen_timer.go:313.2,314.30 2 0
github.com/InsideGallery/pomodoro/internal/ui/screen_timer.go:314.30,316.3 1 0
github.com/InsideGallery/pomodoro/internal/ui/screen_timer.go:318.2,319.32 2 0
github.com/InsideGallery/pomodoro/internal/ui/screen_timer.go:319.32,321.3 1 0
github.com/InsideGallery/pomodoro/internal/ui/screen_timer.go:323.2,323.23 1 0
github.com/InsideGallery/pomodoro/internal/ui/screen_timer.go:323.23,326.3 1 0
github.com/InsideGallery/pomodoro/internal/ui/screen_timer.go:329.2,330.13 2 0
github.com/InsideGallery/pomodoro/internal/ui/screen_timer.go:330.13,332.3 1 0
github.com/InsideGallery/pomodoro/internal/ui/screen_timer.go:334.2,339.24 5 0
github.com/InsideGallery/pomodoro/internal/ui/screen_timer.go:339.24,344.3 4 0
github.com/InsideGallery/pomodoro/internal/ui/screen_timer.go:347.2,347.30 1 0
github.com/InsideGallery/pomodoro/internal/ui/screen_timer.go:347.30,352.18 3 0
github.com/InsideGallery/pomodoro/internal/ui/screen_timer.go:353.25,354.33 1 0
github.com/InsideGallery/pomodoro/internal/ui/screen_timer.go:355.29,356.38 1 0
github.com/InsideGallery/pomodoro/internal/ui/screen_timer.go:357.11,358.31 1 0
github.com/InsideGallery/pomodoro/internal/ui/screen_timer.go:361.3,361.25 1 0
github.com/InsideGallery/pomodoro/internal/ui/screen_timer.go:361.25,364.4 1 0
github.com/InsideGallery/pomodoro/internal/ui/screen_timer.go:368.2,376.25 7 0
github.com/InsideGallery/pomodoro/internal/ui/screen_timer.go:379.120,380.16 1 0
github.com/InsideGallery/pomodoro/internal/ui/screen_timer.go:380.16,382.3 1 0
github.com/InsideGallery/pomodoro/internal/ui/screen_timer.go:384.2,390.29 5 0
github.com/InsideGallery/pomodoro/internal/ui/screen_timer.go:390.29,394.20 3 0
github.com/InsideGallery/pomodoro/internal/ui/screen_timer.go:394.20,396.4 1 0
github.com/InsideGallery/pomodoro/internal/ui/screen_timer.go:396.9,398.4 1 0
github.com/InsideGallery/pomodoro/internal/ui/screen_timer.go:402.40,410.2 7 0
github.com/InsideGallery/pomodoro/internal/ui/screen_timer.go:412.66,413.12 1 0
github.com/InsideGallery/pomodoro/internal/ui/screen_timer.go:414.24,415.26 1 0
github.com/InsideGallery/pomodoro/internal/ui/screen_timer.go:416.24,417.26 1 0
github.com/InsideGallery/pomodoro/internal/ui/screen_timer.go:418.28,419.27 1 0
github.com/InsideGallery/pomodoro/internal/ui/screen_timer.go:420.25,421.25 1 0
github.com/InsideGallery/pomodoro/internal/ui/screen_timer.go:422.10,423.25 1 0
github.com/InsideGallery/pomodoro/internal/ui/screen_timer.go:427.83,428.12 1 0
github.com/InsideGallery/pomodoro/internal/ui/screen_timer.go:429.24,430.45 1 0
github.com/InsideGallery/pomodoro/internal/ui/screen_timer.go:431.24,432.45 1 0
github.com/InsideGallery/pomodoro/internal/ui/screen_timer.go:433.28,434.45 1 0
github.com/InsideGallery/pomodoro/internal/ui/screen_timer.go:435.10,436.45 1 0
github.com/InsideGallery/pomodoro/internal/ui/theme.go:18.27,20.2 1 0
github.com/InsideGallery/pomodoro/internal/ui/theme.go:23.28,25.2 1 0
github.com/InsideGallery/pomodoro/internal/ui/theme.go:56.13,59.2 2 0
github.com/InsideGallery/pomodoro/internal/ui/theme.go:62.27,63.12 1 0
github.com/InsideGallery/pomodoro/internal/ui/theme.go:64.18,82.67 17 0
github.com/InsideGallery/pomodoro/internal/ui/theme.go:83.10,101.67 17 0
github.com/InsideGallery/pomodoro/internal/ui/theme.go:111.18,115.16 3 0
github.com/InsideGallery/pomodoro/internal/ui/theme.go:115.16,116.56 1 0
github.com/InsideGallery/pomodoro/internal/ui/theme.go:119.2,120.16 2 0
github.com/InsideGallery/pomodoro/internal/ui/theme.go:120.16,121.53 1 0
github.com/InsideGallery/pomodoro/internal/ui/theme.go:126.55,128.10 2 0
github.com/InsideGallery/pomodoro/internal/ui/theme.go:128.10,130.3 1 0
github.com/InsideGallery/pomodoro/internal/ui/theme.go:132.2,135.3 1 0
github.com/InsideGallery/pomodoro/internal/ui/theme.go:139.35,140.14 1 0
github.com/InsideGallery/pomodoro/internal/ui/theme.go:140.14,142.3 1 0
github.com/InsideGallery/pomodoro/internal/ui/theme.go:144.2,144.14 1 0
github.com/InsideGallery/pomodoro/internal/ui/theme.go:144.14,146.3 1 0
github.com/InsideGallery/pomodoro/internal/ui/theme.go:148.2,154.33 7 0
github.com/InsideGallery/pomodoro/internal/ui/zones.go:11.42,18.31 1 0
github.com/InsideGallery/pomodoro/internal/ui/zones.go:18.31,18.54 1 0
github.com/InsideGallery/pomodoro/internal/ui/zones.go:24.42,26.12 2 0
github.com/InsideGallery/pomodoro/internal/ui/zones.go:26.12,28.3 1 0
github.com/InsideGallery/pomodoro/internal/ui/zones.go:30.2,37.19 2 0
github.com/InsideGallery/pomodoro/internal/ui/zones.go:37.19,39.25 2 0
github.com/InsideGallery/pomodoro/internal/ui/zones.go:39.25,41.5 1 0
github.com/InsideGallery/pomodoro/internal/ui/zones.go:48.42,56.23 2 0
github.com/InsideGallery/pomodoro/internal/ui/zones.go:56.23,59.4 2 0
github.com/InsideGallery/pomodoro/internal/ui/zones.go:60.24,63.20 2 0
github.com/InsideGallery/pomodoro/internal/ui/zones.go:63.20,65.5 1 0
github.com/InsideGallery/pomodoro/internal/ui/zones.go:67.4,68.13 2 0
github.com/InsideGallery/pomodoro/internal/ui/zones.go:68.13,70.5 1 0
github.com/InsideGallery/pomodoro/internal/ui/zones.go:72.4,72.13 1 0
github.com/InsideGallery/pomodoro/internal/ui/zones.go:72.13,74.5 1 0
github.com/InsideGallery/pomodoro/internal/ui/zones.go:76.4,77.25 2 0
github.com/InsideGallery/pomodoro/internal/ui/zones.go:77.25,79.26 2 0
github.com/InsideGallery/pomodoro/internal/ui/zones.go:79.26,81.6 1 0
github.com/InsideGallery/pomodoro/internal/ui/zones.go:84.21,87.4 2 0
