mode: set
github.com/InsideGallery/pomodoro/pkg/config/config.go:25.65,26.22 1 0
github.com/InsideGallery/pomodoro/pkg/config/config.go:26.22,28.3 1 0
github.com/InsideGallery/pomodoro/pkg/config/config.go:30.2,30.33 1 0
github.com/InsideGallery/pomodoro/pkg/config/config.go:30.33,32.3 1 0
github.com/InsideGallery/pomodoro/pkg/config/config.go:34.2,34.19 1 0
github.com/InsideGallery/pomodoro/pkg/config/config.go:38.54,39.22 1 0
github.com/InsideGallery/pomodoro/pkg/config/config.go:39.22,41.3 1 0
github.com/InsideGallery/pomodoro/pkg/config/config.go:43.2,43.26 1 0
github.com/InsideGallery/pomodoro/pkg/config/config.go:46.47,46.101 1 1
github.com/InsideGallery/pomodoro/pkg/config/config.go:47.47,47.101 1 1
github.com/InsideGallery/pomodoro/pkg/config/config.go:48.51,50.2 1 1
github.com/InsideGallery/pomodoro/pkg/config/config.go:52.23,65.2 1 1
github.com/InsideGallery/pomodoro/pkg/config/config.go:67.34,69.16 2 1
github.com/InsideGallery/pomodoro/pkg/config/config.go:69.16,71.3 1 0
github.com/InsideGallery/pomodoro/pkg/config/config.go:73.2,73.56 1 1
github.com/InsideGallery/pomodoro/pkg/config/config.go:76.35,78.16 2 1
github.com/InsideGallery/pomodoro/pkg/config/config.go:78.16,80.3 1 0
github.com/InsideGallery/pomodoro/pkg/config/config.go:82.2,82.47 1 1
github.com/InsideGallery/pomodoro/pkg/config/config.go:85.20,87.16 2 1
github.com/InsideGallery/pomodoro/pkg/config/config.go:87.16,89.3 1 0
github.com/InsideGallery/pomodoro/pkg/config/config.go:91.2,92.16 2 1
github.com/InsideGallery/pomodoro/pkg/config/config.go:92.16,94.3 1 1
github.com/InsideGallery/pomodoro/pkg/config/config.go:96.2,97.51 2 1
github.com/InsideGallery/pomodoro/pkg/config/config.go:97.51,99.3 1 1
github.com/InsideGallery/pomodoro/pkg/config/config.go:103.2,103.29 1 1
github.com/InsideGallery/pomodoro/pkg/config/config.go:103.29,105.3 1 1
github.com/InsideGallery/pomodoro/pkg/config/config.go:107.2,107.29 1 1
github.com/InsideGallery/pomodoro/pkg/config/config.go:107.29,109.3 1 1
github.com/InsideGallery/pomodoro/pkg/config/config.go:111.2,111.33 1 1
github.com/InsideGallery/pomodoro/pkg/config/config.go:111.33,113.3 1 1
github.com/InsideGallery/pomodoro/pkg/config/config.go:115.2,115.12 1 1
github.com/InsideGallery/pomodoro/pkg/config/config.go:118.29,120.16 2 1
github.com/InsideGallery/pomodoro/pkg/config/config.go:120.16,122.3 1 0
github.com/InsideGallery/pomodoro/pkg/config/config.go:124.2,124.60 1 1
github.com/InsideGallery/pomodoro/pkg/config/config.go:124.60,126.3 1 0
github.com/InsideGallery/pomodoro/pkg/config/config.go:128.2,129.16 2 1
github.com/InsideGallery/pomodoro/pkg/config/config.go:129.16,131.3 1 0
github.com/InsideGallery/pomodoro/pkg/config/config.go:133.2,133.37 1 1
github.com/InsideGallery/pomodoro/pkg/config/config.go:146.34,148.16 2 1
github.com/InsideGallery/pomodoro/pkg/config/config.go:148.16,150.3 1 0
github.com/InsideGallery/pomodoro/pkg/config/config.go:152.2,152.46 1 1
github.com/InsideGallery/pomodoro/pkg/config/config.go:155.29,157.16 2 1
github.com/InsideGallery/pomodoro/pkg/config/config.go:157.16,159.3 1 0
github.com/InsideGallery/pomodoro/pkg/config/config.go:161.2,162.16 2 1
github.com/InsideGallery/pomodoro/pkg/config/config.go:162.16,164.3 1 1
github.com/InsideGallery/pomodoro/pkg/config/config.go:166.2,167.49 2 1
github.com/InsideGallery/pomodoro/pkg/config/config.go:167.49,169.3 1 1
github.com/InsideGallery/pomodoro/pkg/config/config.go:171.2,171.10 1 1
github.com/InsideGallery/pomodoro/pkg/config/config.go:174.36,176.16 2 1
github.com/InsideGallery/pomodoro/pkg/config/config.go:176.16,178.3 1 0
github.com/InsideGallery/pomodoro/pkg/config/config.go:180.2,180.60 1 1
github.com/InsideGallery/pomodoro/pkg/config/config.go:180.60,182.3 1 0
github.com/InsideGallery/pomodoro/pkg/config/config.go:184.2,185.16 2 1
github.com/InsideGallery/pomodoro/pkg/config/config.go:185.16,187.3 1 0
github.com/InsideGallery/pomodoro/pkg/config/config.go:189.2,189.37 1 1
github.com/InsideGallery/pomodoro/pkg/event/bus.go:12.20,16.2 1 1
github.com/InsideGallery/pomodoro/pkg/event/bus.go:18.44,23.2 3 1
github.com/InsideGallery/pomodoro/pkg/event/bus.go:25.32,31.29 5 1
github.com/InsideGallery/pomodoro/pkg/event/bus.go:31.29,33.3 1 1
github.com/InsideGallery/pomodoro/pkg/event/types.go:21.31,22.11 1 1
github.com/InsideGallery/pomodoro/pkg/event/types.go:23.20,24.24 1 1
github.com/InsideGallery/pomodoro/pkg/event/types.go:25.22,26.26 1 1
github.com/InsideGallery/pomodoro/pkg/event/types.go:27.20,28.24 1 1
github.com/InsideGallery/pomodoro/pkg/event/types.go:29.22,30.26 1 1
github.com/InsideGallery/pomodoro/pkg/event/types.go:31.24,32.28 1 1
github.com/InsideGallery/pomodoro/pkg/event/types.go:33.26,34.30 1 1
github.com/InsideGallery/pomodoro/pkg/event/types.go:35.14,36.18 1 1
github.com/InsideGallery/pomodoro/pkg/event/types.go:37.15,38.19 1 1
github.com/InsideGallery/pomodoro/pkg/event/types.go:39.13,40.17 1 1
github.com/InsideGallery/pomodoro/pkg/event/types.go:41.12,42.16 1 1
github.com/InsideGallery/pomodoro/pkg/event/types.go:43.21,44.25 1 0
github.com/InsideGallery/pomodoro/pkg/event/types.go:45.10,46.19 1 1
github.com/InsideGallery/pomodoro/pkg/systems/debug.go:16.48,18.2 1 0
github.com/InsideGallery/pomodoro/pkg/systems/debug.go:20.42,20.59 1 0
github.com/InsideGallery/pomodoro/pkg/systems/debug.go:22.55,22.69 1 0
github.com/InsideGallery/pomodoro/pkg/systems/debug.go:24.65,24.66 0 0
github.com/InsideGallery/pomodoro/pkg/systems/debug.go:27.75,28.16 1 0
github.com/InsideGallery/pomodoro/pkg/systems/debug.go:28.16,30.3 1 0
github.com/InsideGallery/pomodoro/pkg/systems/debug.go:32.2,32.107 1 0
github.com/InsideGallery/pomodoro/pkg/systems/input.go:60.53,62.2 1 1
github.com/InsideGallery/pomodoro/pkg/systems/input.go:65.40,68.2 2 1
github.com/InsideGallery/pomodoro/pkg/systems/input.go:71.36,72.28 1 1
github.com/InsideGallery/pomodoro/pkg/systems/input.go:72.28,74.3 1 1
github.com/InsideGallery/pomodoro/pkg/systems/input.go:76.2,79.21 4 1
github.com/InsideGallery/pomodoro/pkg/systems/input.go:83.55,92.28 5 0
github.com/InsideGallery/pomodoro/pkg/systems/input.go:92.28,93.23 1 0
github.com/InsideGallery/pomodoro/pkg/systems/input.go:93.23,95.4 1 0
github.com/InsideGallery/pomodoro/pkg/systems/input.go:99.2,99.37 1 0
github.com/InsideGallery/pomodoro/pkg/systems/input.go:99.37,100.59 1 0
github.com/InsideGallery/pomodoro/pkg/systems/input.go:100.59,102.35 1 0
github.com/InsideGallery/pomodoro/pkg/systems/input.go:102.35,104.5 1 0
github.com/InsideGallery/pomodoro/pkg/systems/input.go:106.4,107.20 2 0
github.com/InsideGallery/pomodoro/pkg/systems/input.go:108.9,108.38 1 0
github.com/InsideGallery/pomodoro/pkg/systems/input.go:108.38,110.4 1 0
github.com/InsideGallery/pomodoro/pkg/systems/input.go:112.3,112.13 1 0
github.com/InsideGallery/pomodoro/pkg/systems/input.go:116.2,116.82 1 0
github.com/InsideGallery/pomodoro/pkg/systems/input.go:116.82,119.33 2 0
github.com/InsideGallery/pomodoro/pkg/systems/input.go:119.33,123.4 3 0
github.com/InsideGallery/pomodoro/pkg/systems/input.go:127.2,127.65 1 0
github.com/InsideGallery/pomodoro/pkg/systems/input.go:127.65,128.102 1 0
github.com/InsideGallery/pomodoro/pkg/systems/input.go:128.102,130.4 1 0
github.com/InsideGallery/pomodoro/pkg/systems/input.go:132.3,132.22 1 0
github.com/InsideGallery/pomodoro/pkg/systems/input.go:135.2,135.58 1 0
github.com/InsideGallery/pomodoro/pkg/systems/input.go:135.58,139.3 3 0
github.com/InsideGallery/pomodoro/pkg/systems/input.go:141.2,141.12 1 0
github.com/InsideGallery/pomodoro/pkg/systems/input.go:145.65,145.66 0 0
github.com/InsideGallery/pomodoro/pkg/systems/input.go:149.50,151.2 1 0
github.com/InsideGallery/pomodoro/pkg/systems/input.go:153.52,157.20 3 1
github.com/InsideGallery/pomodoro/pkg/systems/input.go:157.20,159.3 1 0
github.com/InsideGallery/pomodoro/pkg/systems/input.go:162.2,164.27 2 1
github.com/InsideGallery/pomodoro/pkg/systems/input.go:164.27,165.29 1 1
github.com/InsideGallery/pomodoro/pkg/systems/input.go:165.29,166.24 1 1
github.com/InsideGallery/pomodoro/pkg/systems/input.go:166.24,167.50 1 1
github.com/InsideGallery/pomodoro/pkg/systems/input.go:167.50,169.6 1 1
github.com/InsideGallery/pomodoro/pkg/systems/input.go:174.2,174.13 1 1
github.com/InsideGallery/pomodoro/pkg/app/app.go:45.28,46.20 1 0
github.com/InsideGallery/pomodoro/pkg/app/app.go:46.20,48.3 1 0
github.com/InsideGallery/pomodoro/pkg/app/app.go:50.2,50.21 1 0
github.com/InsideGallery/pomodoro/pkg/app/app.go:50.21,52.3 1 0
github.com/InsideGallery/pomodoro/pkg/app/app.go:54.2,60.3 1 0
github.com/InsideGallery/pomodoro/pkg/app/app.go:63.41,63.57 1 0
github.com/InsideGallery/pomodoro/pkg/app/app.go:64.41,64.61 1 0
github.com/InsideGallery/pomodoro/pkg/app/app.go:66.26,69.35 2 0
github.com/InsideGallery/pomodoro/pkg/app/app.go:69.35,70.55 1 0
github.com/InsideGallery/pomodoro/pkg/app/app.go:70.55,72.4 1 0
github.com/InsideGallery/pomodoro/pkg/app/app.go:76.2,77.38 2 0
github.com/InsideGallery/pomodoro/pkg/app/app.go:77.38,79.3 1 0
github.com/InsideGallery/pomodoro/pkg/app/app.go:81.2,81.39 1 0
github.com/InsideGallery/pomodoro/pkg/app/app.go:81.39,84.29 2 0
github.com/InsideGallery/pomodoro/pkg/app/app.go:84.29,86.4 1 0
github.com/InsideGallery/pomodoro/pkg/app/app.go:90.2,91.24 2 0
github.com/InsideGallery/pomodoro/pkg/app/app.go:91.24,93.3 1 0
github.com/InsideGallery/pomodoro/pkg/app/app.go:95.2,95.24 1 0
github.com/InsideGallery/pomodoro/pkg/app/app.go:95.24,96.63 1 0
github.com/InsideGallery/pomodoro/pkg/app/app.go:96.63,97.83 1 0
github.com/InsideGallery/pomodoro/pkg/app/app.go:101.2,101.22 1 0
github.com/InsideGallery/pomodoro/pkg/app/app.go:104.31,105.20 1 0
github.com/InsideGallery/pomodoro/pkg/app/app.go:105.20,107.3 1 0
github.com/InsideGallery/pomodoro/pkg/app/app.go:109.2,109.23 1 0
github.com/InsideGallery/pomodoro/pkg/app/app.go:109.23,111.3 1 0
github.com/InsideGallery/pomodoro/pkg/app/app.go:113.2,114.20 2 0
github.com/InsideGallery/pomodoro/pkg/app/app.go:114.20,116.3 1 0
github.com/InsideGallery/pomodoro/pkg/app/app.go:118.2,118.12 1 0
github.com/InsideGallery/pomodoro/pkg/app/app.go:121.43,123.20 2 0
github.com/InsideGallery/pomodoro/pkg/app/app.go:123.20,125.3 1 0
github.com/InsideGallery/pomodoro/pkg/app/app.go:128.67,130.20 2 0
github.com/InsideGallery/pomodoro/pkg/app/app.go:130.20,136.3 4 0
github.com/InsideGallery/pomodoro/pkg/app/app.go:138.2,139.37 2 0
github.com/InsideGallery/pomodoro/pkg/app/app.go:139.37,141.3 1 0
github.com/InsideGallery/pomodoro/pkg/app/app.go:143.2,150.13 6 0
github.com/InsideGallery/pomodoro/pkg/app/app.go:153.29,160.12 5 0
github.com/InsideGallery/pomodoro/pkg/app/app.go:160.12,162.3 1 0
github.com/InsideGallery/pomodoro/pkg/app/app.go:164.2,164.78 1 0
github.com/InsideGallery/pomodoro/pkg/app/app.go:164.78,166.15 2 0
github.com/InsideGallery/pomodoro/pkg/app/app.go:166.15,170.4 3 0
github.com/InsideGallery/pomodoro/pkg/app/app.go:173.2,173.58 1 0
github.com/InsideGallery/pomodoro/pkg/app/app.go:173.58,175.3 1 0
github.com/InsideGallery/pomodoro/pkg/app/app.go:177.2,177.16 1 0
github.com/InsideGallery/pomodoro/pkg/app/app.go:177.16,184.3 5 0
github.com/InsideGallery/pomodoro/pkg/core/camera.go:21.42,25.2 1 0
github.com/InsideGallery/pomodoro/pkg/core/camera.go:28.44,30.2 1 0
github.com/InsideGallery/pomodoro/pkg/core/camera.go:33.44,50.2 9 0
github.com/InsideGallery/pomodoro/pkg/core/camera.go:53.77,55.24 2 0
github.com/InsideGallery/pomodoro/pkg/core/camera.go:55.24,59.3 2 0
github.com/InsideGallery/pomodoro/pkg/core/camera.go:61.2,61.31 1 0
github.com/InsideGallery/pomodoro/pkg/core/camera.go:65.26,69.2 3 0
github.com/InsideGallery/pomodoro/pkg/core/systems.go:12.28,16.2 1 1
github.com/InsideGallery/pomodoro/pkg/core/systems.go:19.51,25.2 4 1
github.com/InsideGallery/pomodoro/pkg/core/systems.go:28.39,32.28 3 1
github.com/InsideGallery/pomodoro/pkg/core/systems.go:32.28,33.16 1 1
github.com/InsideGallery/pomodoro/pkg/core/systems.go:33.16,36.9 2 1
github.com/InsideGallery/pomodoro/pkg/core/systems.go:40.2,40.22 1 1
github.com/InsideGallery/pomodoro/pkg/core/systems.go:44.34,49.31 4 1
github.com/InsideGallery/pomodoro/pkg/core/systems.go:49.31,51.3 1 1
github.com/InsideGallery/pomodoro/pkg/core/systems.go:53.2,53.15 1 1
github.com/InsideGallery/pomodoro/pkg/core/systems.go:57.27,63.2 4 1
github.com/InsideGallery/pomodoro/pkg/pluggable/loader.go:21.42,23.2 1 0
github.com/InsideGallery/pomodoro/pkg/pluggable/loader.go:26.32,28.16 2 0
github.com/InsideGallery/pomodoro/pkg/pluggable/loader.go:28.16,30.3 1 0
github.com/InsideGallery/pomodoro/pkg/pluggable/loader.go:32.2,32.62 1 0
github.com/InsideGallery/pomodoro/pkg/pluggable/loader.go:37.31,39.16 2 0
github.com/InsideGallery/pomodoro/pkg/pluggable/loader.go:39.16,40.25 1 0
github.com/InsideGallery/pomodoro/pkg/pluggable/loader.go:40.25,42.4 1 0
github.com/InsideGallery/pomodoro/pkg/pluggable/loader.go:44.3,44.48 1 0
github.com/InsideGallery/pomodoro/pkg/pluggable/loader.go:47.2,47.32 1 0
github.com/InsideGallery/pomodoro/pkg/pluggable/loader.go:47.32,48.63 1 0
github.com/InsideGallery/pomodoro/pkg/pluggable/loader.go:48.63,49.12 1 0
github.com/InsideGallery/pomodoro/pkg/pluggable/loader.go:52.3,55.17 3 0
github.com/InsideGallery/pomodoro/pkg/pluggable/loader.go:55.17,56.12 1 0
github.com/InsideGallery/pomodoro/pkg/pluggable/loader.go:59.3,59.37 1 0
github.com/InsideGallery/pomodoro/pkg/pluggable/loader.go:62.2,62.12 1 0
github.com/InsideGallery/pomodoro/pkg/pluggable/loader.go:66.37,68.2 1 0
github.com/InsideGallery/pomodoro/pkg/pluggable/loader.go:71.97,72.32 1 0
github.com/InsideGallery/pomodoro/pkg/pluggable/loader.go:72.32,73.51 1 0
github.com/InsideGallery/pomodoro/pkg/pluggable/loader.go:73.51,75.4 1 0
github.com/InsideGallery/pomodoro/pkg/pluggable/loader.go:79.46,81.16 2 0
github.com/InsideGallery/pomodoro/pkg/pluggable/loader.go:81.16,83.3 1 0
github.com/InsideGallery/pomodoro/pkg/pluggable/loader.go:85.2,86.16 2 0
github.com/InsideGallery/pomodoro/pkg/pluggable/loader.go:86.16,88.3 1 0
github.com/InsideGallery/pomodoro/pkg/pluggable/loader.go:90.2,91.9 2 0
github.com/InsideGallery/pomodoro/pkg/pluggable/loader.go:91.9,93.3 1 0
github.com/InsideGallery/pomodoro/pkg/pluggable/loader.go:95.2,95.18 1 0
github.com/InsideGallery/pomodoro/pkg/platform/x11_linux.go:149.40,153.2 3 0
github.com/InsideGallery/pomodoro/pkg/platform/x11_linux.go:158.31,160.14 2 0
github.com/InsideGallery/pomodoro/pkg/platform/x11_linux.go:160.14,162.3 1 0
github.com/InsideGallery/pomodoro/pkg/platform/x11_linux.go:163.2,164.26 2 0
github.com/InsideGallery/pomodoro/pkg/platform/x11_linux.go:168.48,170.14 2 0
github.com/InsideGallery/pomodoro/pkg/platform/x11_linux.go:170.14,172.3 1 0
github.com/InsideGallery/pomodoro/pkg/platform/x11_linux.go:174.2,174.14 1 0
github.com/InsideGallery/pomodoro/pkg/platform/x11_linux.go:174.14,176.3 1 0
github.com/InsideGallery/pomodoro/pkg/platform/x11_linux.go:178.2,179.12 2 0
github.com/InsideGallery/pomodoro/pkg/platform/x11_linux.go:179.12,181.3 1 0
github.com/InsideGallery/pomodoro/pkg/platform/x11_linux.go:183.2,183.37 1 0
github.com/InsideGallery/pomodoro/pkg/platform/x11_linux.go:187.32,189.14 2 0
github.com/InsideGallery/pomodoro/pkg/platform/x11_linux.go:189.14,191.3 1 0
github.com/InsideGallery/pomodoro/pkg/platform/x11_linux.go:193.2,193.14 1 0
github.com/InsideGallery/pomodoro/pkg/platform/x11_linux.go:193.14,195.3 1 0
github.com/InsideGallery/pomodoro/pkg/platform/x11_linux.go:197.2,197.27 1 0
github.com/InsideGallery/pomodoro/pkg/platform/x11_linux.go:201.31,203.14 2 0
github.com/InsideGallery/pomodoro/pkg/platform/x11_linux.go:203.14,205.3 1 0
github.com/InsideGallery/pomodoro/pkg/platform/x11_linux.go:206.2,206.14 1 0
github.com/InsideGallery/pomodoro/pkg/platform/x11_linux.go:206.14,208.3 1 0
github.com/InsideGallery/pomodoro/pkg/platform/x11_linux.go:209.2,209.26 1 0
github.com/InsideGallery/pomodoro/pkg/plugins/fingerprint/domain/case.go:24.49,30.2 1 1
github.com/InsideGallery/pomodoro/pkg/plugins/fingerprint/domain/case.go:34.72,41.50 5 1
github.com/InsideGallery/pomodoro/pkg/plugins/fingerprint/domain/case.go:41.50,45.3 2 1
github.com/InsideGallery/pomodoro/pkg/plugins/fingerprint/domain/case.go:47.2,49.22 2 1
github.com/InsideGallery/pomodoro/pkg/plugins/fingerprint/domain/case.go:53.32,55.2 1 0
github.com/InsideGallery/pomodoro/pkg/plugins/fingerprint/domain/fingerprint.go:35.52,38.23 2 1
github.com/InsideGallery/pomodoro/pkg/plugins/fingerprint/domain/fingerprint.go:38.23,39.24 1 1
github.com/InsideGallery/pomodoro/pkg/plugins/fingerprint/domain/fingerprint.go:39.24,41.4 1 1
github.com/InsideGallery/pomodoro/pkg/plugins/fingerprint/domain/fingerprint.go:44.2,44.63 1 1
github.com/InsideGallery/pomodoro/pkg/plugins/fingerprint/domain/fingerprint.go:48.46,49.52 1 1
github.com/InsideGallery/pomodoro/pkg/plugins/fingerprint/domain/fingerprint.go:49.52,51.3 1 0
github.com/InsideGallery/pomodoro/pkg/plugins/fingerprint/domain/fingerprint.go:53.2,53.30 1 1
github.com/InsideGallery/pomodoro/pkg/plugins/fingerprint/domain/fingerprint.go:57.40,60.28 2 1
github.com/InsideGallery/pomodoro/pkg/plugins/fingerprint/domain/fingerprint.go:60.28,61.18 1 1
github.com/InsideGallery/pomodoro/pkg/plugins/fingerprint/domain/fingerprint.go:61.18,63.4 1 1
github.com/InsideGallery/pomodoro/pkg/plugins/fingerprint/domain/fingerprint.go:66.2,66.14 1 1
github.com/InsideGallery/pomodoro/pkg/plugins/fingerprint/domain/fingerprint.go:71.37,74.28 2 1
github.com/InsideGallery/pomodoro/pkg/plugins/fingerprint/domain/fingerprint.go:74.28,78.3 3 1
github.com/InsideGallery/pomodoro/pkg/plugins/fingerprint/domain/fingerprint.go:80.2,83.33 3 1
github.com/InsideGallery/pomodoro/pkg/plugins/fingerprint/domain/fingerprint.go:87.41,89.2 1 1
github.com/InsideGallery/pomodoro/pkg/plugins/fingerprint/domain/fingerprint.go:92.41,94.2 1 0
github.com/InsideGallery/pomodoro/pkg/plugins/fingerprint/domain/person.go:17.30,21.2 1 1
github.com/InsideGallery/pomodoro/pkg/plugins/fingerprint/domain/person.go:24.36,27.2 2 1
github.com/InsideGallery/pomodoro/pkg/plugins/fingerprint/domain/person.go:30.58,32.2 1 1
github.com/InsideGallery/pomodoro/pkg/plugins/fingerprint/domain/person.go:35.37,37.2 1 0
github.com/InsideGallery/pomodoro/pkg/plugins/fingerprint/domain/person.go:40.32,42.2 1 1
github.com/InsideGallery/pomodoro/pkg/plugins/fingerprint/domain/puzzle_gen.go:12.55,16.2 1 1
github.com/InsideGallery/pomodoro/pkg/plugins/fingerprint/domain/puzzle_gen.go:21.106,25.26 3 1
github.com/InsideGallery/pomodoro/pkg/plugins/fingerprint/domain/puzzle_gen.go:25.26,29.3 3 1
github.com/InsideGallery/pomodoro/pkg/plugins/fingerprint/domain/puzzle_gen.go:31.2,31.11 1 1
github.com/InsideGallery/pomodoro/pkg/plugins/fingerprint/domain/puzzle_gen.go:45.93,54.30 5 1
github.com/InsideGallery/pomodoro/pkg/plugins/fingerprint/domain/puzzle_gen.go:54.30,56.3 1 1
github.com/InsideGallery/pomodoro/pkg/plugins/fingerprint/domain/puzzle_gen.go:59.2,61.32 2 1
github.com/InsideGallery/pomodoro/pkg/plugins/fingerprint/domain/puzzle_gen.go:61.32,63.3 1 0
github.com/InsideGallery/pomodoro/pkg/plugins/fingerprint/domain/puzzle_gen.go:65.2,67.44 2 1
github.com/InsideGallery/pomodoro/pkg/plugins/fingerprint/domain/puzzle_gen.go:67.44,74.3 3 1
github.com/InsideGallery/pomodoro/pkg/plugins/fingerprint/domain/puzzle_gen.go:77.2,77.45 1 1
github.com/InsideGallery/pomodoro/pkg/plugins/fingerprint/domain/puzzle_gen.go:77.45,79.3 1 1
github.com/InsideGallery/pomodoro/pkg/plugins/fingerprint/domain/puzzle_gen.go:82.2,82.25 1 1
github.com/InsideGallery/pomodoro/pkg/plugins/fingerprint/domain/puzzle_gen.go:82.25,85.23 2 1
github.com/InsideGallery/pomodoro/pkg/plugins/fingerprint/domain/puzzle_gen.go:85.23,87.4 1 1
github.com/InsideGallery/pomodoro/pkg/plugins/fingerprint/domain/puzzle_gen.go:90.2,95.3 1 1
github.com/InsideGallery/pomodoro/pkg/plugins/fingerprint/domain/puzzle_gen.go:101.27,114.2 5 1
github.com/InsideGallery/pomodoro/pkg/plugins/fingerprint/domain/puzzle_gen.go:117.52,120.27 2 0
github.com/InsideGallery/pomodoro/pkg/plugins/fingerprint/domain/puzzle_gen.go:120.27,124.3 3 0
github.com/InsideGallery/pomodoro/pkg/plugins/fingerprint/domain/puzzle_gen.go:126.2,126.17 1 0
github.com/InsideGallery/pomodoro/pkg/plugins/fingerprint/domain/tile.go:15.55,17.2 1 1
github.com/InsideGallery/pomodoro/pkg/plugins/fingerprint/domain/tile.go:20.41,22.2 1 1
github.com/InsideGallery/pomodoro/pkg/plugins/fingerprint/domain/tile.go:25.42,27.2 1 1
github.com/InsideGallery/pomodoro/pkg/plugins/fingerprint/domain/tile.go:30.25,34.2 3 1
github.com/InsideGallery/pomodoro/pkg/plugins/fingerprint/domain/tile.go:37.33,39.2 1 1
github.com/InsideGallery/pomodoro/pkg/plugins/fingerprint/domain/tile.go:42.31,44.2 1 1
github.com/InsideGallery/pomodoro/pkg/plugins/fingerprint/domain/tile.go:47.55,49.2 1 1
github.com/InsideGallery/pomodoro/pkg/plugins/fingerprint/cutter.go:20.62,30.23 6 0
github.com/InsideGallery/pomodoro/pkg/plugins/fingerprint/cutter.go:30.23,31.24 1 0
github.com/InsideGallery/pomodoro/pkg/plugins/fingerprint/cutter.go:31.24,44.4 6 0
github.com/InsideGallery/pomodoro/pkg/plugins/fingerprint/cutter.go:47.2,47.14 1 0
github.com/InsideGallery/pomodoro/pkg/plugins/fingerprint/cutter.go:51.67,58.23 5 1
github.com/InsideGallery/pomodoro/pkg/plugins/fingerprint/cutter.go:58.23,59.24 1 1
github.com/InsideGallery/pomodoro/pkg/plugins/fingerprint/cutter.go:59.24,73.4 4 1
github.com/InsideGallery/pomodoro/pkg/plugins/fingerprint/cutter.go:76.2,76.14 1 1
github.com/InsideGallery/pomodoro/pkg/plugins/fingerprint/cutter.go:80.69,82.19 2 1
github.com/InsideGallery/pomodoro/pkg/plugins/fingerprint/cutter.go:82.19,84.3 1 1
github.com/InsideGallery/pomodoro/pkg/plugins/fingerprint/cutter.go:86.2,91.18 4 1
github.com/InsideGallery/pomodoro/pkg/plugins/fingerprint/cutter.go:92.12,93.20 1 1
github.com/InsideGallery/pomodoro/pkg/plugins/fingerprint/cutter.go:94.10,95.20 1 0
github.com/InsideGallery/pomodoro/pkg/plugins/fingerprint/cutter.go:98.2,104.18 4 1
github.com/InsideGallery/pomodoro/pkg/plugins/fingerprint/cutter.go:105.9,106.28 1 1
github.com/InsideGallery/pomodoro/pkg/plugins/fingerprint/cutter.go:107.9,108.28 1 0
github.com/InsideGallery/pomodoro/pkg/plugins/fingerprint/cutter.go:109.9,110.28 1 0
github.com/InsideGallery/pomodoro/pkg/plugins/fingerprint/cutter.go:113.2,116.12 3 1
github.com/InsideGallery/pomodoro/pkg/plugins/fingerprint/cutter.go:121.68,122.22 1 0
github.com/InsideGallery/pomodoro/pkg/plugins/fingerprint/cutter.go:122.22,124.3 1 0
github.com/InsideGallery/pomodoro/pkg/plugins/fingerprint/cutter.go:126.2,132.27 5 0
github.com/InsideGallery/pomodoro/pkg/plugins/fingerprint/cutter.go:132.27,136.3 3 0
github.com/InsideGallery/pomodoro/pkg/plugins/fingerprint/cutter.go:138.2,138.22 1 0
github.com/InsideGallery/pomodoro/pkg/plugins/fingerprint/cutter.go:142.84,150.2 6 0
github.com/InsideGallery/pomodoro/pkg/plugins/fingerprint/desktop.go:41.62,45.2 1 0
github.com/InsideGallery/pomodoro/pkg/plugins/fingerprint/desktop.go:47.38,47.65 1 0
github.com/InsideGallery/pomodoro/pkg/plugins/fingerprint/desktop.go:49.60,50.24 1 0
github.com/InsideGallery/pomodoro/pkg/plugins/fingerprint/desktop.go:50.24,52.3 1 0
github.com/InsideGallery/pomodoro/pkg/plugins/fingerprint/desktop.go:55.50,58.2 2 0
github.com/InsideGallery/pomodoro/pkg/plugins/fingerprint/desktop.go:60.37,61.41 1 0
github.com/InsideGallery/pomodoro/pkg/plugins/fingerprint/desktop.go:61.41,66.3 4 0
github.com/InsideGallery/pomodoro/pkg/plugins/fingerprint/desktop.go:68.2,72.54 3 0
github.com/InsideGallery/pomodoro/pkg/plugins/fingerprint/desktop.go:72.54,74.3 1 0
github.com/InsideGallery/pomodoro/pkg/plugins/fingerprint/desktop.go:76.2,76.54 1 0
github.com/InsideGallery/pomodoro/pkg/plugins/fingerprint/desktop.go:76.54,78.3 1 0
github.com/InsideGallery/pomodoro/pkg/plugins/fingerprint/desktop.go:80.2,80.66 1 0
github.com/InsideGallery/pomodoro/pkg/plugins/fingerprint/desktop.go:80.66,82.3 1 0
github.com/InsideGallery/pomodoro/pkg/plugins/fingerprint/desktop.go:84.2,84.51 1 0
github.com/InsideGallery/pomodoro/pkg/plugins/fingerprint/desktop.go:84.51,86.3 1 0
github.com/InsideGallery/pomodoro/pkg/plugins/fingerprint/desktop.go:88.2,93.12 4 0
github.com/InsideGallery/pomodoro/pkg/plugins/fingerprint/desktop.go:96.39,100.2 2 0
github.com/InsideGallery/pomodoro/pkg/plugins/fingerprint/desktop.go:102.39,105.22 2 0
github.com/InsideGallery/pomodoro/pkg/plugins/fingerprint/desktop.go:105.22,107.3 1 0
github.com/InsideGallery/pomodoro/pkg/plugins/fingerprint/desktop.go:110.2,117.19 5 0
github.com/InsideGallery/pomodoro/pkg/plugins/fingerprint/desktop.go:117.19,118.17 1 0
github.com/InsideGallery/pomodoro/pkg/plugins/fingerprint/desktop.go:118.17,120.5 1 0
github.com/InsideGallery/pomodoro/pkg/plugins/fingerprint/desktop.go:125.39,127.16 1 0
github.com/InsideGallery/pomodoro/pkg/plugins/fingerprint/desktop.go:127.16,130.22 2 0
github.com/InsideGallery/pomodoro/pkg/plugins/fingerprint/desktop.go:130.22,132.4 1 0
github.com/InsideGallery/pomodoro/pkg/plugins/fingerprint/desktop.go:134.3,134.13 1 0
github.com/InsideGallery/pomodoro/pkg/plugins/fingerprint/desktop.go:137.2,137.50 1 0
github.com/InsideGallery/pomodoro/pkg/plugins/fingerprint/desktop.go:137.50,141.3 3 0
github.com/InsideGallery/pomodoro/pkg/plugins/fingerprint/desktop.go:143.2,143.46 1 0
github.com/InsideGallery/pomodoro/pkg/plugins/fingerprint/desktop.go:143.46,145.3 1 0
github.com/InsideGallery/pomodoro/pkg/plugins/fingerprint/desktop.go:147.2,147.12 1 0
github.com/InsideGallery/pomodoro/pkg/plugins/fingerprint/desktop.go:150.51,155.22 3 0
github.com/InsideGallery/pomodoro/pkg/plugins/fingerprint/desktop.go:155.22,161.3 5 0
github.com/InsideGallery/pomodoro/pkg/plugins/fingerprint/desktop.go:161.8,163.3 1 0
github.com/InsideGallery/pomodoro/pkg/plugins/fingerprint/desktop.go:166.2,168.16 2 0
github.com/InsideGallery/pomodoro/pkg/plugins/fingerprint/desktop.go:168.16,170.21 2 0
github.com/InsideGallery/pomodoro/pkg/plugins/fingerprint/desktop.go:170.21,172.4 1 0
github.com/InsideGallery/pomodoro/pkg/plugins/fingerprint/desktop.go:177.2,183.45 5 0
github.com/InsideGallery/pomodoro/pkg/plugins/fingerprint/desktop.go:183.45,191.3 7 0
github.com/InsideGallery/pomodoro/pkg/plugins/fingerprint/desktop.go:194.2,194.35 1 0
github.com/InsideGallery/pomodoro/pkg/plugins/fingerprint/desktop.go:194.35,208.3 10 0
github.com/InsideGallery/pomodoro/pkg/plugins/fingerprint/desktop.go:211.2,211.34 1 0
github.com/InsideGallery/pomodoro/pkg/plugins/fingerprint/desktop.go:211.34,220.3 7 0
github.com/InsideGallery/pomodoro/pkg/plugins/fingerprint/desktop.go:223.75,225.37 2 0
github.com/InsideGallery/pomodoro/pkg/plugins/fingerprint/desktop.go:225.37,227.3 1 0
github.com/InsideGallery/pomodoro/pkg/plugins/fingerprint/desktop.go:229.2,236.13 6 0
github.com/InsideGallery/pomodoro/pkg/plugins/fingerprint/generate.go:29.50,38.22 5 1
github.com/InsideGallery/pomodoro/pkg/plugins/fingerprint/generate.go:38.22,39.23 1 1
github.com/InsideGallery/pomodoro/pkg/plugins/fingerprint/generate.go:39.23,41.4 1 1
github.com/InsideGallery/pomodoro/pkg/plugins/fingerprint/generate.go:44.2,50.17 4 1
github.com/InsideGallery/pomodoro/pkg/plugins/fingerprint/generate.go:51.20,52.50 1 1
github.com/InsideGallery/pomodoro/pkg/plugins/fingerprint/generate.go:53.19,54.49 1 1
github.com/InsideGallery/pomodoro/pkg/plugins/fingerprint/generate.go:55.19,56.49 1 1
github.com/InsideGallery/pomodoro/pkg/plugins/fingerprint/generate.go:60.2,62.74 2 1
github.com/InsideGallery/pomodoro/pkg/plugins/fingerprint/generate.go:67.75,74.23 5 1
github.com/InsideGallery/pomodoro/pkg/plugins/fingerprint/generate.go:74.23,75.20 1 1
github.com/InsideGallery/pomodoro/pkg/plugins/fingerprint/generate.go:75.20,77.4 1 1
github.com/InsideGallery/pomodoro/pkg/plugins/fingerprint/generate.go:77.9,80.4 1 1
github.com/InsideGallery/pomodoro/pkg/plugins/fingerprint/generate.go:83.2,83.26 1 1
github.com/InsideGallery/pomodoro/pkg/plugins/fingerprint/generate.go:86.89,90.25 3 1
github.com/InsideGallery/pomodoro/pkg/plugins/fingerprint/generate.go:90.25,93.42 2 1
github.com/InsideGallery/pomodoro/pkg/plugins/fingerprint/generate.go:93.42,100.4 5 1
github.com/InsideGallery/pomodoro/pkg/plugins/fingerprint/generate.go:104.88,108.23 3 1
github.com/InsideGallery/pomodoro/pkg/plugins/fingerprint/generate.go:108.23,111.67 2 1
github.com/InsideGallery/pomodoro/pkg/plugins/fingerprint/generate.go:111.67,116.4 3 1
github.com/InsideGallery/pomodoro/pkg/plugins/fingerprint/generate.go:120.88,124.24 3 1
github.com/InsideGallery/pomodoro/pkg/plugins/fingerprint/generate.go:124.24,127.67 2 1
github.com/InsideGallery/pomodoro/pkg/plugins/fingerprint/generate.go:127.67,132.4 3 1
github.com/InsideGallery/pomodoro/pkg/plugins/fingerprint/generate.go:136.79,140.30 3 1
github.com/InsideGallery/pomodoro/pkg/plugins/fingerprint/generate.go:140.30,141.31 1 1
github.com/InsideGallery/pomodoro/pkg/plugins/fingerprint/generate.go:141.31,145.90 3 1
github.com/InsideGallery/pomodoro/pkg/plugins/fingerprint/generate.go:145.90,146.52 1 1
github.com/InsideGallery/pomodoro/pkg/plugins/fingerprint/generate.go:146.52,148.6 1 1
github.com/InsideGallery/pomodoro/pkg/plugins/fingerprint/generate.go:154.48,157.43 2 1
github.com/InsideGallery/pomodoro/pkg/plugins/fingerprint/generate.go:157.43,169.3 8 1
github.com/InsideGallery/pomodoro/pkg/plugins/fingerprint/generate.go:172.23,173.11 1 1
github.com/InsideGallery/pomodoro/pkg/plugins/fingerprint/generate.go:173.11,175.3 1 0
github.com/InsideGallery/pomodoro/pkg/plugins/fingerprint/generate.go:177.2,177.13 1 1
github.com/InsideGallery/pomodoro/pkg/plugins/fingerprint/generate.go:177.13,179.3 1 1
github.com/InsideGallery/pomodoro/pkg/plugins/fingerprint/generate.go:181.2,181.10 1 1
github.com/InsideGallery/pomodoro/pkg/plugins/fingerprint/loading.go:36.115,42.2 1 0
github.com/InsideGallery/pomodoro/pkg/plugins/fingerprint/loading.go:44.38,44.65 1 0
github.com/InsideGallery/pomodoro/pkg/plugins/fingerprint/loading.go:47.60,48.24 1 0
github.com/InsideGallery/pomodoro/pkg/plugins/fingerprint/loading.go:48.24,50.3 1 0
github.com/InsideGallery/pomodoro/pkg/plugins/fingerprint/loading.go:53.50,55.2 1 0
github.com/InsideGallery/pomodoro/pkg/plugins/fingerprint/loading.go:57.37,58.41 1 0
github.com/InsideGallery/pomodoro/pkg/plugins/fingerprint/loading.go:58.41,63.3 4 0
github.com/InsideGallery/pomodoro/pkg/plugins/fingerprint/loading.go:65.2,69.23 3 0
github.com/InsideGallery/pomodoro/pkg/plugins/fingerprint/loading.go:69.23,71.3 1 0
github.com/InsideGallery/pomodoro/pkg/plugins/fingerprint/loading.go:73.2,73.12 1 0
github.com/InsideGallery/pomodoro/pkg/plugins/fingerprint/loading.go:76.39,76.53 1 0
github.com/InsideGallery/pomodoro/pkg/plugins/fingerprint/loading.go:78.39,82.23 2 0
github.com/InsideGallery/pomodoro/pkg/plugins/fingerprint/loading.go:82.23,85.23 2 0
github.com/InsideGallery/pomodoro/pkg/plugins/fingerprint/loading.go:85.23,87.4 1 0
github.com/InsideGallery/pomodoro/pkg/plugins/fingerprint/loading.go:91.2,91.30 1 0
github.com/InsideGallery/pomodoro/pkg/plugins/fingerprint/loading.go:91.30,93.3 1 0
github.com/InsideGallery/pomodoro/pkg/plugins/fingerprint/loading.go:95.2,95.12 1 0
github.com/InsideGallery/pomodoro/pkg/plugins/fingerprint/loading.go:98.51,106.40 4 0
github.com/InsideGallery/pomodoro/pkg/plugins/fingerprint/loading.go:106.40,112.3 4 0
github.com/InsideGallery/pomodoro/pkg/plugins/fingerprint/loading.go:115.2,117.15 2 0
github.com/InsideGallery/pomodoro/pkg/plugins/fingerprint/loading.go:117.15,134.3 10 0
github.com/InsideGallery/pomodoro/pkg/plugins/fingerprint/loading.go:137.2,139.23 2 0
github.com/InsideGallery/pomodoro/pkg/plugins/fingerprint/loading.go:142.75,144.37 2 0
github.com/InsideGallery/pomodoro/pkg/plugins/fingerprint/loading.go:144.37,146.3 1 0
github.com/InsideGallery/pomodoro/pkg/plugins/fingerprint/loading.go:148.2,155.13 6 0
github.com/InsideGallery/pomodoro/pkg/plugins/fingerprint/loading.go:159.84,163.2 3 0
github.com/InsideGallery/pomodoro/pkg/plugins/fingerprint/plugin.go:24.40,24.64 1 0
github.com/InsideGallery/pomodoro/pkg/plugins/fingerprint/plugin.go:25.40,25.72 1 0
github.com/InsideGallery/pomodoro/pkg/plugins/fingerprint/plugin.go:26.40,26.56 1 0
github.com/InsideGallery/pomodoro/pkg/plugins/fingerprint/plugin.go:27.48,29.2 1 0
github.com/InsideGallery/pomodoro/pkg/plugins/fingerprint/plugin.go:31.92,35.21 2 0
github.com/InsideGallery/pomodoro/pkg/plugins/fingerprint/plugin.go:35.21,35.42 1 0
github.com/InsideGallery/pomodoro/pkg/plugins/fingerprint/plugin.go:39.2,40.21 1 0
github.com/InsideGallery/pomodoro/pkg/plugins/fingerprint/plugin.go:40.21,40.42 1 0
github.com/InsideGallery/pomodoro/pkg/plugins/fingerprint/plugin.go:42.31,44.4 1 0
github.com/InsideGallery/pomodoro/pkg/plugins/fingerprint/plugin.go:48.2,48.56 1 0
github.com/InsideGallery/pomodoro/pkg/plugins/fingerprint/plugin.go:48.56,50.52 2 0
github.com/InsideGallery/pomodoro/pkg/plugins/fingerprint/plugin.go:50.52,52.4 1 0
github.com/InsideGallery/pomodoro/pkg/plugins/fingerprint/plugin.go:55.2,55.57 1 0
github.com/InsideGallery/pomodoro/pkg/plugins/fingerprint/plugin.go:55.57,56.42 1 0
github.com/InsideGallery/pomodoro/pkg/plugins/fingerprint/plugin.go:56.42,58.4 1 0
github.com/InsideGallery/pomodoro/pkg/plugins/fingerprint/plugin.go:61.2,61.39 1 0
github.com/InsideGallery/pomodoro/pkg/plugins/fingerprint/plugin.go:65.43,67.21 2 0
github.com/InsideGallery/pomodoro/pkg/plugins/fingerprint/plugin.go:67.21,69.3 1 0
github.com/InsideGallery/pomodoro/pkg/plugins/fingerprint/plugin.go:71.2,86.38 3 0
github.com/InsideGallery/pomodoro/pkg/plugins/fingerprint/plugin.go:86.38,91.30 2 0
github.com/InsideGallery/pomodoro/pkg/plugins/fingerprint/plugin.go:91.30,93.5 1 0
github.com/InsideGallery/pomodoro/pkg/plugins/fingerprint/plugin.go:98.2,98.26 1 0
github.com/InsideGallery/pomodoro/pkg/plugins/fingerprint/plugin.go:98.26,103.30 2 0
github.com/InsideGallery/pomodoro/pkg/plugins/fingerprint/plugin.go:103.30,105.5 1 0
github.com/InsideGallery/pomodoro/pkg/plugins/fingerprint/plugin.go:110.2,115.30 2 0
github.com/InsideGallery/pomodoro/pkg/plugins/fingerprint/plugin.go:115.30,120.30 2 0
github.com/InsideGallery/pomodoro/pkg/plugins/fingerprint/plugin.go:120.30,122.5 1 0
github.com/InsideGallery/pomodoro/pkg/plugins/fingerprint/plugin.go:127.2,129.29 2 0
github.com/InsideGallery/pomodoro/pkg/plugins/fingerprint/plugin.go:129.29,130.45 1 0
github.com/InsideGallery/pomodoro/pkg/plugins/fingerprint/plugin.go:130.45,135.31 2 0
github.com/InsideGallery/pomodoro/pkg/plugins/fingerprint/plugin.go:135.31,139.45 3 0
github.com/InsideGallery/pomodoro/pkg/plugins/fingerprint/plugin.go:139.45,142.7 1 0
github.com/InsideGallery/pomodoro/pkg/plugins/fingerprint/plugin.go:144.6,144.28 1 0
github.com/InsideGallery/pomodoro/pkg/plugins/fingerprint/plugin.go:151.2,151.26 1 0
github.com/InsideGallery/pomodoro/pkg/plugins/fingerprint/plugin.go:151.26,156.30 2 0
github.com/InsideGallery/pomodoro/pkg/plugins/fingerprint/plugin.go:156.30,158.5 1 0
github.com/InsideGallery/pomodoro/pkg/plugins/fingerprint/plugin.go:161.3,163.30 1 0
github.com/InsideGallery/pomodoro/pkg/plugins/fingerprint/plugin.go:163.30,165.5 1 0
github.com/InsideGallery/pomodoro/pkg/plugins/fingerprint/plugin.go:169.2,169.21 1 0
github.com/InsideGallery/pomodoro/pkg/plugins/fingerprint/plugin.go:172.52,174.16 2 0
github.com/InsideGallery/pomodoro/pkg/plugins/fingerprint/plugin.go:174.16,176.3 1 0
github.com/InsideGallery/pomodoro/pkg/plugins/fingerprint/plugin.go:177.2,180.16 3 0
github.com/InsideGallery/pomodoro/pkg/plugins/fingerprint/plugin.go:180.16,182.3 1 0
github.com/InsideGallery/pomodoro/pkg/plugins/fingerprint/plugin.go:184.2,184.43 1 0
github.com/InsideGallery/pomodoro/pkg/plugins/fingerprint/plugin.go:187.29,195.33 2 0
github.com/InsideGallery/pomodoro/pkg/plugins/fingerprint/plugin.go:195.33,196.60 1 0
github.com/InsideGallery/pomodoro/pkg/plugins/fingerprint/plugin.go:196.60,198.4 1 0
github.com/InsideGallery/pomodoro/pkg/plugins/fingerprint/plugin.go:201.2,201.11 1 0
github.com/InsideGallery/pomodoro/pkg/plugins/fingerprint/puzzle.go:59.84,64.2 1 0
github.com/InsideGallery/pomodoro/pkg/plugins/fingerprint/puzzle.go:66.37,66.63 1 0
github.com/InsideGallery/pomodoro/pkg/plugins/fingerprint/puzzle.go:68.59,69.24 1 0
github.com/InsideGallery/pomodoro/pkg/plugins/fingerprint/puzzle.go:69.24,71.3 1 0
github.com/InsideGallery/pomodoro/pkg/plugins/fingerprint/puzzle.go:74.39,78.2 2 0
github.com/InsideGallery/pomodoro/pkg/plugins/fingerprint/puzzle.go:80.49,85.2 3 0
github.com/InsideGallery/pomodoro/pkg/plugins/fingerprint/puzzle.go:87.36,88.41 1 0
github.com/InsideGallery/pomodoro/pkg/plugins/fingerprint/puzzle.go:88.41,93.3 4 0
github.com/InsideGallery/pomodoro/pkg/plugins/fingerprint/puzzle.go:95.2,104.12 7 0
github.com/InsideGallery/pomodoro/pkg/plugins/fingerprint/puzzle.go:107.38,111.2 2 0
github.com/InsideGallery/pomodoro/pkg/plugins/fingerprint/puzzle.go:113.35,123.33 7 0
github.com/InsideGallery/pomodoro/pkg/plugins/fingerprint/puzzle.go:123.33,126.3 2 0
github.com/InsideGallery/pomodoro/pkg/plugins/fingerprint/puzzle.go:128.2,128.20 1 0
github.com/InsideGallery/pomodoro/pkg/plugins/fingerprint/puzzle.go:131.40,134.43 2 0
github.com/InsideGallery/pomodoro/pkg/plugins/fingerprint/puzzle.go:134.43,136.3 1 0
github.com/InsideGallery/pomodoro/pkg/plugins/fingerprint/puzzle.go:139.2,151.32 11 0
github.com/InsideGallery/pomodoro/pkg/plugins/fingerprint/puzzle.go:151.32,164.77 6 0
github.com/InsideGallery/pomodoro/pkg/plugins/fingerprint/puzzle.go:164.77,166.4 1 0
github.com/InsideGallery/pomodoro/pkg/plugins/fingerprint/puzzle.go:168.3,169.61 2 0
github.com/InsideGallery/pomodoro/pkg/plugins/fingerprint/puzzle.go:169.61,172.12 2 0
github.com/InsideGallery/pomodoro/pkg/plugins/fingerprint/puzzle.go:175.3,179.32 2 0
github.com/InsideGallery/pomodoro/pkg/plugins/fingerprint/puzzle.go:179.32,179.56 1 0
github.com/InsideGallery/pomodoro/pkg/plugins/fingerprint/puzzle.go:180.20,181.17 1 0
github.com/InsideGallery/pomodoro/pkg/plugins/fingerprint/puzzle.go:181.17,183.6 1 0
github.com/InsideGallery/pomodoro/pkg/plugins/fingerprint/puzzle.go:185.5,185.26 1 0
github.com/InsideGallery/pomodoro/pkg/plugins/fingerprint/puzzle.go:185.26,188.6 2 0
github.com/InsideGallery/pomodoro/pkg/plugins/fingerprint/puzzle.go:188.11,191.6 2 0
github.com/InsideGallery/pomodoro/pkg/plugins/fingerprint/puzzle.go:197.38,198.50 1 0
github.com/InsideGallery/pomodoro/pkg/plugins/fingerprint/puzzle.go:198.50,202.3 2 0
github.com/InsideGallery/pomodoro/pkg/plugins/fingerprint/puzzle.go:205.2,206.13 2 0
github.com/InsideGallery/pomodoro/pkg/plugins/fingerprint/puzzle.go:206.13,208.3 1 0
github.com/InsideGallery/pomodoro/pkg/plugins/fingerprint/puzzle.go:211.2,211.14 1 0
github.com/InsideGallery/pomodoro/pkg/plugins/fingerprint/puzzle.go:211.14,213.48 1 0
github.com/InsideGallery/pomodoro/pkg/plugins/fingerprint/puzzle.go:213.48,215.4 1 0
github.com/InsideGallery/pomodoro/pkg/plugins/fingerprint/puzzle.go:217.3,217.13 1 0
github.com/InsideGallery/pomodoro/pkg/plugins/fingerprint/puzzle.go:221.2,221.13 1 0
github.com/InsideGallery/pomodoro/pkg/plugins/fingerprint/puzzle.go:221.13,223.3 1 0
github.com/InsideGallery/pomodoro/pkg/plugins/fingerprint/puzzle.go:225.2,225.46 1 0
github.com/InsideGallery/pomodoro/pkg/plugins/fingerprint/puzzle.go:225.46,227.3 1 0
github.com/InsideGallery/pomodoro/pkg/plugins/fingerprint/puzzle.go:229.2,229.12 1 0
github.com/InsideGallery/pomodoro/pkg/plugins/fingerprint/puzzle.go:232.50,248.13 8 0
github.com/InsideGallery/pomodoro/pkg/plugins/fingerprint/puzzle.go:248.13,250.3 1 0
github.com/InsideGallery/pomodoro/pkg/plugins/fingerprint/puzzle.go:252.2,269.54 9 0
github.com/InsideGallery/pomodoro/pkg/plugins/fingerprint/puzzle.go:269.54,276.3 6 0
github.com/InsideGallery/pomodoro/pkg/plugins/fingerprint/puzzle.go:278.2,283.51 3 0
github.com/InsideGallery/pomodoro/pkg/plugins/fingerprint/puzzle.go:283.51,285.10 2 0
github.com/InsideGallery/pomodoro/pkg/plugins/fingerprint/puzzle.go:285.10,286.12 1 0
github.com/InsideGallery/pomodoro/pkg/plugins/fingerprint/puzzle.go:290.3,292.10 2 0
github.com/InsideGallery/pomodoro/pkg/plugins/fingerprint/puzzle.go:293.30,294.62 1 0
github.com/InsideGallery/pomodoro/pkg/plugins/fingerprint/puzzle.go:295.41,296.62 1 0
github.com/InsideGallery/pomodoro/pkg/plugins/fingerprint/puzzle.go:297.18,298.62 1 0
github.com/InsideGallery/pomodoro/pkg/plugins/fingerprint/puzzle.go:301.3,304.21 2 0
github.com/InsideGallery/pomodoro/pkg/plugins/fingerprint/puzzle.go:304.21,311.4 6 0
github.com/InsideGallery/pomodoro/pkg/plugins/fingerprint/puzzle.go:315.2,315.14 1 0
github.com/InsideGallery/pomodoro/pkg/plugins/fingerprint/puzzle.go:315.14,320.3 2 0
github.com/InsideGallery/pomodoro/pkg/plugins/fingerprint/puzzle.go:323.74,325.37 2 0
github.com/InsideGallery/pomodoro/pkg/plugins/fingerprint/puzzle.go:325.37,327.3 1 0
github.com/InsideGallery/pomodoro/pkg/plugins/fingerprint/puzzle.go:329.2,336.13 6 0
github.com/InsideGallery/pomodoro/pkg/scene/base.go:29.67,39.2 1 1
github.com/InsideGallery/pomodoro/pkg/scene/base.go:42.36,43.38 1 1
github.com/InsideGallery/pomodoro/pkg/scene/base.go:43.38,44.43 1 0
github.com/InsideGallery/pomodoro/pkg/scene/base.go:44.43,46.4 1 0
github.com/InsideGallery/pomodoro/pkg/scene/base.go:49.2,49.12 1 1
github.com/InsideGallery/pomodoro/pkg/scene/base.go:54.48,57.30 2 0
github.com/InsideGallery/pomodoro/pkg/scene/base.go:57.30,59.3 1 0
github.com/InsideGallery/pomodoro/pkg/scene/base.go:61.2,61.30 1 0
github.com/InsideGallery/pomodoro/pkg/scene/base.go:61.30,62.43 1 0
github.com/InsideGallery/pomodoro/pkg/scene/base.go:62.43,64.4 1 0
github.com/InsideGallery/pomodoro/pkg/scene/manager.go:18.28,22.2 1 1
github.com/InsideGallery/pomodoro/pkg/scene/manager.go:25.61,29.28 3 1
github.com/InsideGallery/pomodoro/pkg/scene/manager.go:29.28,32.3 2 1
github.com/InsideGallery/pomodoro/pkg/scene/manager.go:37.52,42.22 4 1
github.com/InsideGallery/pomodoro/pkg/scene/manager.go:42.22,44.3 1 1
github.com/InsideGallery/pomodoro/pkg/scene/manager.go:46.2,46.34 1 1
github.com/InsideGallery/pomodoro/pkg/scene/manager.go:46.34,48.3 1 0
github.com/InsideGallery/pomodoro/pkg/scene/manager.go:50.2,53.17 3 1
github.com/InsideGallery/pomodoro/pkg/scene/manager.go:53.17,54.39 1 1
github.com/InsideGallery/pomodoro/pkg/scene/manager.go:54.39,56.4 1 0
github.com/InsideGallery/pomodoro/pkg/scene/manager.go:59.2,59.12 1 1
github.com/InsideGallery/pomodoro/pkg/scene/manager.go:64.50,69.2 3 0
github.com/InsideGallery/pomodoro/pkg/scene/manager.go:71.33,76.2 3 1
github.com/InsideGallery/pomodoro/pkg/plugins/lockscreen/lock.go:13.61,17.2 3 1
github.com/InsideGallery/pomodoro/pkg/plugins/lockscreen/lock.go:20.30,20.49 1 1
github.com/InsideGallery/pomodoro/pkg/plugins/lockscreen/lock.go:23.45,25.2 1 1
github.com/InsideGallery/pomodoro/pkg/plugins/lockscreen/lock.go:28.55,30.13 2 1
github.com/InsideGallery/pomodoro/pkg/plugins/lockscreen/lock.go:30.13,32.3 1 1
github.com/InsideGallery/pomodoro/pkg/plugins/lockscreen/lock.go:34.2,34.12 1 1
github.com/InsideGallery/pomodoro/pkg/plugins/lockscreen/lock.go:38.48,39.21 1 1
github.com/InsideGallery/pomodoro/pkg/plugins/lockscreen/lock.go:39.21,41.3 1 1
github.com/InsideGallery/pomodoro/pkg/plugins/lockscreen/lock.go:43.2,45.11 2 1
github.com/InsideGallery/pomodoro/pkg/plugins/lockscreen/lock.go:45.11,47.3 1 0
github.com/InsideGallery/pomodoro/pkg/plugins/lockscreen/lock.go:49.2,49.11 1 1
github.com/InsideGallery/pomodoro/pkg/plugins/lockscreen/lock.go:49.11,51.3 1 1
github.com/InsideGallery/pomodoro/pkg/plugins/lockscreen/lock.go:53.2,53.10 1 1
github.com/InsideGallery/pomodoro/pkg/plugins/lockscreen/lock.go:57.23,59.2 1 1
github.com/InsideGallery/pomodoro/pkg/plugins/lockscreen/scene.go:60.74,69.60 3 0
github.com/InsideGallery/pomodoro/pkg/plugins/lockscreen/scene.go:69.60,70.15 1 0
github.com/InsideGallery/pomodoro/pkg/plugins/lockscreen/scene.go:70.15,72.4 1 0
github.com/InsideGallery/pomodoro/pkg/plugins/lockscreen/scene.go:75.2,75.57 1 0
github.com/InsideGallery/pomodoro/pkg/plugins/lockscreen/scene.go:75.57,76.42 1 0
github.com/InsideGallery/pomodoro/pkg/plugins/lockscreen/scene.go:76.42,79.4 2 0
github.com/InsideGallery/pomodoro/pkg/plugins/lockscreen/scene.go:82.2,82.10 1 0
github.com/InsideGallery/pomodoro/pkg/plugins/lockscreen/scene.go:85.34,85.54 1 0
github.com/InsideGallery/pomodoro/pkg/plugins/lockscreen/scene.go:86.34,86.53 1 0
github.com/InsideGallery/pomodoro/pkg/plugins/lockscreen/scene.go:88.33,92.2 2 0
github.com/InsideGallery/pomodoro/pkg/plugins/lockscreen/scene.go:94.43,96.2 1 0
github.com/InsideGallery/pomodoro/pkg/plugins/lockscreen/scene.go:98.30,99.41 1 0
github.com/InsideGallery/pomodoro/pkg/plugins/lockscreen/scene.go:99.41,104.3 4 0
github.com/InsideGallery/pomodoro/pkg/plugins/lockscreen/scene.go:106.2,112.14 5 0
github.com/InsideGallery/pomodoro/pkg/plugins/lockscreen/scene.go:112.14,114.3 1 0
github.com/InsideGallery/pomodoro/pkg/plugins/lockscreen/scene.go:116.2,116.12 1 0
github.com/InsideGallery/pomodoro/pkg/plugins/lockscreen/scene.go:119.32,122.14 2 0
github.com/InsideGallery/pomodoro/pkg/plugins/lockscreen/scene.go:122.14,124.3 1 0
github.com/InsideGallery/pomodoro/pkg/plugins/lockscreen/scene.go:126.2,128.12 2 0
github.com/InsideGallery/pomodoro/pkg/plugins/lockscreen/scene.go:131.32,134.26 2 0
github.com/InsideGallery/pomodoro/pkg/plugins/lockscreen/scene.go:134.26,139.3 3 0
github.com/InsideGallery/pomodoro/pkg/plugins/lockscreen/scene.go:141.2,141.15 1 0
github.com/InsideGallery/pomodoro/pkg/plugins/lockscreen/scene.go:141.15,143.3 1 0
github.com/InsideGallery/pomodoro/pkg/plugins/lockscreen/scene.go:145.2,145.25 1 0
github.com/InsideGallery/pomodoro/pkg/plugins/lockscreen/scene.go:145.25,147.3 1 0
github.com/InsideGallery/pomodoro/pkg/plugins/lockscreen/scene.go:149.2,149.50 1 0
github.com/InsideGallery/pomodoro/pkg/plugins/lockscreen/scene.go:149.50,150.42 1 0
github.com/InsideGallery/pomodoro/pkg/plugins/lockscreen/scene.go:150.42,152.4 1 0
github.com/InsideGallery/pomodoro/pkg/plugins/lockscreen/scene.go:154.3,157.34 3 0
github.com/InsideGallery/pomodoro/pkg/plugins/lockscreen/scene.go:157.34,160.4 2 0
github.com/InsideGallery/pomodoro/pkg/plugins/lockscreen/scene.go:163.2,163.12 1 0
github.com/InsideGallery/pomodoro/pkg/plugins/lockscreen/scene.go:166.34,167.43 1 0
github.com/InsideGallery/pomodoro/pkg/plugins/lockscreen/scene.go:167.43,169.3 1 0
github.com/InsideGallery/pomodoro/pkg/plugins/lockscreen/scene.go:171.2,175.28 3 0
github.com/InsideGallery/pomodoro/pkg/plugins/lockscreen/scene.go:175.28,175.63 1 0
github.com/InsideGallery/pomodoro/pkg/plugins/lockscreen/scene.go:176.28,176.64 1 0
github.com/InsideGallery/pomodoro/pkg/plugins/lockscreen/scene.go:178.29,178.59 1 0
github.com/InsideGallery/pomodoro/pkg/plugins/lockscreen/scene.go:179.24,179.47 1 0
github.com/InsideGallery/pomodoro/pkg/plugins/lockscreen/scene.go:180.17,182.3 1 0
github.com/InsideGallery/pomodoro/pkg/plugins/lockscreen/scene.go:184.2,185.28 1 0
github.com/InsideGallery/pomodoro/pkg/plugins/lockscreen/scene.go:185.28,185.63 1 0
github.com/InsideGallery/pomodoro/pkg/plugins/lockscreen/scene.go:186.28,186.63 1 0
github.com/InsideGallery/pomodoro/pkg/plugins/lockscreen/scene.go:188.29,188.59 1 0
github.com/InsideGallery/pomodoro/pkg/plugins/lockscreen/scene.go:189.23,194.4 3 0
github.com/InsideGallery/pomodoro/pkg/plugins/lockscreen/scene.go:195.17,197.3 1 0
github.com/InsideGallery/pomodoro/pkg/plugins/lockscreen/scene.go:199.2,206.30 5 0
github.com/InsideGallery/pomodoro/pkg/plugins/lockscreen/scene.go:206.30,206.68 1 0
github.com/InsideGallery/pomodoro/pkg/plugins/lockscreen/scene.go:209.17,211.3 1 0
github.com/InsideGallery/pomodoro/pkg/plugins/lockscreen/scene.go:213.2,214.28 1 0
github.com/InsideGallery/pomodoro/pkg/plugins/lockscreen/scene.go:214.28,214.64 1 0
github.com/InsideGallery/pomodoro/pkg/plugins/lockscreen/scene.go:215.28,215.63 1 0
github.com/InsideGallery/pomodoro/pkg/plugins/lockscreen/scene.go:217.29,217.58 1 0
github.com/InsideGallery/pomodoro/pkg/plugins/lockscreen/scene.go:218.23,219.16 1 0
github.com/InsideGallery/pomodoro/pkg/plugins/lockscreen/scene.go:219.16,221.5 1 0
github.com/InsideGallery/pomodoro/pkg/plugins/lockscreen/scene.go:223.4,223.37 1 0
github.com/InsideGallery/pomodoro/pkg/plugins/lockscreen/scene.go:225.17,227.3 1 0
github.com/InsideGallery/pomodoro/pkg/plugins/lockscreen/scene.go:230.44,236.47 4 0
github.com/InsideGallery/pomodoro/pkg/plugins/lockscreen/scene.go:236.47,238.10 2 0
github.com/InsideGallery/pomodoro/pkg/plugins/lockscreen/scene.go:238.10,239.12 1 0
github.com/InsideGallery/pomodoro/pkg/plugins/lockscreen/scene.go:242.3,243.69 2 0
github.com/InsideGallery/pomodoro/pkg/plugins/lockscreen/scene.go:246.2,246.50 1 0
github.com/InsideGallery/pomodoro/pkg/plugins/lockscreen/scene.go:246.50,248.10 2 0
github.com/InsideGallery/pomodoro/pkg/plugins/lockscreen/scene.go:248.10,249.12 1 0
github.com/InsideGallery/pomodoro/pkg/plugins/lockscreen/scene.go:252.3,253.93 2 0
github.com/InsideGallery/pomodoro/pkg/plugins/lockscreen/scene.go:257.68,259.37 2 0
github.com/InsideGallery/pomodoro/pkg/plugins/lockscreen/scene.go:259.37,261.3 1 0
github.com/InsideGallery/pomodoro/pkg/plugins/lockscreen/scene.go:263.2,270.13 6 0
github.com/InsideGallery/pomodoro/services/pomodoro/internal/timer/timer.go:15.32,16.11 1 1
github.com/InsideGallery/pomodoro/services/pomodoro/internal/timer/timer.go:17.17,18.16 1 1
github.com/InsideGallery/pomodoro/services/pomodoro/internal/timer/timer.go:19.18,20.17 1 1
github.com/InsideGallery/pomodoro/services/pomodoro/internal/timer/timer.go:21.18,22.17 1 0
github.com/InsideGallery/pomodoro/services/pomodoro/internal/timer/timer.go:23.22,24.22 1 0
github.com/InsideGallery/pomodoro/services/pomodoro/internal/timer/timer.go:25.19,26.18 1 1
github.com/InsideGallery/pomodoro/services/pomodoro/internal/timer/timer.go:27.10,28.19 1 0
github.com/InsideGallery/pomodoro/services/pomodoro/internal/timer/timer.go:32.33,34.2 1 1
github.com/InsideGallery/pomodoro/services/pomodoro/internal/timer/timer.go:44.29,52.2 1 0
github.com/InsideGallery/pomodoro/services/pomodoro/internal/timer/timer.go:66.29,72.2 1 1
github.com/InsideGallery/pomodoro/services/pomodoro/internal/timer/timer.go:74.37,74.55 1 1
github.com/InsideGallery/pomodoro/services/pomodoro/internal/timer/timer.go:75.37,75.55 1 1
github.com/InsideGallery/pomodoro/services/pomodoro/internal/timer/timer.go:76.37,76.53 1 0
github.com/InsideGallery/pomodoro/services/pomodoro/internal/timer/timer.go:77.37,77.61 1 1
github.com/InsideGallery/pomodoro/services/pomodoro/internal/timer/timer.go:78.37,78.50 1 1
github.com/InsideGallery/pomodoro/services/pomodoro/internal/timer/timer.go:79.37,79.52 1 0
github.com/InsideGallery/pomodoro/services/pomodoro/internal/timer/timer.go:82.64,83.13 1 0
github.com/InsideGallery/pomodoro/services/pomodoro/internal/timer/timer.go:83.13,85.3 1 0
github.com/InsideGallery/pomodoro/services/pomodoro/internal/timer/timer.go:87.2,87.17 1 0
github.com/InsideGallery/pomodoro/services/pomodoro/internal/timer/timer.go:88.19,89.20 1 0
github.com/InsideGallery/pomodoro/services/pomodoro/internal/timer/timer.go:90.46,91.44 1 0
github.com/InsideGallery/pomodoro/services/pomodoro/internal/timer/timer.go:96.112,104.2 6 1
github.com/InsideGallery/pomodoro/services/pomodoro/internal/timer/timer.go:107.108,113.32 4 1
github.com/InsideGallery/pomodoro/services/pomodoro/internal/timer/timer.go:113.32,115.3 1 0
github.com/InsideGallery/pomodoro/services/pomodoro/internal/timer/timer.go:117.2,120.11 2 1
github.com/InsideGallery/pomodoro/services/pomodoro/internal/timer/timer.go:121.19,123.67 2 1
github.com/InsideGallery/pomodoro/services/pomodoro/internal/timer/timer.go:124.46,127.67 3 1
github.com/InsideGallery/pomodoro/services/pomodoro/internal/timer/timer.go:128.10,129.22 1 1
github.com/InsideGallery/pomodoro/services/pomodoro/internal/timer/timer.go:133.33,134.11 1 1
github.com/InsideGallery/pomodoro/services/pomodoro/internal/timer/timer.go:135.15,136.20 1 1
github.com/InsideGallery/pomodoro/services/pomodoro/internal/timer/timer.go:137.15,138.20 1 0
github.com/InsideGallery/pomodoro/services/pomodoro/internal/timer/timer.go:139.20,140.24 1 0
github.com/InsideGallery/pomodoro/services/pomodoro/internal/timer/timer.go:141.16,142.21 1 1
github.com/InsideGallery/pomodoro/services/pomodoro/internal/timer/timer.go:143.10,144.19 1 1
github.com/InsideGallery/pomodoro/services/pomodoro/internal/timer/timer.go:148.42,149.17 1 1
github.com/InsideGallery/pomodoro/services/pomodoro/internal/timer/timer.go:150.18,151.29 1 1
github.com/InsideGallery/pomodoro/services/pomodoro/internal/timer/timer.go:152.18,153.29 1 1
github.com/InsideGallery/pomodoro/services/pomodoro/internal/timer/timer.go:154.22,155.33 1 0
github.com/InsideGallery/pomodoro/services/pomodoro/internal/timer/timer.go:156.10,157.11 1 0
github.com/InsideGallery/pomodoro/services/pomodoro/internal/timer/timer.go:161.56,162.17 1 1
github.com/InsideGallery/pomodoro/services/pomodoro/internal/timer/timer.go:163.17,164.43 1 1
github.com/InsideGallery/pomodoro/services/pomodoro/internal/timer/timer.go:165.19,166.21 1 1
github.com/InsideGallery/pomodoro/services/pomodoro/internal/timer/timer.go:167.46,169.12 2 1
github.com/InsideGallery/pomodoro/services/pomodoro/internal/timer/timer.go:169.12,171.4 1 1
github.com/InsideGallery/pomodoro/services/pomodoro/internal/timer/timer.go:173.3,173.11 1 1
github.com/InsideGallery/pomodoro/services/pomodoro/internal/timer/timer.go:174.10,175.11 1 0
github.com/InsideGallery/pomodoro/services/pomodoro/internal/timer/timer.go:179.47,180.28 1 1
github.com/InsideGallery/pomodoro/services/pomodoro/internal/timer/timer.go:180.28,182.3 1 0
github.com/InsideGallery/pomodoro/services/pomodoro/internal/timer/timer.go:184.2,184.26 1 1
github.com/InsideGallery/pomodoro/services/pomodoro/internal/timer/timer.go:184.26,186.3 1 1
github.com/InsideGallery/pomodoro/services/pomodoro/internal/timer/timer.go:188.2,188.21 1 1
github.com/InsideGallery/pomodoro/services/pomodoro/internal/timer/timer.go:191.57,192.11 1 1
github.com/InsideGallery/pomodoro/services/pomodoro/internal/timer/timer.go:193.18,194.29 1 1
github.com/InsideGallery/pomodoro/services/pomodoro/internal/timer/timer.go:195.18,196.29 1 1
github.com/InsideGallery/pomodoro/services/pomodoro/internal/timer/timer.go:197.22,198.33 1 0
github.com/InsideGallery/pomodoro/services/pomodoro/internal/timer/timer.go:199.10,200.11 1 0
github.com/InsideGallery/pomodoro/services/pomodoro/internal/timer/timer.go:204.49,206.16 2 1
github.com/InsideGallery/pomodoro/services/pomodoro/internal/timer/timer.go:206.16,208.3 1 0
github.com/InsideGallery/pomodoro/services/pomodoro/internal/timer/timer.go:210.2,213.11 3 1
github.com/InsideGallery/pomodoro/services/pomodoro/internal/timer/timer.go:213.11,215.3 1 0
github.com/InsideGallery/pomodoro/services/pomodoro/internal/timer/timer.go:217.2,217.11 1 1
github.com/InsideGallery/pomodoro/services/pomodoro/internal/timer/timer.go:217.11,219.3 1 0
github.com/InsideGallery/pomodoro/services/pomodoro/internal/timer/timer.go:221.2,221.10 1 1
github.com/InsideGallery/pomodoro/services/pomodoro/internal/timer/timer.go:225.38,226.26 1 1
github.com/InsideGallery/pomodoro/services/pomodoro/internal/timer/timer.go:226.26,228.3 1 1
github.com/InsideGallery/pomodoro/services/pomodoro/internal/timer/timer.go:230.2,232.17 3 1
github.com/InsideGallery/pomodoro/services/pomodoro/internal/timer/timer.go:235.38,236.26 1 1
github.com/InsideGallery/pomodoro/services/pomodoro/internal/timer/timer.go:236.26,238.3 1 1
github.com/InsideGallery/pomodoro/services/pomodoro/internal/timer/timer.go:240.2,242.23 3 1
github.com/InsideGallery/pomodoro/services/pomodoro/internal/timer/timer.go:245.39,246.28 1 1
github.com/InsideGallery/pomodoro/services/pomodoro/internal/timer/timer.go:246.28,248.3 1 1
github.com/InsideGallery/pomodoro/services/pomodoro/internal/timer/timer.go:250.2,252.17 3 1
github.com/InsideGallery/pomodoro/services/pomodoro/internal/timer/timer.go:255.25,260.2 4 1
github.com/InsideGallery/pomodoro/services/pomodoro/internal/timer/timer.go:262.37,263.26 1 1
github.com/InsideGallery/pomodoro/services/pomodoro/internal/timer/timer.go:263.26,267.27 2 1
github.com/InsideGallery/pomodoro/services/pomodoro/internal/timer/timer.go:267.27,271.4 2 1
github.com/InsideGallery/pomodoro/services/pomodoro/internal/timer/timer.go:273.3,273.9 1 1
github.com/InsideGallery/pomodoro/services/pomodoro/internal/timer/timer.go:276.2,277.28 2 1
github.com/InsideGallery/pomodoro/services/pomodoro/internal/timer/timer.go:277.28,279.3 1 1
github.com/InsideGallery/pomodoro/services/pomodoro/internal/timer/timer.go:281.2,281.26 1 1
github.com/InsideGallery/pomodoro/services/pomodoro/internal/timer/timer.go:284.39,285.26 1 1
github.com/InsideGallery/pomodoro/services/pomodoro/internal/timer/timer.go:285.26,287.3 1 0
github.com/InsideGallery/pomodoro/services/pomodoro/internal/timer/timer.go:289.2,289.27 1 1
github.com/InsideGallery/pomodoro/services/pomodoro/internal/timer/timer.go:289.27,291.3 1 1
github.com/InsideGallery/pomodoro/services/pomodoro/internal/timer/timer.go:294.58,295.29 1 1
github.com/InsideGallery/pomodoro/services/pomodoro/internal/timer/timer.go:295.29,297.3 1 1
github.com/InsideGallery/pomodoro/services/pomodoro/internal/timer/timer.go:299.2,299.25 1 1
github.com/InsideGallery/pomodoro/services/pomodoro/internal/timer/timer.go:299.25,301.3 1 1
github.com/InsideGallery/pomodoro/services/pomodoro/internal/timer/timer.go:303.2,304.42 2 1
github.com/InsideGallery/pomodoro/services/pomodoro/internal/timer/timer.go:304.42,309.3 4 1
github.com/InsideGallery/pomodoro/services/pomodoro/internal/timer/timer.go:309.8,312.3 2 1
github.com/InsideGallery/pomodoro/services/pomodoro/internal/timer/timer.go:315.50,316.19 1 1
github.com/InsideGallery/pomodoro/services/pomodoro/internal/timer/timer.go:317.18,318.40 1 1
github.com/InsideGallery/pomodoro/services/pomodoro/internal/timer/timer.go:318.40,321.4 2 1
github.com/InsideGallery/pomodoro/services/pomodoro/internal/timer/timer.go:323.3,323.20 1 1
github.com/InsideGallery/pomodoro/services/pomodoro/internal/timer/timer.go:324.34,325.20 1 1
github.com/InsideGallery/pomodoro/services/pomodoro/internal/timer/timer.go:326.10,327.19 1 0
github.com/InsideGallery/pomodoro/pkg/plugins/metrics/scene.go:38.53,42.37 3 0
github.com/InsideGallery/pomodoro/pkg/plugins/metrics/scene.go:42.37,44.3 1 0
github.com/InsideGallery/pomodoro/pkg/plugins/metrics/scene.go:46.2,57.56 4 0
github.com/InsideGallery/pomodoro/pkg/plugins/metrics/scene.go:57.56,61.3 2 0
github.com/InsideGallery/pomodoro/pkg/plugins/metrics/scene.go:63.2,63.45 1 0
github.com/InsideGallery/pomodoro/pkg/plugins/metrics/scene.go:63.45,64.17 1 0
github.com/InsideGallery/pomodoro/pkg/plugins/metrics/scene.go:64.17,66.4 1 0
github.com/InsideGallery/pomodoro/pkg/plugins/metrics/scene.go:68.3,71.17 3 0
github.com/InsideGallery/pomodoro/pkg/plugins/metrics/scene.go:74.2,74.58 1 0
github.com/InsideGallery/pomodoro/pkg/plugins/metrics/scene.go:74.58,75.54 1 0
github.com/InsideGallery/pomodoro/pkg/plugins/metrics/scene.go:75.54,77.4 1 0
github.com/InsideGallery/pomodoro/pkg/plugins/metrics/scene.go:79.3,79.38 1 0
github.com/InsideGallery/pomodoro/pkg/plugins/metrics/scene.go:79.38,81.4 1 0
github.com/InsideGallery/pomodoro/pkg/plugins/metrics/scene.go:84.2,84.56 1 0
github.com/InsideGallery/pomodoro/pkg/plugins/metrics/scene.go:84.56,89.51 3 0
github.com/InsideGallery/pomodoro/pkg/plugins/metrics/scene.go:89.51,93.4 2 0
github.com/InsideGallery/pomodoro/pkg/plugins/metrics/scene.go:96.2,96.58 1 0
github.com/InsideGallery/pomodoro/pkg/plugins/metrics/scene.go:96.58,97.54 1 0
github.com/InsideGallery/pomodoro/pkg/plugins/metrics/scene.go:97.54,99.4 1 0
github.com/InsideGallery/pomodoro/pkg/plugins/metrics/scene.go:101.3,103.53 2 0
github.com/InsideGallery/pomodoro/pkg/plugins/metrics/scene.go:103.53,105.4 1 0
github.com/InsideGallery/pomodoro/pkg/plugins/metrics/scene.go:107.3,107.38 1 0
github.com/InsideGallery/pomodoro/pkg/plugins/metrics/scene.go:107.38,109.4 1 0
github.com/InsideGallery/pomodoro/pkg/plugins/metrics/scene.go:112.2,112.60 1 0
github.com/InsideGallery/pomodoro/pkg/plugins/metrics/scene.go:112.60,116.3 2 0
github.com/InsideGallery/pomodoro/pkg/plugins/metrics/scene.go:118.2,118.62 1 0
github.com/InsideGallery/pomodoro/pkg/plugins/metrics/scene.go:118.62,119.54 1 0
github.com/InsideGallery/pomodoro/pkg/plugins/metrics/scene.go:119.54,121.4 1 0
github.com/InsideGallery/pomodoro/pkg/plugins/metrics/scene.go:123.3,123.38 1 0
github.com/InsideGallery/pomodoro/pkg/plugins/metrics/scene.go:123.38,125.4 1 0
github.com/InsideGallery/pomodoro/pkg/plugins/metrics/scene.go:128.2,128.57 1 0
github.com/InsideGallery/pomodoro/pkg/plugins/metrics/scene.go:128.57,129.42 1 0
github.com/InsideGallery/pomodoro/pkg/plugins/metrics/scene.go:129.42,131.4 1 0
github.com/InsideGallery/pomodoro/pkg/plugins/metrics/scene.go:134.2,134.10 1 0
github.com/InsideGallery/pomodoro/pkg/plugins/metrics/scene.go:137.34,137.54 1 0
github.com/InsideGallery/pomodoro/pkg/plugins/metrics/scene.go:138.34,138.54 1 0
github.com/InsideGallery/pomodoro/pkg/plugins/metrics/scene.go:140.43,142.2 1 0
github.com/InsideGallery/pomodoro/pkg/plugins/metrics/scene.go:144.30,145.39 1 0
github.com/InsideGallery/pomodoro/pkg/plugins/metrics/scene.go:145.39,147.3 1 0
github.com/InsideGallery/pomodoro/pkg/plugins/metrics/scene.go:149.2,151.12 2 0
github.com/InsideGallery/pomodoro/pkg/plugins/metrics/scene.go:154.32,154.46 1 0
github.com/InsideGallery/pomodoro/pkg/plugins/metrics/scene.go:156.32,157.50 1 0
github.com/InsideGallery/pomodoro/pkg/plugins/metrics/scene.go:157.50,161.3 2 0
github.com/InsideGallery/pomodoro/pkg/plugins/metrics/scene.go:163.2,163.45 1 0
github.com/InsideGallery/pomodoro/pkg/plugins/metrics/scene.go:163.45,165.3 1 0
github.com/InsideGallery/pomodoro/pkg/plugins/metrics/scene.go:167.2,167.45 1 0
github.com/InsideGallery/pomodoro/pkg/plugins/metrics/scene.go:167.45,169.3 1 0
github.com/InsideGallery/pomodoro/pkg/plugins/metrics/scene.go:171.2,171.45 1 0
github.com/InsideGallery/pomodoro/pkg/plugins/metrics/scene.go:171.45,173.3 1 0
github.com/InsideGallery/pomodoro/pkg/plugins/metrics/scene.go:175.2,175.61 1 0
github.com/InsideGallery/pomodoro/pkg/plugins/metrics/scene.go:175.61,177.3 1 0
github.com/InsideGallery/pomodoro/pkg/plugins/metrics/scene.go:179.2,179.62 1 0
github.com/InsideGallery/pomodoro/pkg/plugins/metrics/scene.go:179.62,181.3 1 0
github.com/InsideGallery/pomodoro/pkg/plugins/metrics/scene.go:183.2,183.64 1 0
github.com/InsideGallery/pomodoro/pkg/plugins/metrics/scene.go:183.64,186.3 2 0
github.com/InsideGallery/pomodoro/pkg/plugins/metrics/scene.go:188.2,188.12 1 0
github.com/InsideGallery/pomodoro/pkg/plugins/metrics/scene.go:191.48,198.33 6 0
github.com/InsideGallery/pomodoro/pkg/plugins/metrics/scene.go:198.33,200.3 1 0
github.com/InsideGallery/pomodoro/pkg/plugins/metrics/scene.go:202.2,202.19 1 0
github.com/InsideGallery/pomodoro/pkg/plugins/metrics/scene.go:202.19,204.36 2 0
github.com/InsideGallery/pomodoro/pkg/plugins/metrics/scene.go:204.36,208.4 2 0
github.com/InsideGallery/pomodoro/pkg/plugins/metrics/scene.go:212.44,231.15 13 0
github.com/InsideGallery/pomodoro/pkg/plugins/metrics/scene.go:232.9,233.24 1 0
github.com/InsideGallery/pomodoro/pkg/plugins/metrics/scene.go:234.9,235.26 1 0
github.com/InsideGallery/pomodoro/pkg/plugins/metrics/scene.go:236.9,237.25 1 0
github.com/InsideGallery/pomodoro/pkg/plugins/metrics/scene.go:240.2,247.45 6 0
github.com/InsideGallery/pomodoro/pkg/plugins/metrics/scene.go:250.48,260.31 8 0
github.com/InsideGallery/pomodoro/pkg/plugins/metrics/scene.go:260.31,266.17 4 0
github.com/InsideGallery/pomodoro/pkg/plugins/metrics/scene.go:266.17,269.4 2 0
github.com/InsideGallery/pomodoro/pkg/plugins/metrics/scene.go:271.3,276.39 3 0
github.com/InsideGallery/pomodoro/pkg/plugins/metrics/scene.go:280.89,303.27 7 0
github.com/InsideGallery/pomodoro/pkg/plugins/metrics/scene.go:303.27,312.3 5 0
github.com/InsideGallery/pomodoro/pkg/plugins/metrics/scene.go:315.68,317.37 2 0
github.com/InsideGallery/pomodoro/pkg/plugins/metrics/scene.go:317.37,319.3 1 0
github.com/InsideGallery/pomodoro/pkg/plugins/metrics/scene.go:321.2,328.13 6 0
github.com/InsideGallery/pomodoro/pkg/plugins/metrics/scene.go:331.36,332.13 1 0
github.com/InsideGallery/pomodoro/pkg/plugins/metrics/scene.go:332.13,334.3 1 0
github.com/InsideGallery/pomodoro/pkg/plugins/metrics/scene.go:336.2,336.32 1 0
github.com/InsideGallery/pomodoro/pkg/plugins/metrics/scene.go:339.31,339.88 1 0
github.com/InsideGallery/pomodoro/pkg/plugins/metrics/scene.go:340.31,340.88 1 0
github.com/InsideGallery/pomodoro/pkg/plugins/metrics/scene.go:341.31,341.88 1 0
github.com/InsideGallery/pomodoro/pkg/plugins/metrics/store.go:44.35,46.2 1 1
github.com/InsideGallery/pomodoro/pkg/plugins/metrics/store.go:49.27,51.16 2 1
github.com/InsideGallery/pomodoro/pkg/plugins/metrics/store.go:51.16,53.3 1 0
github.com/InsideGallery/pomodoro/pkg/plugins/metrics/store.go:55.2,55.67 1 1
github.com/InsideGallery/pomodoro/pkg/plugins/metrics/store.go:62.30,67.16 4 1
github.com/InsideGallery/pomodoro/pkg/plugins/metrics/store.go:67.16,71.3 2 1
github.com/InsideGallery/pomodoro/pkg/plugins/metrics/store.go:73.2,73.54 1 1
github.com/InsideGallery/pomodoro/pkg/plugins/metrics/store.go:73.54,75.3 1 0
github.com/InsideGallery/pomodoro/pkg/plugins/metrics/store.go:78.2,78.24 1 1
github.com/InsideGallery/pomodoro/pkg/plugins/metrics/store.go:78.24,79.44 1 1
github.com/InsideGallery/pomodoro/pkg/plugins/metrics/store.go:79.44,81.4 1 0
github.com/InsideGallery/pomodoro/pkg/plugins/metrics/store.go:83.3,83.44 1 1
github.com/InsideGallery/pomodoro/pkg/plugins/metrics/store.go:83.44,85.4 1 0
github.com/InsideGallery/pomodoro/pkg/plugins/metrics/store.go:87.3,87.43 1 1
github.com/InsideGallery/pomodoro/pkg/plugins/metrics/store.go:87.43,89.4 1 0
github.com/InsideGallery/pomodoro/pkg/plugins/metrics/store.go:92.2,92.12 1 1
github.com/InsideGallery/pomodoro/pkg/plugins/metrics/store.go:96.30,100.65 3 1
github.com/InsideGallery/pomodoro/pkg/plugins/metrics/store.go:100.65,102.3 1 0
github.com/InsideGallery/pomodoro/pkg/plugins/metrics/store.go:104.2,105.16 2 1
github.com/InsideGallery/pomodoro/pkg/plugins/metrics/store.go:105.16,107.3 1 0
github.com/InsideGallery/pomodoro/pkg/plugins/metrics/store.go:109.2,109.42 1 1
github.com/InsideGallery/pomodoro/pkg/plugins/metrics/store.go:113.39,116.63 2 1
github.com/InsideGallery/pomodoro/pkg/plugins/metrics/store.go:116.63,118.3 1 1
github.com/InsideGallery/pomodoro/pkg/plugins/metrics/store.go:120.2,122.31 2 1
github.com/InsideGallery/pomodoro/pkg/plugins/metrics/store.go:126.36,131.2 3 1
github.com/InsideGallery/pomodoro/pkg/plugins/metrics/store.go:134.51,139.2 3 1
github.com/InsideGallery/pomodoro/pkg/plugins/metrics/store.go:142.36,147.2 3 1
github.com/InsideGallery/pomodoro/pkg/plugins/metrics/store.go:150.51,155.2 3 1
github.com/InsideGallery/pomodoro/pkg/plugins/metrics/store.go:158.38,163.2 3 1
github.com/InsideGallery/pomodoro/pkg/plugins/metrics/store.go:166.35,171.2 3 1
github.com/InsideGallery/pomodoro/pkg/plugins/metrics/store.go:174.50,179.2 3 1
github.com/InsideGallery/pomodoro/pkg/plugins/metrics/store.go:182.42,187.2 3 1
github.com/InsideGallery/pomodoro/pkg/plugins/metrics/store.go:190.33,195.2 3 1
github.com/InsideGallery/pomodoro/pkg/plugins/metrics/store.go:198.34,205.28 5 1
github.com/InsideGallery/pomodoro/pkg/plugins/metrics/store.go:205.28,207.3 1 1
github.com/InsideGallery/pomodoro/pkg/plugins/metrics/store.go:209.2,213.27 3 1
github.com/InsideGallery/pomodoro/pkg/plugins/metrics/store.go:213.27,214.26 1 1
github.com/InsideGallery/pomodoro/pkg/plugins/metrics/store.go:214.26,216.4 1 1
github.com/InsideGallery/pomodoro/pkg/plugins/metrics/store.go:219.2,219.30 1 1
github.com/InsideGallery/pomodoro/pkg/plugins/metrics/store.go:223.35,231.27 5 1
github.com/InsideGallery/pomodoro/pkg/plugins/metrics/store.go:231.27,232.27 1 1
github.com/InsideGallery/pomodoro/pkg/plugins/metrics/store.go:232.27,234.4 1 1
github.com/InsideGallery/pomodoro/pkg/plugins/metrics/store.go:237.2,237.30 1 1
github.com/InsideGallery/pomodoro/pkg/plugins/metrics/store.go:240.56,243.25 2 1
github.com/InsideGallery/pomodoro/pkg/plugins/metrics/store.go:243.25,252.3 8 1
github.com/InsideGallery/pomodoro/pkg/plugins/metrics/store.go:254.2,254.12 1 1
github.com/InsideGallery/pomodoro/pkg/plugins/minigame/game.go:41.94,50.2 8 1
github.com/InsideGallery/pomodoro/pkg/plugins/minigame/game.go:53.29,54.34 1 1
github.com/InsideGallery/pomodoro/pkg/plugins/minigame/game.go:54.34,55.22 1 1
github.com/InsideGallery/pomodoro/pkg/plugins/minigame/game.go:55.22,63.4 4 1
github.com/InsideGallery/pomodoro/pkg/plugins/minigame/game.go:69.41,73.30 3 1
github.com/InsideGallery/pomodoro/pkg/plugins/minigame/game.go:73.30,74.15 1 1
github.com/InsideGallery/pomodoro/pkg/plugins/minigame/game.go:74.15,75.12 1 0
github.com/InsideGallery/pomodoro/pkg/plugins/minigame/game.go:78.3,81.64 3 1
github.com/InsideGallery/pomodoro/pkg/plugins/minigame/game.go:81.64,84.4 2 1
github.com/InsideGallery/pomodoro/pkg/plugins/minigame/game.go:87.2,87.17 1 1
github.com/InsideGallery/pomodoro/pkg/plugins/minigame/game.go:87.17,89.3 1 1
github.com/InsideGallery/pomodoro/pkg/plugins/minigame/game.go:91.2,94.25 3 1
github.com/InsideGallery/pomodoro/pkg/plugins/minigame/game.go:94.25,96.3 1 1
github.com/InsideGallery/pomodoro/pkg/plugins/minigame/game.go:98.2,98.13 1 1
github.com/InsideGallery/pomodoro/pkg/plugins/minigame/game.go:102.33,105.30 2 1
github.com/InsideGallery/pomodoro/pkg/plugins/minigame/game.go:105.30,106.14 1 1
github.com/InsideGallery/pomodoro/pkg/plugins/minigame/game.go:106.14,108.4 1 1
github.com/InsideGallery/pomodoro/pkg/plugins/minigame/game.go:111.2,111.14 1 1
github.com/InsideGallery/pomodoro/pkg/plugins/minigame/game.go:115.43,117.2 1 1
github.com/InsideGallery/pomodoro/pkg/plugins/minigame/game.go:120.34,122.2 1 1
github.com/InsideGallery/pomodoro/pkg/plugins/minigame/game.go:125.55,127.13 2 1
github.com/InsideGallery/pomodoro/pkg/plugins/minigame/game.go:127.13,129.3 1 1
github.com/InsideGallery/pomodoro/pkg/plugins/minigame/game.go:131.2,131.12 1 1
github.com/InsideGallery/pomodoro/pkg/plugins/minigame/scene.go:49.74,57.26 3 0
github.com/InsideGallery/pomodoro/pkg/plugins/minigame/scene.go:57.26,61.53 3 0
github.com/InsideGallery/pomodoro/pkg/plugins/minigame/scene.go:61.53,63.5 1 0
github.com/InsideGallery/pomodoro/pkg/plugins/minigame/scene.go:68.2,68.56 1 0
github.com/InsideGallery/pomodoro/pkg/plugins/minigame/scene.go:68.56,69.16 1 0
github.com/InsideGallery/pomodoro/pkg/plugins/minigame/scene.go:69.16,71.4 1 0
github.com/InsideGallery/pomodoro/pkg/plugins/minigame/scene.go:74.2,74.57 1 0
github.com/InsideGallery/pomodoro/pkg/plugins/minigame/scene.go:74.57,75.42 1 0
github.com/InsideGallery/pomodoro/pkg/plugins/minigame/scene.go:75.42,78.4 2 0
github.com/InsideGallery/pomodoro/pkg/plugins/minigame/scene.go:81.2,81.10 1 0
github.com/InsideGallery/pomodoro/pkg/plugins/minigame/scene.go:84.33,84.53 1 0
github.com/InsideGallery/pomodoro/pkg/plugins/minigame/scene.go:85.33,85.53 1 0
github.com/InsideGallery/pomodoro/pkg/plugins/minigame/scene.go:87.33,91.2 2 0
github.com/InsideGallery/pomodoro/pkg/plugins/minigame/scene.go:93.43,98.2 3 0
github.com/InsideGallery/pomodoro/pkg/plugins/minigame/scene.go:100.30,103.41 2 0
github.com/InsideGallery/pomodoro/pkg/plugins/minigame/scene.go:103.41,108.3 4 0
github.com/InsideGallery/pomodoro/pkg/plugins/minigame/scene.go:110.2,118.12 6 0
github.com/InsideGallery/pomodoro/pkg/plugins/minigame/scene.go:121.32,125.2 2 0
github.com/InsideGallery/pomodoro/pkg/plugins/minigame/scene.go:127.32,128.16 1 0
github.com/InsideGallery/pomodoro/pkg/plugins/minigame/scene.go:128.16,130.49 1 0
github.com/InsideGallery/pomodoro/pkg/plugins/minigame/scene.go:130.49,132.4 1 0
github.com/InsideGallery/pomodoro/pkg/plugins/minigame/scene.go:134.3,134.13 1 0
github.com/InsideGallery/pomodoro/pkg/plugins/minigame/scene.go:137.2,139.24 2 0
github.com/InsideGallery/pomodoro/pkg/plugins/minigame/scene.go:139.24,143.3 2 0
github.com/InsideGallery/pomodoro/pkg/plugins/minigame/scene.go:145.2,145.50 1 0
github.com/InsideGallery/pomodoro/pkg/plugins/minigame/scene.go:145.50,150.3 3 0
github.com/InsideGallery/pomodoro/pkg/plugins/minigame/scene.go:153.2,153.46 1 0
github.com/InsideGallery/pomodoro/pkg/plugins/minigame/scene.go:153.46,155.3 1 0
github.com/InsideGallery/pomodoro/pkg/plugins/minigame/scene.go:158.2,160.35 2 0
github.com/InsideGallery/pomodoro/pkg/plugins/minigame/scene.go:160.35,161.14 1 0
github.com/InsideGallery/pomodoro/pkg/plugins/minigame/scene.go:161.14,163.4 1 0
github.com/InsideGallery/pomodoro/pkg/plugins/minigame/scene.go:166.2,166.43 1 0
github.com/InsideGallery/pomodoro/pkg/plugins/minigame/scene.go:166.43,169.3 2 0
github.com/InsideGallery/pomodoro/pkg/plugins/minigame/scene.go:171.2,171.12 1 0
github.com/InsideGallery/pomodoro/pkg/plugins/minigame/scene.go:174.26,177.2 2 0
github.com/InsideGallery/pomodoro/pkg/plugins/minigame/scene.go:179.32,180.44 1 0
github.com/InsideGallery/pomodoro/pkg/plugins/minigame/scene.go:180.44,183.3 2 0
github.com/InsideGallery/pomodoro/pkg/plugins/minigame/scene.go:187.41,190.43 2 0
github.com/InsideGallery/pomodoro/pkg/plugins/minigame/scene.go:190.43,192.3 1 0
github.com/InsideGallery/pomodoro/pkg/plugins/minigame/scene.go:194.2,194.35 1 0
github.com/InsideGallery/pomodoro/pkg/plugins/minigame/scene.go:194.35,195.15 1 0
github.com/InsideGallery/pomodoro/pkg/plugins/minigame/scene.go:195.15,196.12 1 0
github.com/InsideGallery/pomodoro/pkg/plugins/minigame/scene.go:199.3,204.58 5 0
github.com/InsideGallery/pomodoro/pkg/plugins/minigame/scene.go:204.58,207.12 2 0
github.com/InsideGallery/pomodoro/pkg/plugins/minigame/scene.go:211.3,214.20 1 0
github.com/InsideGallery/pomodoro/pkg/plugins/minigame/scene.go:214.20,218.5 3 0
github.com/InsideGallery/pomodoro/pkg/plugins/minigame/scene.go:223.44,224.16 1 0
github.com/InsideGallery/pomodoro/pkg/plugins/minigame/scene.go:224.16,228.3 2 0
github.com/InsideGallery/pomodoro/pkg/plugins/minigame/scene.go:231.2,231.48 1 0
github.com/InsideGallery/pomodoro/pkg/plugins/minigame/scene.go:231.48,233.22 2 0
github.com/InsideGallery/pomodoro/pkg/plugins/minigame/scene.go:233.22,234.12 1 0
github.com/InsideGallery/pomodoro/pkg/plugins/minigame/scene.go:237.3,239.90 3 0
github.com/InsideGallery/pomodoro/pkg/plugins/minigame/scene.go:242.2,242.19 1 0
github.com/InsideGallery/pomodoro/pkg/plugins/minigame/scene.go:245.68,247.37 2 0
github.com/InsideGallery/pomodoro/pkg/plugins/minigame/scene.go:247.37,249.3 1 0
github.com/InsideGallery/pomodoro/pkg/plugins/minigame/scene.go:251.2,258.13 6 0
github.com/InsideGallery/pomodoro/pkg/plugins/minigame/scene.go:274.44,304.2 21 0
github.com/InsideGallery/pomodoro/pkg/plugins/minigame/scene.go:306.49,324.25 12 0
github.com/InsideGallery/pomodoro/pkg/plugins/minigame/scene.go:324.25,328.3 1 0
github.com/InsideGallery/pomodoro/pkg/plugins/minigame/scene.go:328.8,332.3 1 0
github.com/InsideGallery/pomodoro/pkg/plugins/minigame/scene.go:334.2,346.22 5 0
github.com/InsideGallery/pomodoro/services/pomodoro/internal/modules/settings/scene.go:42.94,49.2 1 0
github.com/InsideGallery/pomodoro/services/pomodoro/internal/modules/settings/scene.go:51.31,51.51 1 0
github.com/InsideGallery/pomodoro/services/pomodoro/internal/modules/settings/scene.go:53.33,57.2 2 0
github.com/InsideGallery/pomodoro/services/pomodoro/internal/modules/settings/scene.go:59.33,61.2 1 0
github.com/InsideGallery/pomodoro/services/pomodoro/internal/modules/settings/scene.go:63.43,76.2 7 0
github.com/InsideGallery/pomodoro/services/pomodoro/internal/modules/settings/scene.go:78.30,81.35 2 0
github.com/InsideGallery/pomodoro/services/pomodoro/internal/modules/settings/scene.go:81.35,85.38 3 0
github.com/InsideGallery/pomodoro/services/pomodoro/internal/modules/settings/scene.go:85.38,87.4 1 0
github.com/InsideGallery/pomodoro/services/pomodoro/internal/modules/settings/scene.go:89.3,90.37 2 0
github.com/InsideGallery/pomodoro/services/pomodoro/internal/modules/settings/scene.go:93.2,100.12 6 0
github.com/InsideGallery/pomodoro/services/pomodoro/internal/modules/settings/scene.go:103.32,103.46 1 0
github.com/InsideGallery/pomodoro/services/pomodoro/internal/modules/settings/scene.go:105.32,106.21 1 0
github.com/InsideGallery/pomodoro/services/pomodoro/internal/modules/settings/scene.go:106.21,110.3 3 0
github.com/InsideGallery/pomodoro/services/pomodoro/internal/modules/settings/scene.go:112.2,112.50 1 0
github.com/InsideGallery/pomodoro/services/pomodoro/internal/modules/settings/scene.go:112.50,117.3 3 0
github.com/InsideGallery/pomodoro/services/pomodoro/internal/modules/settings/scene.go:120.2,120.47 1 0
github.com/InsideGallery/pomodoro/services/pomodoro/internal/modules/settings/scene.go:120.47,122.3 1 0
github.com/InsideGallery/pomodoro/services/pomodoro/internal/modules/settings/scene.go:124.2,126.46 2 0
github.com/InsideGallery/pomodoro/services/pomodoro/internal/modules/settings/scene.go:126.46,128.3 1 0
github.com/InsideGallery/pomodoro/services/pomodoro/internal/modules/settings/scene.go:130.2,130.12 1 0
github.com/InsideGallery/pomodoro/services/pomodoro/internal/modules/settings/scene.go:133.44,142.2 6 0
github.com/InsideGallery/pomodoro/services/pomodoro/internal/modules/settings/scene.go:144.68,146.37 2 0
github.com/InsideGallery/pomodoro/services/pomodoro/internal/modules/settings/scene.go:146.37,148.3 1 0
github.com/InsideGallery/pomodoro/services/pomodoro/internal/modules/settings/scene.go:150.2,155.35 4 0
github.com/InsideGallery/pomodoro/services/pomodoro/internal/modules/settings/scene.go:155.35,162.3 6 0
github.com/InsideGallery/pomodoro/services/pomodoro/internal/modules/settings/scene.go:164.2,164.13 1 0
github.com/InsideGallery/pomodoro/services/pomodoro/internal/modules/settings/scene.go:167.34,170.43 2 0
github.com/InsideGallery/pomodoro/services/pomodoro/internal/modules/settings/scene.go:170.43,172.3 1 0
github.com/InsideGallery/pomodoro/services/pomodoro/internal/modules/settings/scene.go:174.2,188.19 5 0
github.com/InsideGallery/pomodoro/services/pomodoro/internal/modules/settings/scene.go:188.19,191.4 2 0
github.com/InsideGallery/pomodoro/services/pomodoro/internal/modules/settings/scene.go:194.2,194.73 1 0
github.com/InsideGallery/pomodoro/services/pomodoro/internal/modules/settings/scene.go:194.73,196.3 1 0
github.com/InsideGallery/pomodoro/services/pomodoro/internal/modules/settings/scene.go:199.2,202.25 1 0
github.com/InsideGallery/pomodoro/services/pomodoro/internal/modules/settings/scene.go:202.25,202.45 1 0
github.com/InsideGallery/pomodoro/services/pomodoro/internal/modules/settings/scene.go:206.2,221.26 12 0
github.com/InsideGallery/pomodoro/services/pomodoro/internal/modules/settings/scene.go:221.26,221.63 1 0
github.com/InsideGallery/pomodoro/services/pomodoro/internal/modules/settings/scene.go:222.19,226.4 3 0
github.com/InsideGallery/pomodoro/services/pomodoro/internal/modules/settings/scene.go:227.2,230.26 2 0
github.com/InsideGallery/pomodoro/services/pomodoro/internal/modules/settings/scene.go:230.26,230.63 1 0
github.com/InsideGallery/pomodoro/services/pomodoro/internal/modules/settings/scene.go:231.19,235.4 3 0
github.com/InsideGallery/pomodoro/services/pomodoro/internal/modules/settings/scene.go:236.2,239.26 2 0
github.com/InsideGallery/pomodoro/services/pomodoro/internal/modules/settings/scene.go:239.26,239.63 1 0
github.com/InsideGallery/pomodoro/services/pomodoro/internal/modules/settings/scene.go:240.19,244.4 3 0
github.com/InsideGallery/pomodoro/services/pomodoro/internal/modules/settings/scene.go:245.2,248.26 2 0
github.com/InsideGallery/pomodoro/services/pomodoro/internal/modules/settings/scene.go:248.26,248.59 1 0
github.com/InsideGallery/pomodoro/services/pomodoro/internal/modules/settings/scene.go:249.19,253.4 3 0
github.com/InsideGallery/pomodoro/services/pomodoro/internal/modules/settings/scene.go:254.2,262.19 4 0
github.com/InsideGallery/pomodoro/services/pomodoro/internal/modules/settings/scene.go:262.19,266.4 3 0
[...]
github.com/InsideGallery/pomodoro/services/pomodoro/internal/audio/audio.go:90.19,93.3 2 0
github.com/InsideGallery/pomodoro/services/pomodoro/internal/audio/audio.go:96.32,100.54 3 0
github.com/InsideGallery/pomodoro/services/pomodoro/internal/audio/audio.go:100.54,102.3 1 0
github.com/InsideGallery/pomodoro/services/pomodoro/internal/audio/audio.go:105.2,105.45 1 0
github.com/InsideGallery/pomodoro/services/pomodoro/internal/audio/audio.go:105.45,108.3 2 0
github.com/InsideGallery/pomodoro/services/pomodoro/internal/audio/audio.go:111.31,115.20 3 0
github.com/InsideGallery/pomodoro/services/pomodoro/internal/audio/audio.go:115.20,117.3 1 0
github.com/InsideGallery/pomodoro/services/pomodoro/internal/audio/audio.go:119.2,121.16 3 0
github.com/InsideGallery/pomodoro/services/pomodoro/internal/audio/audio.go:124.44,129.19 4 0
github.com/InsideGallery/pomodoro/services/pomodoro/internal/audio/audio.go:129.19,131.3 1 0
github.com/InsideGallery/pomodoro/services/pomodoro/internal/audio/audio.go:134.45,139.20 4 0
github.com/InsideGallery/pomodoro/services/pomodoro/internal/audio/audio.go:139.20,141.3 1 0
github.com/InsideGallery/pomodoro/services/pomodoro/internal/audio/audio.go:144.48,149.53 4 0
github.com/InsideGallery/pomodoro/services/pomodoro/internal/audio/audio.go:149.53,151.3 1 0
github.com/InsideGallery/pomodoro/services/pomodoro/internal/audio/audio.go:154.40,159.2 3 0
github.com/InsideGallery/pomodoro/services/pomodoro/internal/audio/audio.go:161.41,166.2 3 0
github.com/InsideGallery/pomodoro/services/pomodoro/internal/audio/audio.go:168.38,173.2 3 0
github.com/InsideGallery/pomodoro/services/pomodoro/internal/audio/audio.go:175.39,176.12 1 0
github.com/InsideGallery/pomodoro/services/pomodoro/internal/audio/audio.go:176.12,178.3 1 0
github.com/InsideGallery/pomodoro/services/pomodoro/internal/audio/audio.go:180.2,180.12 1 0
github.com/InsideGallery/pomodoro/services/pomodoro/internal/audio/audio.go:180.12,182.3 1 0
github.com/InsideGallery/pomodoro/services/pomodoro/internal/audio/audio.go:184.2,184.10 1 0
github.com/InsideGallery/pomodoro/services/pomodoro/internal/modules/mini/scene.go:42.58,47.2 1 0
github.com/InsideGallery/pomodoro/services/pomodoro/internal/modules/mini/scene.go:49.31,49.51 1 0
github.com/InsideGallery/pomodoro/services/pomodoro/internal/modules/mini/scene.go:51.43,53.2 1 0
github.com/InsideGallery/pomodoro/services/pomodoro/internal/modules/mini/scene.go:55.30,60.2 3 0
github.com/InsideGallery/pomodoro/services/pomodoro/internal/modules/mini/scene.go:62.32,66.2 2 0
github.com/InsideGallery/pomodoro/services/pomodoro/internal/modules/mini/scene.go:68.32,69.50 1 0
github.com/InsideGallery/pomodoro/services/pomodoro/internal/modules/mini/scene.go:69.50,73.3 2 0
github.com/InsideGallery/pomodoro/services/pomodoro/internal/modules/mini/scene.go:75.2,75.64 1 0
github.com/InsideGallery/pomodoro/services/pomodoro/internal/modules/mini/scene.go:75.64,78.33 2 0
github.com/InsideGallery/pomodoro/services/pomodoro/internal/modules/mini/scene.go:78.33,82.4 2 0
github.com/InsideGallery/pomodoro/services/pomodoro/internal/modules/mini/scene.go:84.3,84.43 1 0
github.com/InsideGallery/pomodoro/services/pomodoro/internal/modules/mini/scene.go:84.43,85.47 1 0
github.com/InsideGallery/pomodoro/services/pomodoro/internal/modules/mini/scene.go:85.47,87.5 1 0
github.com/InsideGallery/pomodoro/services/pomodoro/internal/modules/mini/scene.go:91.2,91.12 1 0
github.com/InsideGallery/pomodoro/services/pomodoro/internal/modules/mini/scene.go:94.44,109.48 10 0
github.com/InsideGallery/pomodoro/services/pomodoro/internal/modules/mini/scene.go:109.48,111.3 1 0
github.com/InsideGallery/pomodoro/services/pomodoro/internal/modules/mini/scene.go:111.8,113.3 1 0
github.com/InsideGallery/pomodoro/services/pomodoro/internal/modules/mini/scene.go:116.2,117.20 2 0
github.com/InsideGallery/pomodoro/services/pomodoro/internal/modules/mini/scene.go:117.20,119.3 1 0
github.com/InsideGallery/pomodoro/services/pomodoro/internal/modules/mini/scene.go:121.2,121.13 1 0
github.com/InsideGallery/pomodoro/services/pomodoro/internal/modules/mini/scene.go:121.13,123.3 1 0
github.com/InsideGallery/pomodoro/services/pomodoro/internal/modules/mini/scene.go:125.2,142.84 13 0
github.com/InsideGallery/pomodoro/services/pomodoro/internal/modules/mini/scene.go:145.68,147.37 2 0
github.com/InsideGallery/pomodoro/services/pomodoro/internal/modules/mini/scene.go:147.37,149.3 1 0
github.com/InsideGallery/pomodoro/services/pomodoro/internal/modules/mini/scene.go:151.2,158.13 6 0
github.com/InsideGallery/pomodoro/services/pomodoro/internal/modules/timer/systems/keyboard.go:17.58,18.74 1 0
github.com/InsideGallery/pomodoro/services/pomodoro/internal/modules/timer/systems/keyboard.go:18.74,20.3 1 0
github.com/InsideGallery/pomodoro/services/pomodoro/internal/modules/timer/systems/keyboard.go:22.2,22.65 1 0
github.com/InsideGallery/pomodoro/services/pomodoro/internal/modules/timer/systems/keyboard.go:22.65,24.3 1 0
github.com/InsideGallery/pomodoro/services/pomodoro/internal/modules/timer/systems/keyboard.go:26.2,26.68 1 0
github.com/InsideGallery/pomodoro/services/pomodoro/internal/modules/timer/systems/keyboard.go:26.68,28.3 1 0
github.com/InsideGallery/pomodoro/services/pomodoro/internal/modules/timer/systems/keyboard.go:30.2,30.12 1 0
github.com/InsideGallery/pomodoro/services/pomodoro/internal/modules/timer/systems/keyboard.go:33.68,33.69 0 0
github.com/InsideGallery/pomodoro/services/pomodoro/internal/modules/timer/systems/render.go:25.56,29.2 2 0
github.com/InsideGallery/pomodoro/services/pomodoro/internal/modules/timer/systems/render.go:31.70,44.44 9 0
github.com/InsideGallery/pomodoro/services/pomodoro/internal/modules/timer/systems/render.go:44.44,46.10 2 0
github.com/InsideGallery/pomodoro/services/pomodoro/internal/modules/timer/systems/render.go:46.10,47.12 1 0
github.com/InsideGallery/pomodoro/services/pomodoro/internal/modules/timer/systems/render.go:50.3,51.16 2 0
github.com/InsideGallery/pomodoro/services/pomodoro/internal/modules/timer/systems/render.go:51.16,53.4 1 0
github.com/InsideGallery/pomodoro/services/pomodoro/internal/modules/timer/systems/render.go:55.3,58.24 3 0
github.com/InsideGallery/pomodoro/services/pomodoro/internal/modules/timer/systems/render.go:58.24,59.98 1 0
github.com/InsideGallery/pomodoro/services/pomodoro/internal/modules/timer/systems/render.go:59.98,61.5 1 0
github.com/InsideGallery/pomodoro/services/pomodoro/internal/modules/timer/systems/render.go:62.9,62.44 1 0
github.com/InsideGallery/pomodoro/services/pomodoro/internal/modules/timer/systems/render.go:62.44,68.4 4 0
github.com/InsideGallery/pomodoro/services/pomodoro/internal/modules/timer/systems/render.go:72.2,72.43 1 0
github.com/InsideGallery/pomodoro/services/pomodoro/internal/modules/timer/systems/render.go:72.43,74.10 2 0
github.com/InsideGallery/pomodoro/services/pomodoro/internal/modules/timer/systems/render.go:74.10,75.12 1 0
github.com/InsideGallery/pomodoro/services/pomodoro/internal/modules/timer/systems/render.go:78.3,82.19 4 0
github.com/InsideGallery/pomodoro/services/pomodoro/internal/modules/timer/systems/render.go:82.19,96.4 8 0
github.com/InsideGallery/pomodoro/services/pomodoro/internal/modules/timer/systems/render.go:100.2,100.47 1 0
github.com/InsideGallery/pomodoro/services/pomodoro/internal/modules/timer/systems/render.go:100.47,102.10 2 0
github.com/InsideGallery/pomodoro/services/pomodoro/internal/modules/timer/systems/render.go:102.10,103.12 1 0
github.com/InsideGallery/pomodoro/services/pomodoro/internal/modules/timer/systems/render.go:106.3,106.20 1 0
github.com/InsideGallery/pomodoro/services/pomodoro/internal/modules/timer/systems/render.go:106.20,108.4 1 0
github.com/InsideGallery/pomodoro/services/pomodoro/internal/modules/timer/systems/render.go:112.2,112.47 1 0
github.com/InsideGallery/pomodoro/services/pomodoro/internal/modules/timer/systems/render.go:112.47,114.10 2 0
github.com/InsideGallery/pomodoro/services/pomodoro/internal/modules/timer/systems/render.go:114.10,115.12 1 0
github.com/InsideGallery/pomodoro/services/pomodoro/internal/modules/timer/systems/render.go:118.3,119.14 2 0
github.com/InsideGallery/pomodoro/services/pomodoro/internal/modules/timer/systems/render.go:119.14,121.4 1 0
github.com/InsideGallery/pomodoro/services/pomodoro/internal/modules/timer/systems/render.go:123.3,128.20 5 0
github.com/InsideGallery/pomodoro/services/pomodoro/internal/modules/timer/systems/render.go:128.20,131.4 2 0
github.com/InsideGallery/pomodoro/services/pomodoro/internal/modules/timer/systems/render.go:135.2,135.40 1 0
github.com/InsideGallery/pomodoro/services/pomodoro/internal/modules/timer/systems/render.go:135.40,137.10 2 0
github.com/InsideGallery/pomodoro/services/pomodoro/internal/modules/timer/systems/render.go:137.10,138.12 1 0
github.com/InsideGallery/pomodoro/services/pomodoro/internal/modules/timer/systems/render.go:141.3,142.37 2 0
github.com/InsideGallery/pomodoro/services/pomodoro/internal/modules/timer/systems/render.go:142.37,144.4 1 0
github.com/InsideGallery/pomodoro/services/pomodoro/internal/modules/timer/systems/render.go:148.2,148.46 1 0
github.com/InsideGallery/pomodoro/services/pomodoro/internal/modules/timer/systems/render.go:148.46,150.10 2 0
github.com/InsideGallery/pomodoro/services/pomodoro/internal/modules/timer/systems/render.go:150.10,151.12 1 0
github.com/InsideGallery/pomodoro/services/pomodoro/internal/modules/timer/systems/render.go:154.3,154.27 1 0
github.com/InsideGallery/pomodoro/services/pomodoro/internal/modules/timer/systems/render.go:158.82,162.16 3 0
github.com/InsideGallery/pomodoro/services/pomodoro/internal/modules/timer/systems/render.go:162.16,164.3 1 0
github.com/InsideGallery/pomodoro/services/pomodoro/internal/modules/timer/systems/render.go:166.2,172.23 6 0
github.com/InsideGallery/pomodoro/services/pomodoro/internal/modules/timer/systems/render.go:172.23,175.20 2 0
github.com/InsideGallery/pomodoro/services/pomodoro/internal/modules/timer/systems/render.go:175.20,177.4 1 0
github.com/InsideGallery/pomodoro/services/pomodoro/internal/modules/timer/systems/render.go:177.9,179.4 1 0
github.com/InsideGallery/pomodoro/services/pomodoro/internal/modules/timer/systems/render.go:183.44,184.44 1 0
github.com/InsideGallery/pomodoro/services/pomodoro/internal/modules/timer/systems/render.go:184.44,186.27 2 0
github.com/InsideGallery/pomodoro/services/pomodoro/internal/modules/timer/systems/render.go:186.27,187.12 1 0
github.com/InsideGallery/pomodoro/services/pomodoro/internal/modules/timer/systems/render.go:191.3,191.18 1 0
github.com/InsideGallery/pomodoro/services/pomodoro/internal/modules/timer/systems/render.go:192.44,192.44 0 0
github.com/InsideGallery/pomodoro/services/pomodoro/internal/modules/timer/systems/render.go:193.11,194.26 1 0
github.com/InsideGallery/pomodoro/services/pomodoro/internal/modules/timer/systems/render.go:194.26,195.13 1 0
github.com/InsideGallery/pomodoro/services/pomodoro/internal/modules/timer/systems/render.go:199.3,201.16 2 0
github.com/InsideGallery/pomodoro/services/pomodoro/internal/modules/timer/systems/render.go:202.24,205.19 2 0
github.com/InsideGallery/pomodoro/services/pomodoro/internal/modules/timer/systems/render.go:206.48,210.36 4 0
github.com/InsideGallery/pomodoro/services/pomodoro/internal/modules/timer/systems/render.go:211.12,215.36 4 0
github.com/InsideGallery/pomodoro/services/pomodoro/internal/modules/timer/systems/render.go:217.26,221.35 4 0
github.com/InsideGallery/pomodoro/services/pomodoro/internal/modules/timer/systems/render.go:222.11,226.37 4 0
github.com/InsideGallery/pomodoro/services/pomodoro/internal/modules/timer/systems/render.go:231.67,232.12 1 0
github.com/InsideGallery/pomodoro/services/pomodoro/internal/modules/timer/systems/render.go:233.24,234.29 1 0
github.com/InsideGallery/pomodoro/services/pomodoro/internal/modules/timer/systems/render.go:235.24,236.29 1 0
github.com/InsideGallery/pomodoro/services/pomodoro/internal/modules/timer/systems/render.go:237.28,238.30 1 0
github.com/InsideGallery/pomodoro/services/pomodoro/internal/modules/timer/systems/render.go:239.10,240.28 1 0
github.com/InsideGallery/pomodoro/services/pomodoro/internal/modules/timer/systems/render.go:244.84,245.12 1 0
github.com/InsideGallery/pomodoro/services/pomodoro/internal/modules/timer/systems/render.go:246.24,247.51 1 0
github.com/InsideGallery/pomodoro/services/pomodoro/internal/modules/timer/systems/render.go:248.46,249.51 1 0
github.com/InsideGallery/pomodoro/services/pomodoro/internal/modules/timer/systems/render.go:250.10,251.51 1 0
github.com/InsideGallery/pomodoro/services/pomodoro/internal/modules/timer/systems/tick.go:22.54,29.77 5 0
github.com/InsideGallery/pomodoro/services/pomodoro/internal/modules/timer/systems/tick.go:29.77,31.3 1 0
github.com/InsideGallery/pomodoro/services/pomodoro/internal/modules/timer/systems/tick.go:33.2,33.44 1 0
github.com/InsideGallery/pomodoro/services/pomodoro/internal/modules/timer/systems/tick.go:33.44,34.28 1 0
github.com/InsideGallery/pomodoro/services/pomodoro/internal/modules/timer/systems/tick.go:34.28,36.4 1 0
github.com/InsideGallery/pomodoro/services/pomodoro/internal/modules/timer/systems/tick.go:38.3,38.23 1 0
github.com/InsideGallery/pomodoro/services/pomodoro/internal/modules/timer/systems/tick.go:41.2,41.26 1 0
github.com/InsideGallery/pomodoro/services/pomodoro/internal/modules/timer/systems/tick.go:41.26,43.3 1 0
github.com/InsideGallery/pomodoro/services/pomodoro/internal/modules/timer/systems/tick.go:45.2,45.12 1 0
github.com/InsideGallery/pomodoro/services/pomodoro/internal/modules/timer/systems/tick.go:48.64,48.65 0 0
github.com/InsideGallery/pomodoro/services/pomodoro/internal/modules/timer/systems/tick.go:50.37,53.23 2 0
github.com/InsideGallery/pomodoro/services/pomodoro/internal/modules/timer/systems/tick.go:54.23,58.21 3 0
github.com/InsideGallery/pomodoro/services/pomodoro/internal/modules/timer/systems/tick.go:58.21,60.4 1 0
github.com/InsideGallery/pomodoro/services/pomodoro/internal/modules/timer/systems/tick.go:61.25,65.21 3 0
github.com/InsideGallery/pomodoro/services/pomodoro/internal/modules/timer/systems/tick.go:65.21,67.4 1 0
github.com/InsideGallery/pomodoro/services/pomodoro/internal/modules/timer/systems/tick.go:68.10,72.21 3 0
github.com/InsideGallery/pomodoro/services/pomodoro/internal/modules/timer/systems/tick.go:72.21,74.4 1 0
github.com/InsideGallery/pomodoro/services/pomodoro/internal/modules/timer/systems/tick.go:77.2,77.15 1 0
github.com/InsideGallery/pomodoro/services/pomodoro/internal/modules/timer/systems/tick.go:80.32,84.20 3 0
github.com/InsideGallery/pomodoro/services/pomodoro/internal/modules/timer/systems/tick.go:84.20,86.3 1 0
github.com/InsideGallery/pomodoro/services/pomodoro/internal/modules/timer/systems/tick.go:88.2,88.15 1 0
github.com/InsideGallery/pomodoro/services/pomodoro/internal/modules/timer/systems/tick.go:91.31,95.31 3 0
github.com/InsideGallery/pomodoro/services/pomodoro/internal/modules/timer/systems/tick.go:95.31,98.21 2 0
github.com/InsideGallery/pomodoro/services/pomodoro/internal/modules/timer/systems/tick.go:98.21,100.4 1 0
github.com/InsideGallery/pomodoro/services/pomodoro/internal/modules/timer/systems/tick.go:101.8,101.27 1 0
github.com/InsideGallery/pomodoro/services/pomodoro/internal/modules/timer/systems/tick.go:101.27,103.3 1 0
github.com/InsideGallery/pomodoro/services/pomodoro/internal/modules/timer/systems/tick.go:105.2,105.15 1 0
github.com/InsideGallery/pomodoro/services/pomodoro/internal/modules/timer/systems/tick.go:108.68,111.12 2 0
github.com/InsideGallery/pomodoro/services/pomodoro/internal/modules/timer/systems/tick.go:112.24,113.25 1 0
github.com/InsideGallery/pomodoro/services/pomodoro/internal/modules/timer/systems/tick.go:114.24,115.25 1 0
github.com/InsideGallery/pomodoro/services/pomodoro/internal/modules/timer/systems/tick.go:116.28,117.29 1 0
github.com/InsideGallery/pomodoro/services/pomodoro/internal/modules/timer/systems/tick.go:118.10,119.9 1 0
github.com/InsideGallery/pomodoro/services/pomodoro/internal/modules/timer/systems/tick.go:122.2,122.67 1 0
github.com/InsideGallery/pomodoro/services/pomodoro/internal/modules/timer/systems/tick.go:125.55,128.12 2 0
github.com/InsideGallery/pomodoro/services/pomodoro/internal/modules/timer/systems/tick.go:129.24,130.27 1 0
github.com/InsideGallery/pomodoro/services/pomodoro/internal/modules/timer/systems/tick.go:131.24,132.27 1 0
github.com/InsideGallery/pomodoro/services/pomodoro/internal/modules/timer/systems/tick.go:133.28,134.31 1 0
github.com/InsideGallery/pomodoro/services/pomodoro/internal/modules/timer/systems/tick.go:135.10,136.9 1 0
github.com/InsideGallery/pomodoro/services/pomodoro/internal/modules/timer/systems/tick.go:139.2,139.69 1 0
github.com/InsideGallery/pomodoro/services/pomodoro/internal/tray/icon.go:12.56,19.28 5 0
github.com/InsideGallery/pomodoro/services/pomodoro/internal/tray/icon.go:19.28,20.29 1 0
github.com/InsideGallery/pomodoro/services/pomodoro/internal/tray/icon.go:20.29,25.17 4 0
github.com/InsideGallery/pomodoro/services/pomodoro/internal/tray/icon.go:25.17,26.20 1 0
github.com/InsideGallery/pomodoro/services/pomodoro/internal/tray/icon.go:26.20,28.6 1 0
github.com/InsideGallery/pomodoro/services/pomodoro/internal/tray/icon.go:28.11,30.6 1 0
github.com/InsideGallery/pomodoro/services/pomodoro/internal/tray/icon.go:36.2,36.34 1 0
github.com/InsideGallery/pomodoro/services/pomodoro/internal/tray/icon.go:36.34,40.27 3 0
github.com/InsideGallery/pomodoro/services/pomodoro/internal/tray/icon.go:40.27,43.19 2 0
github.com/InsideGallery/pomodoro/services/pomodoro/internal/tray/icon.go:43.19,45.5 1 0
github.com/InsideGallery/pomodoro/services/pomodoro/internal/tray/icon.go:49.2,51.46 2 0
github.com/InsideGallery/pomodoro/services/pomodoro/internal/tray/icon.go:51.46,53.3 1 0
github.com/InsideGallery/pomodoro/services/pomodoro/internal/tray/icon.go:55.2,55.20 1 0
github.com/InsideGallery/pomodoro/services/pomodoro/internal/tray/tray.go:31.27,33.2 1 0
github.com/InsideGallery/pomodoro/services/pomodoro/internal/tray/tray.go:36.30,39.11 2 0
github.com/InsideGallery/pomodoro/services/pomodoro/internal/tray/tray.go:39.11,41.3 1 0
github.com/InsideGallery/pomodoro/services/pomodoro/internal/tray/tray.go:46.48,53.11 4 0
github.com/InsideGallery/pomodoro/services/pomodoro/internal/tray/tray.go:53.11,56.13 2 0
github.com/InsideGallery/pomodoro/services/pomodoro/internal/tray/tray.go:56.13,57.27 1 0
github.com/InsideGallery/pomodoro/services/pomodoro/internal/tray/tray.go:57.27,59.5 1 0
github.com/InsideGallery/pomodoro/services/pomodoro/internal/tray/tray.go:65.12,67.2 1 0
github.com/InsideGallery/pomodoro/services/pomodoro/internal/tray/tray.go:70.13,72.2 1 0
github.com/InsideGallery/pomodoro/services/pomodoro/internal/tray/tray.go:74.16,77.19 2 0
github.com/InsideGallery/pomodoro/services/pomodoro/internal/tray/tray.go:77.19,79.3 1 0
github.com/InsideGallery/pomodoro/services/pomodoro/internal/tray/tray.go:81.2,94.29 9 0
github.com/InsideGallery/pomodoro/services/pomodoro/internal/tray/tray.go:94.29,97.3 2 0
github.com/InsideGallery/pomodoro/services/pomodoro/internal/tray/tray.go:99.2,103.12 3 0
github.com/InsideGallery/pomodoro/services/pomodoro/internal/tray/tray.go:103.12,104.7 1 0
github.com/InsideGallery/pomodoro/services/pomodoro/internal/tray/tray.go:104.7,105.11 1 0
github.com/InsideGallery/pomodoro/services/pomodoro/internal/tray/tray.go:106.27,107.27 1 0
github.com/InsideGallery/pomodoro/services/pomodoro/internal/tray/tray.go:108.27,109.27 1 0
github.com/InsideGallery/pomodoro/services/pomodoro/internal/tray/tray.go:115.2,115.33 1 0
github.com/InsideGallery/pomodoro/services/pomodoro/internal/tray/tray.go:115.33,118.28 2 0
github.com/InsideGallery/pomodoro/services/pomodoro/internal/tray/tray.go:118.28,119.16 1 0
github.com/InsideGallery/pomodoro/services/pomodoro/internal/tray/tray.go:119.16,121.5 1 0
github.com/InsideGallery/pomodoro/services/pomodoro/internal/tray/tray.go:126.16,126.17 0 0
